  [1m[35m (8023.4ms)[0m  [1m[35mCREATE DATABASE "first_routes_and_controllers_development" ENCODING = 'unicode'[0m
  ↳ bin/rails:9
  [1m[35m (3663.0ms)[0m  [1m[35mCREATE DATABASE "first_routes_and_controllers_test" ENCODING = 'unicode'[0m
  ↳ bin/rails:9
Started GET "/" for ::1 at 2022-02-02 14:43:45 -0800
Processing by Rails::WelcomeController#index as HTML
  Rendering /home/shhmabbey/.rbenv/versions/2.5.1/lib/ruby/gems/2.5.0/gems/railties-5.2.6/lib/rails/templates/rails/welcome/index.html.erb
  Rendered /home/shhmabbey/.rbenv/versions/2.5.1/lib/ruby/gems/2.5.0/gems/railties-5.2.6/lib/rails/templates/rails/welcome/index.html.erb (27.4ms)
Completed 200 OK in 146ms (Views: 78.6ms | ActiveRecord: 0.0ms)


Started GET "/" for ::1 at 2022-02-02 14:56:02 -0800
Processing by Rails::WelcomeController#index as HTML
  Rendering /Users/justinnguyen/.rbenv/versions/2.5.8/lib/ruby/gems/2.5.0/gems/railties-5.2.6/lib/rails/templates/rails/welcome/index.html.erb
  Rendered /Users/justinnguyen/.rbenv/versions/2.5.8/lib/ruby/gems/2.5.0/gems/railties-5.2.6/lib/rails/templates/rails/welcome/index.html.erb (3.7ms)
Completed 200 OK in 24ms (Views: 12.5ms | ActiveRecord: 0.0ms)


Started GET "/users" for ::1 at 2022-02-02 15:09:49 -0800
Processing by UsersController#index as */*
Completed 500 Internal Server Error in 9ms (ActiveRecord: 0.0ms)


  
NameError (uninitialized constant UsersController::User):
  
app/controllers/users_controller.rb:3:in `index'
Started GET "/users" for ::1 at 2022-02-02 15:14:43 -0800
  
ActionController::RoutingError (No route matches [GET] "/users"):
  
actionpack (5.2.6) lib/action_dispatch/middleware/debug_exceptions.rb:65:in `call'
web-console (3.7.0) lib/web_console/middleware.rb:135:in `call_app'
web-console (3.7.0) lib/web_console/middleware.rb:30:in `block in call'
web-console (3.7.0) lib/web_console/middleware.rb:20:in `catch'
web-console (3.7.0) lib/web_console/middleware.rb:20:in `call'
actionpack (5.2.6) lib/action_dispatch/middleware/show_exceptions.rb:33:in `call'
railties (5.2.6) lib/rails/rack/logger.rb:38:in `call_app'
railties (5.2.6) lib/rails/rack/logger.rb:26:in `block in call'
activesupport (5.2.6) lib/active_support/tagged_logging.rb:71:in `block in tagged'
activesupport (5.2.6) lib/active_support/tagged_logging.rb:28:in `tagged'
activesupport (5.2.6) lib/active_support/tagged_logging.rb:71:in `tagged'
railties (5.2.6) lib/rails/rack/logger.rb:26:in `call'
sprockets-rails (3.4.2) lib/sprockets/rails/quiet_assets.rb:13:in `call'
actionpack (5.2.6) lib/action_dispatch/middleware/remote_ip.rb:81:in `call'
actionpack (5.2.6) lib/action_dispatch/middleware/request_id.rb:27:in `call'
rack (2.2.3) lib/rack/method_override.rb:24:in `call'
rack (2.2.3) lib/rack/runtime.rb:22:in `call'
activesupport (5.2.6) lib/active_support/cache/strategy/local_cache_middleware.rb:29:in `call'
actionpack (5.2.6) lib/action_dispatch/middleware/executor.rb:14:in `call'
actionpack (5.2.6) lib/action_dispatch/middleware/static.rb:127:in `call'
rack (2.2.3) lib/rack/sendfile.rb:110:in `call'
railties (5.2.6) lib/rails/engine.rb:524:in `call'
puma (3.12.6) lib/puma/configuration.rb:227:in `call'
puma (3.12.6) lib/puma/server.rb:706:in `handle_request'
puma (3.12.6) lib/puma/server.rb:476:in `process_client'
puma (3.12.6) lib/puma/server.rb:334:in `block in run'
puma (3.12.6) lib/puma/thread_pool.rb:135:in `block in spawn_thread'
Started GET "/users" for ::1 at 2022-02-02 15:20:25 -0800
Processing by UsersController#index as */*
Completed 500 Internal Server Error in 9ms (ActiveRecord: 0.0ms)


  
NameError (uninitialized constant UsersController::User):
  
app/controllers/users_controller.rb:3:in `index'
Started GET "/users" for ::1 at 2022-02-02 15:22:14 -0800
Processing by UsersController#index as */*
  Rendering text template
  Rendered text template (0.0ms)
Completed 200 OK in 3ms (Views: 2.4ms | ActiveRecord: 0.0ms)


Started GET "/users?fav_show=blackmirror" for ::1 at 2022-02-02 15:24:29 -0800
Processing by UsersController#index as */*
  Parameters: {"fav_show"=>"blackmirror"}
  Rendering text template
  Rendered text template (0.0ms)
Completed 200 OK in 1ms (Views: 0.5ms | ActiveRecord: 0.0ms)


Started GET "/users?admin=true" for ::1 at 2022-02-02 15:24:50 -0800
Processing by UsersController#index as */*
  Parameters: {"admin"=>"true"}
  Rendering text template
  Rendered text template (0.0ms)
Completed 200 OK in 1ms (Views: 0.7ms | ActiveRecord: 0.0ms)


Started POST "/users?admin=true" for ::1 at 2022-02-02 15:27:00 -0800
Processing by UsersController#create as */*
  Parameters: {"fav_color"=>"red", "admin"=>"true"}
Completed 500 Internal Server Error in 1ms (ActiveRecord: 0.0ms)


  
NameError (uninitialized constant UsersController::User):
  
app/controllers/users_controller.rb:23:in `create'
Started POST "/" for ::1 at 2022-02-02 15:27:12 -0800
  
ActionController::RoutingError (No route matches [POST] "/"):
  
actionpack (5.2.6) lib/action_dispatch/middleware/debug_exceptions.rb:65:in `call'
web-console (3.7.0) lib/web_console/middleware.rb:135:in `call_app'
web-console (3.7.0) lib/web_console/middleware.rb:30:in `block in call'
web-console (3.7.0) lib/web_console/middleware.rb:20:in `catch'
web-console (3.7.0) lib/web_console/middleware.rb:20:in `call'
actionpack (5.2.6) lib/action_dispatch/middleware/show_exceptions.rb:33:in `call'
railties (5.2.6) lib/rails/rack/logger.rb:38:in `call_app'
railties (5.2.6) lib/rails/rack/logger.rb:26:in `block in call'
activesupport (5.2.6) lib/active_support/tagged_logging.rb:71:in `block in tagged'
activesupport (5.2.6) lib/active_support/tagged_logging.rb:28:in `tagged'
activesupport (5.2.6) lib/active_support/tagged_logging.rb:71:in `tagged'
railties (5.2.6) lib/rails/rack/logger.rb:26:in `call'
sprockets-rails (3.4.2) lib/sprockets/rails/quiet_assets.rb:13:in `call'
actionpack (5.2.6) lib/action_dispatch/middleware/remote_ip.rb:81:in `call'
actionpack (5.2.6) lib/action_dispatch/middleware/request_id.rb:27:in `call'
rack (2.2.3) lib/rack/method_override.rb:24:in `call'
rack (2.2.3) lib/rack/runtime.rb:22:in `call'
activesupport (5.2.6) lib/active_support/cache/strategy/local_cache_middleware.rb:29:in `call'
actionpack (5.2.6) lib/action_dispatch/middleware/executor.rb:14:in `call'
actionpack (5.2.6) lib/action_dispatch/middleware/static.rb:127:in `call'
rack (2.2.3) lib/rack/sendfile.rb:110:in `call'
railties (5.2.6) lib/rails/engine.rb:524:in `call'
puma (3.12.6) lib/puma/configuration.rb:227:in `call'
puma (3.12.6) lib/puma/server.rb:706:in `handle_request'
puma (3.12.6) lib/puma/server.rb:476:in `process_client'
puma (3.12.6) lib/puma/server.rb:334:in `block in run'
puma (3.12.6) lib/puma/thread_pool.rb:135:in `block in spawn_thread'
Started POST "/users" for ::1 at 2022-02-02 15:28:18 -0800
Processing by UsersController#create as */*
  Parameters: {"fav_color"=>"red"}
Completed 500 Internal Server Error in 2ms (ActiveRecord: 0.0ms)


  
NameError (uninitialized constant UsersController::User):
  
app/controllers/users_controller.rb:23:in `create'
Started POST "/users" for ::1 at 2022-02-02 15:29:22 -0800
Processing by UsersController#create as */*
  Parameters: {"fav_color"=>"red"}
Completed 200 OK in 2ms (Views: 1.0ms | ActiveRecord: 0.0ms)


Started GET "/users/4" for ::1 at 2022-02-02 15:37:26 -0800
Processing by UsersController#show as */*
  Parameters: {"fav_color"=>"red", "id"=>"4"}
Completed 500 Internal Server Error in 2ms (ActiveRecord: 0.0ms)


  
NameError (uninitialized constant UsersController::User):
  
app/controllers/users_controller.rb:9:in `show'
Started GET "/users/4" for ::1 at 2022-02-02 15:39:00 -0800
Processing by UsersController#show as */*
  Parameters: {"fav_color"=>"red", "id"=>"4"}
Completed 200 OK in 1ms (Views: 0.2ms | ActiveRecord: 0.0ms)


Started GET "/users/4" for ::1 at 2022-02-02 15:39:36 -0800
Processing by UsersController#show as */*
  Parameters: {"fav_color"=>"red", "id"=>"4"}
Completed 200 OK in 1ms (Views: 0.4ms | ActiveRecord: 0.0ms)


Started GET "/users/" for ::1 at 2022-02-02 16:22:07 -0800
Processing by UsersController#index as */*
  Parameters: {"users"=>{"a_key"=>"'another value", "a_second_key"=>"pizza", "inner_inner_hash"=>{"key"=>"value"}}, "something_else"=>"aaahhhhh"}
  Rendering text template
  Rendered text template (0.0ms)
Completed 200 OK in 94ms (Views: 89.5ms | ActiveRecord: 0.0ms)


Started GET "/users/7" for ::1 at 2022-02-02 16:22:43 -0800
Processing by UsersController#show as */*
  Parameters: {"users"=>{"a_key"=>"'another value", "a_second_key"=>"pizza", "inner_inner_hash"=>{"key"=>"value"}}, "something_else"=>"aaahhhhh", "id"=>"7"}
Completed 200 OK in 1ms (Views: 0.8ms | ActiveRecord: 0.0ms)


Started GET "/users/7" for ::1 at 2022-02-02 16:23:29 -0800
Processing by UsersController#show as */*
  Parameters: {"users"=>{"a_key"=>"'another value", "a_second_key"=>"pizza", "inner_inner_hash"=>{"key"=>"value"}}, "something_else"=>"aaahhhhh", "video"=>{"user_id"=>"66"}, "id"=>"7"}
Completed 200 OK in 1ms (Views: 0.3ms | ActiveRecord: 0.0ms)


Started POST "/users" for ::1 at 2022-02-02 16:24:02 -0800
Processing by UsersController#create as */*
  Parameters: {"users"=>{"a_key"=>"'another value", "a_second_key"=>"pizza", "inner_inner_hash"=>{"key"=>"value"}}, "something_else"=>"aaahhhhh", "video"=>{"user_id"=>"66"}}
Completed 200 OK in 1ms (Views: 0.3ms | ActiveRecord: 0.0ms)


  [1m[35m (586.8ms)[0m  [1m[35mCREATE TABLE "schema_migrations" ("version" character varying NOT NULL PRIMARY KEY)[0m
  ↳ bin/rails:9
  [1m[35m (33.0ms)[0m  [1m[35mCREATE TABLE "ar_internal_metadata" ("key" character varying NOT NULL PRIMARY KEY, "value" character varying, "created_at" timestamp NOT NULL, "updated_at" timestamp NOT NULL)[0m
  ↳ bin/rails:9
  [1m[35m (1.1ms)[0m  [1m[34mSELECT pg_try_advisory_lock(2711202859307440470)[0m
  ↳ bin/rails:9
  [1m[35m (34.1ms)[0m  [1m[34mSELECT "schema_migrations"."version" FROM "schema_migrations" ORDER BY "schema_migrations"."version" ASC[0m
  ↳ bin/rails:9
Migrating to CreateUsers (20220203002516)
  [1m[35m (0.3ms)[0m  [1m[35mBEGIN[0m
  ↳ bin/rails:9
  [1m[35m (73.7ms)[0m  [1m[35mCREATE TABLE "users" ("id" bigserial primary key, "name" character varying NOT NULL, "email" character varying NOT NULL, "created_at" timestamp NOT NULL, "updated_at" timestamp NOT NULL)[0m
  ↳ db/migrate/20220203002516_create_users.rb:3
  [1m[36mActiveRecord::SchemaMigration Create (4.0ms)[0m  [1m[32mINSERT INTO "schema_migrations" ("version") VALUES ($1) RETURNING "version"[0m  [["version", "20220203002516"]]
  ↳ bin/rails:9
  [1m[35m (6.7ms)[0m  [1m[35mCOMMIT[0m
  ↳ bin/rails:9
  [1m[36mActiveRecord::InternalMetadata Load (18.4ms)[0m  [1m[34mSELECT  "ar_internal_metadata".* FROM "ar_internal_metadata" WHERE "ar_internal_metadata"."key" = $1 LIMIT $2[0m  [["key", "environment"], ["LIMIT", 1]]
  ↳ bin/rails:9
  [1m[35m (0.2ms)[0m  [1m[35mBEGIN[0m
  ↳ bin/rails:9
  [1m[36mActiveRecord::InternalMetadata Create (3.8ms)[0m  [1m[32mINSERT INTO "ar_internal_metadata" ("key", "value", "created_at", "updated_at") VALUES ($1, $2, $3, $4) RETURNING "key"[0m  [["key", "environment"], ["value", "development"], ["created_at", "2022-02-03 00:26:56.659059"], ["updated_at", "2022-02-03 00:26:56.659059"]]
  ↳ bin/rails:9
  [1m[35m (0.6ms)[0m  [1m[35mCOMMIT[0m
  ↳ bin/rails:9
  [1m[35m (0.5ms)[0m  [1m[34mSELECT pg_advisory_unlock(2711202859307440470)[0m
  ↳ bin/rails:9
  [1m[35m (0.6ms)[0m  [1m[34mSELECT "schema_migrations"."version" FROM "schema_migrations" ORDER BY "schema_migrations"."version" ASC[0m
  ↳ bin/rails:9
  [1m[35m (15.7ms)[0m  [1m[34mSELECT "schema_migrations"."version" FROM "schema_migrations" ORDER BY "schema_migrations"."version" ASC[0m
  ↳ bin/rails:9
  [1m[35m (22.4ms)[0m  [1m[34mSELECT "schema_migrations"."version" FROM "schema_migrations" ORDER BY "schema_migrations"."version" ASC[0m
  ↳ bin/rails:9
  [1m[35m (0.6ms)[0m  [1m[34mSELECT "schema_migrations"."version" FROM "schema_migrations" ORDER BY "schema_migrations"."version" ASC[0m
  ↳ bin/rails:9
  [1m[35m (0.5ms)[0m  [1m[34mSELECT "schema_migrations"."version" FROM "schema_migrations" ORDER BY "schema_migrations"."version" ASC[0m
  ↳ bin/rails:9
  [1m[35m (0.2ms)[0m  [1m[34mSELECT pg_try_advisory_lock(2711202859307440470)[0m
  ↳ bin/rails:9
  [1m[35m (0.2ms)[0m  [1m[34mSELECT "schema_migrations"."version" FROM "schema_migrations" ORDER BY "schema_migrations"."version" ASC[0m
  ↳ bin/rails:9
Migrating to CreateUsers (20220203002516)
  [1m[35m (0.2ms)[0m  [1m[35mBEGIN[0m
  ↳ bin/rails:9
  [1m[35m (55.9ms)[0m  [1m[35mDROP TABLE "users"[0m
  ↳ bin/rails:9
  [1m[36mActiveRecord::SchemaMigration Destroy (0.9ms)[0m  [1m[31mDELETE FROM "schema_migrations" WHERE "schema_migrations"."version" = $1[0m  [["version", "20220203002516"]]
  ↳ bin/rails:9
  [1m[35m (57.5ms)[0m  [1m[35mCOMMIT[0m
  ↳ bin/rails:9
  [1m[35m (0.2ms)[0m  [1m[34mSELECT pg_advisory_unlock(2711202859307440470)[0m
  ↳ bin/rails:9
  [1m[35m (0.2ms)[0m  [1m[34mSELECT "schema_migrations"."version" FROM "schema_migrations" ORDER BY "schema_migrations"."version" ASC[0m
  ↳ bin/rails:9
  [1m[35m (0.3ms)[0m  [1m[34mSELECT pg_try_advisory_lock(2711202859307440470)[0m
  ↳ bin/rails:9
  [1m[35m (0.9ms)[0m  [1m[34mSELECT "schema_migrations"."version" FROM "schema_migrations" ORDER BY "schema_migrations"."version" ASC[0m
  ↳ bin/rails:9
Migrating to CreateUsers (20220203002516)
  [1m[35m (0.6ms)[0m  [1m[35mBEGIN[0m
  ↳ bin/rails:9
  [1m[35m (196.2ms)[0m  [1m[35mCREATE TABLE "users" ("id" bigserial primary key, "name" character varying NOT NULL, "email" character varying NOT NULL, "created_at" timestamp NOT NULL, "updated_at" timestamp NOT NULL)[0m
  ↳ db/migrate/20220203002516_create_users.rb:3
  [1m[35m (5.8ms)[0m  [1m[35mCREATE UNIQUE INDEX  "index_users_on_name" ON "users"  ("name")[0m
  ↳ db/migrate/20220203002516_create_users.rb:3
  [1m[35m (4.5ms)[0m  [1m[35mCREATE UNIQUE INDEX  "index_users_on_email" ON "users"  ("email")[0m
  ↳ db/migrate/20220203002516_create_users.rb:3
  [1m[36mActiveRecord::SchemaMigration Create (1.0ms)[0m  [1m[32mINSERT INTO "schema_migrations" ("version") VALUES ($1) RETURNING "version"[0m  [["version", "20220203002516"]]
  ↳ bin/rails:9
  [1m[35m (24.3ms)[0m  [1m[35mCOMMIT[0m
  ↳ bin/rails:9
  [1m[36mActiveRecord::InternalMetadata Load (39.7ms)[0m  [1m[34mSELECT  "ar_internal_metadata".* FROM "ar_internal_metadata" WHERE "ar_internal_metadata"."key" = $1 LIMIT $2[0m  [["key", "environment"], ["LIMIT", 1]]
  ↳ bin/rails:9
  [1m[35m (0.3ms)[0m  [1m[35mBEGIN[0m
  ↳ bin/rails:9
  [1m[35m (0.3ms)[0m  [1m[35mCOMMIT[0m
  ↳ bin/rails:9
  [1m[35m (1.5ms)[0m  [1m[34mSELECT pg_advisory_unlock(2711202859307440470)[0m
  ↳ bin/rails:9
  [1m[35m (1.1ms)[0m  [1m[34mSELECT "schema_migrations"."version" FROM "schema_migrations" ORDER BY "schema_migrations"."version" ASC[0m
  ↳ bin/rails:9
  [1m[35m (0.3ms)[0m  [1m[35mBEGIN[0m
  [1m[36mUser Create (36.9ms)[0m  [1m[32mINSERT INTO "users" ("name", "email", "created_at", "updated_at") VALUES ($1, $2, $3, $4) RETURNING "id"[0m  [["name", "Justin"], ["email", "coool_guy989@gmail.com"], ["created_at", "2022-02-03 00:34:44.300520"], ["updated_at", "2022-02-03 00:34:44.300520"]]
  [1m[35m (14.4ms)[0m  [1m[35mCOMMIT[0m
  [1m[35m (0.2ms)[0m  [1m[35mBEGIN[0m
  [1m[36mUser Create (1.0ms)[0m  [1m[32mINSERT INTO "users" ("name", "email", "created_at", "updated_at") VALUES ($1, $2, $3, $4) RETURNING "id"[0m  [["name", "Abbey"], ["email", "alsocool@gmail.com"], ["created_at", "2022-02-03 00:35:57.512826"], ["updated_at", "2022-02-03 00:35:57.512826"]]
  [1m[35m (2.3ms)[0m  [1m[35mCOMMIT[0m
Started GET "/users" for ::1 at 2022-02-02 16:36:57 -0800
  [1m[35m (29.4ms)[0m  [1m[34mSELECT "schema_migrations"."version" FROM "schema_migrations" ORDER BY "schema_migrations"."version" ASC[0m
  ↳ /home/shhmabbey/.rbenv/versions/2.5.1/lib/ruby/gems/2.5.0/gems/activerecord-5.2.6/lib/active_record/log_subscriber.rb:98
Processing by UsersController#index as */*
  Parameters: {"users"=>{"a_key"=>"'another value", "a_second_key"=>"pizza", "inner_inner_hash"=>{"key"=>"value"}}, "something_else"=>"aaahhhhh", "video"=>{"user_id"=>"66"}}
  Rendering text template
  Rendered text template (0.0ms)
Completed 200 OK in 26ms (Views: 19.8ms | ActiveRecord: 0.0ms)


Started GET "/users" for ::1 at 2022-02-02 16:37:54 -0800
Processing by UsersController#index as */*
  Parameters: {"users"=>{"a_key"=>"'another value", "a_second_key"=>"pizza", "inner_inner_hash"=>{"key"=>"value"}}, "something_else"=>"aaahhhhh", "video"=>{"user_id"=>"66"}}
  [1m[36mUser Load (93.0ms)[0m  [1m[34mSELECT "users".* FROM "users"[0m
  ↳ app/controllers/users_controller.rb:4
Completed 200 OK in 165ms (Views: 47.3ms | ActiveRecord: 106.9ms)


Started POST "/users" for ::1 at 2022-02-02 16:40:51 -0800
Processing by UsersController#create as */*
  Parameters: {"name"=>"Droggo", "email"=>"coolcat@gmail.com"}
Completed 200 OK in 1ms (Views: 0.2ms | ActiveRecord: 0.0ms)


Started GET "/users" for ::1 at 2022-02-02 16:41:05 -0800
Processing by UsersController#index as */*
  Parameters: {"name"=>"Droggo", "email"=>"coolcat@gmail.com"}
  [1m[36mUser Load (0.8ms)[0m  [1m[34mSELECT "users".* FROM "users"[0m
  ↳ app/controllers/users_controller.rb:4
Completed 200 OK in 22ms (Views: 8.9ms | ActiveRecord: 5.8ms)


Started GET "/users" for ::1 at 2022-02-02 16:41:54 -0800
Processing by UsersController#index as */*
  Parameters: {"name"=>"Droggo", "email"=>"coolcat@gmail.com"}
  [1m[36mUser Load (0.4ms)[0m  [1m[34mSELECT "users".* FROM "users"[0m
  ↳ app/controllers/users_controller.rb:4
Completed 200 OK in 71ms (Views: 38.4ms | ActiveRecord: 23.0ms)


Started POST "/users" for ::1 at 2022-02-02 16:41:59 -0800
Processing by UsersController#create as */*
  Parameters: {"name"=>"Droggo", "email"=>"coolcat@gmail.com"}
Completed 400 Bad Request in 5ms (ActiveRecord: 0.0ms)


  
ActionController::ParameterMissing (param is missing or the value is empty: user):
  
app/controllers/users_controller.rb:54:in `user_params'
app/controllers/users_controller.rb:24:in `create'
Started POST "/users" for ::1 at 2022-02-02 16:42:56 -0800
Processing by UsersController#create as */*
  Parameters: {"name"=>"Droggo", "email"=>"coolcat@gmail.com"}
Completed 400 Bad Request in 9ms (ActiveRecord: 0.0ms)


  
ActionController::ParameterMissing (param is missing or the value is empty: user):
  
app/controllers/users_controller.rb:54:in `user_params'
app/controllers/users_controller.rb:24:in `create'
Started POST "/users" for ::1 at 2022-02-02 16:43:24 -0800
Processing by UsersController#create as */*
  Parameters: {"name"=>"Droggo", "email"=>"coolcat@gmail.com"}
Completed 400 Bad Request in 16ms (ActiveRecord: 0.0ms)


  
ActionController::ParameterMissing (param is missing or the value is empty: user):
  
app/controllers/users_controller.rb:54:in `user_params'
app/controllers/users_controller.rb:24:in `create'
Started POST "/users" for ::1 at 2022-02-02 16:43:44 -0800
Processing by UsersController#create as */*
  Parameters: {"name"=>"Droggo", "email"=>"coolcat@gmail.com"}
Completed 400 Bad Request in 7ms (ActiveRecord: 0.0ms)


  
ActionController::ParameterMissing (param is missing or the value is empty: user):
  
app/controllers/users_controller.rb:54:in `user_params'
app/controllers/users_controller.rb:24:in `create'
Started POST "/users" for ::1 at 2022-02-02 16:44:10 -0800
Processing by UsersController#create as */*
  Parameters: {"username"=>"Droggo", "email"=>"coolcat@gmail.com"}
Completed 400 Bad Request in 3ms (ActiveRecord: 0.0ms)


  
ActionController::ParameterMissing (param is missing or the value is empty: user):
  
app/controllers/users_controller.rb:54:in `user_params'
app/controllers/users_controller.rb:24:in `create'
Started POST "/users" for ::1 at 2022-02-02 16:46:48 -0800
Processing by UsersController#create as */*
  Parameters: {"user"=>{"name"=>"Droggo", "email"=>"coolcat@gmail.com"}}
  [1m[35m (0.7ms)[0m  [1m[35mBEGIN[0m
  ↳ app/controllers/users_controller.rb:25
  [1m[36mUser Create (12.6ms)[0m  [1m[32mINSERT INTO "users" ("name", "email", "created_at", "updated_at") VALUES ($1, $2, $3, $4) RETURNING "id"[0m  [["name", "Droggo"], ["email", "coolcat@gmail.com"], ["created_at", "2022-02-03 00:46:49.057814"], ["updated_at", "2022-02-03 00:46:49.057814"]]
  ↳ app/controllers/users_controller.rb:25
  [1m[35m (32.3ms)[0m  [1m[35mCOMMIT[0m
  ↳ app/controllers/users_controller.rb:25
Completed 200 OK in 101ms (Views: 1.5ms | ActiveRecord: 57.9ms)


Started POST "/users" for ::1 at 2022-02-02 16:47:19 -0800
Processing by UsersController#create as */*
  Parameters: {"name"=>"Droggo", "email"=>"coolcat@gmail.com"}
Completed 400 Bad Request in 12ms (ActiveRecord: 0.0ms)


  
ActionController::ParameterMissing (param is missing or the value is empty: user):
  
app/controllers/users_controller.rb:54:in `user_params'
app/controllers/users_controller.rb:24:in `create'
Started POST "/users" for ::1 at 2022-02-02 16:47:38 -0800
Processing by UsersController#create as */*
  Parameters: {"user"=>{"username"=>"Droggo", "email"=>"coolcat@gmail.com"}}
Unpermitted parameter: :username
  [1m[35m (0.2ms)[0m  [1m[35mBEGIN[0m
  ↳ app/controllers/users_controller.rb:25
  [1m[36mUser Create (3.2ms)[0m  [1m[32mINSERT INTO "users" ("email", "created_at", "updated_at") VALUES ($1, $2, $3) RETURNING "id"[0m  [["email", "coolcat@gmail.com"], ["created_at", "2022-02-03 00:47:38.074708"], ["updated_at", "2022-02-03 00:47:38.074708"]]
  ↳ app/controllers/users_controller.rb:25
  [1m[35m (2.4ms)[0m  [1m[31mROLLBACK[0m
  ↳ app/controllers/users_controller.rb:25
Completed 500 Internal Server Error in 54ms (ActiveRecord: 24.1ms)


  
ActiveRecord::NotNullViolation (PG::NotNullViolation: ERROR:  null value in column "name" violates not-null constraint
DETAIL:  Failing row contains (4, null, coolcat@gmail.com, 2022-02-03 00:47:38.074708, 2022-02-03 00:47:38.074708).
: INSERT INTO "users" ("email", "created_at", "updated_at") VALUES ($1, $2, $3) RETURNING "id"):
  
app/controllers/users_controller.rb:25:in `create'
Started GET "/users" for ::1 at 2022-02-02 16:47:49 -0800
Processing by UsersController#index as */*
  Parameters: {"user"=>{"username"=>"Droggo", "email"=>"coolcat@gmail.com"}}
  [1m[36mUser Load (2.7ms)[0m  [1m[34mSELECT "users".* FROM "users"[0m
  ↳ app/controllers/users_controller.rb:4
Completed 200 OK in 15ms (Views: 9.6ms | ActiveRecord: 2.7ms)


Started DELETE "/users/3" for ::1 at 2022-02-02 16:48:57 -0800
Processing by UsersController#destroy as */*
  Parameters: {"user"=>{"username"=>"Droggo", "email"=>"coolcat@gmail.com"}, "id"=>"3"}
  [1m[36mUser Load (0.8ms)[0m  [1m[34mSELECT  "users".* FROM "users" WHERE "users"."id" = $1 LIMIT $2[0m  [["id", 3], ["LIMIT", 1]]
  ↳ app/controllers/users_controller.rb:43
  [1m[35m (0.4ms)[0m  [1m[35mBEGIN[0m
  ↳ app/controllers/users_controller.rb:44
  [1m[36mUser Destroy (1.8ms)[0m  [1m[31mDELETE FROM "users" WHERE "users"."id" = $1[0m  [["id", 3]]
  ↳ app/controllers/users_controller.rb:44
  [1m[35m (0.5ms)[0m  [1m[35mCOMMIT[0m
  ↳ app/controllers/users_controller.rb:44
Completed 200 OK in 41ms (Views: 0.2ms | ActiveRecord: 3.9ms)


Started GET "/users/" for ::1 at 2022-02-02 16:49:12 -0800
Processing by UsersController#index as */*
  Parameters: {"user"=>{"username"=>"Droggo", "email"=>"coolcat@gmail.com"}}
  [1m[36mUser Load (0.7ms)[0m  [1m[34mSELECT "users".* FROM "users"[0m
  ↳ app/controllers/users_controller.rb:4
Completed 200 OK in 4ms (Views: 3.1ms | ActiveRecord: 0.7ms)


  [1m[35m (42.3ms)[0m  [1m[35mCREATE TABLE "schema_migrations" ("version" character varying NOT NULL PRIMARY KEY)[0m
  ↳ bin/rails:9
  [1m[35m (6.8ms)[0m  [1m[35mCREATE TABLE "ar_internal_metadata" ("key" character varying NOT NULL PRIMARY KEY, "value" character varying, "created_at" timestamp NOT NULL, "updated_at" timestamp NOT NULL)[0m
  ↳ bin/rails:9
  [1m[35m (1.0ms)[0m  [1m[34mSELECT pg_try_advisory_lock(2711202859307440470)[0m
  ↳ bin/rails:9
  [1m[35m (1.6ms)[0m  [1m[34mSELECT "schema_migrations"."version" FROM "schema_migrations" ORDER BY "schema_migrations"."version" ASC[0m
  ↳ bin/rails:9
Migrating to CreateUsers (20220203002516)
  [1m[35m (4.4ms)[0m  [1m[35mBEGIN[0m
  ↳ bin/rails:9
  [1m[35m (8.8ms)[0m  [1m[35mCREATE TABLE "users" ("id" bigserial primary key, "name" character varying NOT NULL, "email" character varying NOT NULL, "created_at" timestamp NOT NULL, "updated_at" timestamp NOT NULL)[0m
  ↳ db/migrate/20220203002516_create_users.rb:3
  [1m[35m (1.3ms)[0m  [1m[35mCREATE UNIQUE INDEX  "index_users_on_name" ON "users"  ("name")[0m
  ↳ db/migrate/20220203002516_create_users.rb:3
  [1m[35m (1.1ms)[0m  [1m[35mCREATE UNIQUE INDEX  "index_users_on_email" ON "users"  ("email")[0m
  ↳ db/migrate/20220203002516_create_users.rb:3
  [1m[36mActiveRecord::SchemaMigration Create (3.5ms)[0m  [1m[32mINSERT INTO "schema_migrations" ("version") VALUES ($1) RETURNING "version"[0m  [["version", "20220203002516"]]
  ↳ bin/rails:9
  [1m[35m (2.0ms)[0m  [1m[35mCOMMIT[0m
  ↳ bin/rails:9
Migrating to AddChangesToUser (20220203011621)
  [1m[35m (1.0ms)[0m  [1m[35mBEGIN[0m
  ↳ bin/rails:9
  [1m[35m (5.6ms)[0m  [1m[35mALTER TABLE "users" DROP COLUMN "email"[0m
  ↳ db/migrate/20220203011621_add_changes_to_user.rb:3
  [1m[35m (0.8ms)[0m  [1m[35mALTER TABLE "users" RENAME COLUMN "name" TO "username"[0m
  ↳ db/migrate/20220203011621_add_changes_to_user.rb:4
  [1m[35m (0.3ms)[0m  [1m[35mALTER INDEX "index_users_on_name" RENAME TO "index_users_on_username"[0m
  ↳ db/migrate/20220203011621_add_changes_to_user.rb:4
  [1m[36mActiveRecord::SchemaMigration Create (0.4ms)[0m  [1m[32mINSERT INTO "schema_migrations" ("version") VALUES ($1) RETURNING "version"[0m  [["version", "20220203011621"]]
  ↳ bin/rails:9
  [1m[35m (2.9ms)[0m  [1m[35mCOMMIT[0m
  ↳ bin/rails:9
  [1m[36mActiveRecord::InternalMetadata Load (0.5ms)[0m  [1m[34mSELECT  "ar_internal_metadata".* FROM "ar_internal_metadata" WHERE "ar_internal_metadata"."key" = $1 LIMIT $2[0m  [["key", "environment"], ["LIMIT", 1]]
  ↳ bin/rails:9
  [1m[35m (0.2ms)[0m  [1m[35mBEGIN[0m
  ↳ bin/rails:9
  [1m[36mActiveRecord::InternalMetadata Create (1.7ms)[0m  [1m[32mINSERT INTO "ar_internal_metadata" ("key", "value", "created_at", "updated_at") VALUES ($1, $2, $3, $4) RETURNING "key"[0m  [["key", "environment"], ["value", "development"], ["created_at", "2022-02-03 01:18:38.182805"], ["updated_at", "2022-02-03 01:18:38.182805"]]
  ↳ bin/rails:9
  [1m[35m (0.4ms)[0m  [1m[35mCOMMIT[0m
  ↳ bin/rails:9
  [1m[35m (0.2ms)[0m  [1m[34mSELECT pg_advisory_unlock(2711202859307440470)[0m
  ↳ bin/rails:9
  [1m[35m (0.3ms)[0m  [1m[34mSELECT "schema_migrations"."version" FROM "schema_migrations" ORDER BY "schema_migrations"."version" ASC[0m
  ↳ bin/rails:9
  [1m[35m (1.3ms)[0m  [1m[34mSELECT "schema_migrations"."version" FROM "schema_migrations" ORDER BY "schema_migrations"."version" ASC[0m
  ↳ bin/rails:9
  [1m[35m (0.2ms)[0m  [1m[34mSELECT pg_try_advisory_lock(2711202859307440470)[0m
  ↳ bin/rails:9
  [1m[35m (0.7ms)[0m  [1m[34mSELECT "schema_migrations"."version" FROM "schema_migrations" ORDER BY "schema_migrations"."version" ASC[0m
  ↳ bin/rails:9
Migrating to CreateArtworks (20220203011906)
  [1m[35m (0.1ms)[0m  [1m[35mBEGIN[0m
  ↳ bin/rails:9
  [1m[35m (6.6ms)[0m  [1m[35mCREATE TABLE "artworks" ("id" bigserial primary key, "title" character varying NOT NULL, "image_url" character varying NOT NULL, "artist_id" integer NOT NULL, "created_at" timestamp NOT NULL, "updated_at" timestamp NOT NULL)[0m
  ↳ db/migrate/20220203011906_create_artworks.rb:3
  [1m[36mActiveRecord::SchemaMigration Create (1.0ms)[0m  [1m[32mINSERT INTO "schema_migrations" ("version") VALUES ($1) RETURNING "version"[0m  [["version", "20220203011906"]]
  ↳ bin/rails:9
  [1m[35m (0.5ms)[0m  [1m[35mCOMMIT[0m
  ↳ bin/rails:9
  [1m[36mActiveRecord::InternalMetadata Load (3.5ms)[0m  [1m[34mSELECT  "ar_internal_metadata".* FROM "ar_internal_metadata" WHERE "ar_internal_metadata"."key" = $1 LIMIT $2[0m  [["key", "environment"], ["LIMIT", 1]]
  ↳ bin/rails:9
  [1m[35m (0.2ms)[0m  [1m[35mBEGIN[0m
  ↳ bin/rails:9
  [1m[35m (0.2ms)[0m  [1m[35mCOMMIT[0m
  ↳ bin/rails:9
  [1m[35m (0.3ms)[0m  [1m[34mSELECT pg_advisory_unlock(2711202859307440470)[0m
  ↳ bin/rails:9
  [1m[35m (0.3ms)[0m  [1m[34mSELECT "schema_migrations"."version" FROM "schema_migrations" ORDER BY "schema_migrations"."version" ASC[0m
  ↳ bin/rails:9
  [1m[35m (0.9ms)[0m  [1m[34mSELECT "schema_migrations"."version" FROM "schema_migrations" ORDER BY "schema_migrations"."version" ASC[0m
  ↳ bin/rails:9
  [1m[35m (0.2ms)[0m  [1m[34mSELECT "schema_migrations"."version" FROM "schema_migrations" ORDER BY "schema_migrations"."version" ASC[0m
  ↳ bin/rails:9
  [1m[35m (0.3ms)[0m  [1m[34mSELECT "schema_migrations"."version" FROM "schema_migrations" ORDER BY "schema_migrations"."version" ASC[0m
  ↳ bin/rails:9
  [1m[35m (0.2ms)[0m  [1m[34mSELECT pg_try_advisory_lock(2711202859307440470)[0m
  ↳ bin/rails:9
  [1m[35m (0.3ms)[0m  [1m[34mSELECT "schema_migrations"."version" FROM "schema_migrations" ORDER BY "schema_migrations"."version" ASC[0m
  ↳ bin/rails:9
Migrating to CreateArtworks (20220203011906)
  [1m[35m (0.2ms)[0m  [1m[35mBEGIN[0m
  ↳ bin/rails:9
  [1m[35m (6.7ms)[0m  [1m[35mDROP TABLE "artworks"[0m
  ↳ bin/rails:9
  [1m[36mActiveRecord::SchemaMigration Destroy (2.8ms)[0m  [1m[31mDELETE FROM "schema_migrations" WHERE "schema_migrations"."version" = $1[0m  [["version", "20220203011906"]]
  ↳ bin/rails:9
  [1m[35m (2.0ms)[0m  [1m[35mCOMMIT[0m
  ↳ bin/rails:9
  [1m[35m (0.3ms)[0m  [1m[34mSELECT pg_advisory_unlock(2711202859307440470)[0m
  ↳ bin/rails:9
  [1m[35m (0.2ms)[0m  [1m[34mSELECT "schema_migrations"."version" FROM "schema_migrations" ORDER BY "schema_migrations"."version" ASC[0m
  ↳ bin/rails:9
  [1m[35m (0.2ms)[0m  [1m[34mSELECT pg_try_advisory_lock(2711202859307440470)[0m
  ↳ bin/rails:9
  [1m[35m (0.7ms)[0m  [1m[34mSELECT "schema_migrations"."version" FROM "schema_migrations" ORDER BY "schema_migrations"."version" ASC[0m
  ↳ bin/rails:9
Migrating to CreateArtworks (20220203011906)
  [1m[35m (0.2ms)[0m  [1m[35mBEGIN[0m
  ↳ bin/rails:9
  [1m[35m (6.0ms)[0m  [1m[35mCREATE TABLE "artworks" ("id" bigserial primary key, "title" character varying NOT NULL, "image_url" character varying NOT NULL, "artist_id" integer NOT NULL, "created_at" timestamp NOT NULL, "updated_at" timestamp NOT NULL)[0m
  ↳ db/migrate/20220203011906_create_artworks.rb:3
  [1m[35m (1.2ms)[0m  [1m[35mCREATE UNIQUE INDEX  "index_artworks_on_artist_id_and_title" ON "artworks"  ("artist_id", "title")[0m
  ↳ db/migrate/20220203011906_create_artworks.rb:9
  [1m[36mActiveRecord::SchemaMigration Create (0.7ms)[0m  [1m[32mINSERT INTO "schema_migrations" ("version") VALUES ($1) RETURNING "version"[0m  [["version", "20220203011906"]]
  ↳ bin/rails:9
  [1m[35m (0.5ms)[0m  [1m[35mCOMMIT[0m
  ↳ bin/rails:9
  [1m[36mActiveRecord::InternalMetadata Load (0.5ms)[0m  [1m[34mSELECT  "ar_internal_metadata".* FROM "ar_internal_metadata" WHERE "ar_internal_metadata"."key" = $1 LIMIT $2[0m  [["key", "environment"], ["LIMIT", 1]]
  ↳ bin/rails:9
  [1m[35m (0.2ms)[0m  [1m[35mBEGIN[0m
  ↳ bin/rails:9
  [1m[35m (0.2ms)[0m  [1m[35mCOMMIT[0m
  ↳ bin/rails:9
  [1m[35m (0.3ms)[0m  [1m[34mSELECT pg_advisory_unlock(2711202859307440470)[0m
  ↳ bin/rails:9
  [1m[35m (0.4ms)[0m  [1m[34mSELECT "schema_migrations"."version" FROM "schema_migrations" ORDER BY "schema_migrations"."version" ASC[0m
  ↳ bin/rails:9
  [1m[35m (0.2ms)[0m  [1m[34mSELECT pg_try_advisory_lock(2711202859307440470)[0m
  ↳ bin/rails:9
  [1m[35m (1.5ms)[0m  [1m[34mSELECT "schema_migrations"."version" FROM "schema_migrations" ORDER BY "schema_migrations"."version" ASC[0m
  ↳ bin/rails:9
Migrating to AddChangesToUser (20220203011621)
  [1m[35m (0.4ms)[0m  [1m[35mBEGIN[0m
  ↳ bin/rails:9
  [1m[35m (10.1ms)[0m  [1m[35mALTER TABLE "users" DROP COLUMN "email"[0m
  ↳ db/migrate/20220203011621_add_changes_to_user.rb:3
  [1m[35m (0.2ms)[0m  [1m[35mALTER TABLE "users" RENAME COLUMN "name" TO "username"[0m
  ↳ db/migrate/20220203011621_add_changes_to_user.rb:4
  [1m[35m (0.4ms)[0m  [1m[35mALTER INDEX "index_users_on_name" RENAME TO "index_users_on_username"[0m
  ↳ db/migrate/20220203011621_add_changes_to_user.rb:4
  [1m[36mActiveRecord::SchemaMigration Create (0.5ms)[0m  [1m[32mINSERT INTO "schema_migrations" ("version") VALUES ($1) RETURNING "version"[0m  [["version", "20220203011621"]]
  ↳ bin/rails:9
  [1m[35m (10.5ms)[0m  [1m[35mCOMMIT[0m
  ↳ bin/rails:9
Migrating to CreateArtworks (20220203011906)
  [1m[35m (0.1ms)[0m  [1m[35mBEGIN[0m
  ↳ bin/rails:9
  [1m[35m (49.2ms)[0m  [1m[35mCREATE TABLE "artworks" ("id" bigserial primary key, "title" character varying NOT NULL, "image_url" character varying NOT NULL, "artist_id" integer NOT NULL, "created_at" timestamp NOT NULL, "updated_at" timestamp NOT NULL)[0m
  ↳ db/migrate/20220203011906_create_artworks.rb:3
  [1m[35m (2.9ms)[0m  [1m[35mCREATE UNIQUE INDEX  "index_artworks_on_artist_id_and_title" ON "artworks"  ("artist_id", "title")[0m
  ↳ db/migrate/20220203011906_create_artworks.rb:9
  [1m[36mActiveRecord::SchemaMigration Create (0.3ms)[0m  [1m[32mINSERT INTO "schema_migrations" ("version") VALUES ($1) RETURNING "version"[0m  [["version", "20220203011906"]]
  ↳ bin/rails:9
  [1m[35m (1.1ms)[0m  [1m[35mCOMMIT[0m
  ↳ bin/rails:9
Migrating to CreateArtworkShares (20220203172547)
  [1m[35m (2.2ms)[0m  [1m[35mBEGIN[0m
  ↳ bin/rails:9
  [1m[35m (14.6ms)[0m  [1m[35mCREATE TABLE "artwork_shares" ("id" bigserial primary key, "artwork_id" integer NOT NULL, "viewer_id" integer NOT NULL, "created_at" timestamp NOT NULL, "updated_at" timestamp NOT NULL)[0m
  ↳ db/migrate/20220203172547_create_artwork_shares.rb:3
  [1m[35m (5.5ms)[0m  [1m[35mCREATE UNIQUE INDEX  "index_artwork_shares_on_artwork_id" ON "artwork_shares"  ("artwork_id")[0m
  ↳ db/migrate/20220203172547_create_artwork_shares.rb:3
  [1m[35m (6.3ms)[0m  [1m[35mCREATE UNIQUE INDEX  "index_artwork_shares_on_viewer_id" ON "artwork_shares"  ("viewer_id")[0m
  ↳ db/migrate/20220203172547_create_artwork_shares.rb:3
  [1m[36mActiveRecord::SchemaMigration Create (0.3ms)[0m  [1m[32mINSERT INTO "schema_migrations" ("version") VALUES ($1) RETURNING "version"[0m  [["version", "20220203172547"]]
  ↳ bin/rails:9
  [1m[35m (0.4ms)[0m  [1m[35mCOMMIT[0m
  ↳ bin/rails:9
  [1m[36mActiveRecord::InternalMetadata Load (1.5ms)[0m  [1m[34mSELECT  "ar_internal_metadata".* FROM "ar_internal_metadata" WHERE "ar_internal_metadata"."key" = $1 LIMIT $2[0m  [["key", "environment"], ["LIMIT", 1]]
  ↳ bin/rails:9
  [1m[35m (0.3ms)[0m  [1m[35mBEGIN[0m
  ↳ bin/rails:9
  [1m[35m (0.2ms)[0m  [1m[35mCOMMIT[0m
  ↳ bin/rails:9
  [1m[35m (0.2ms)[0m  [1m[34mSELECT pg_advisory_unlock(2711202859307440470)[0m
  ↳ bin/rails:9
  [1m[35m (0.3ms)[0m  [1m[34mSELECT "schema_migrations"."version" FROM "schema_migrations" ORDER BY "schema_migrations"."version" ASC[0m
  ↳ bin/rails:9
  [1m[35m (0.7ms)[0m  [1m[34mSELECT "schema_migrations"."version" FROM "schema_migrations" ORDER BY "schema_migrations"."version" ASC[0m
  ↳ bin/rails:9
  [1m[35m (21.4ms)[0m  [1m[34mSELECT "schema_migrations"."version" FROM "schema_migrations" ORDER BY "schema_migrations"."version" ASC[0m
  ↳ bin/rails:9
  [1m[35m (0.2ms)[0m  [1m[35mBEGIN[0m
  ↳ db/seeds.rb:4
  [1m[35m (0.2ms)[0m  [1m[31mROLLBACK[0m
  ↳ db/seeds.rb:4
  [1m[35m (0.7ms)[0m  [1m[34mSELECT "schema_migrations"."version" FROM "schema_migrations" ORDER BY "schema_migrations"."version" ASC[0m
  ↳ bin/rails:9
  [1m[35m (0.2ms)[0m  [1m[35mBEGIN[0m
  ↳ db/seeds.rb:4
  [1m[36mUser Load (2.3ms)[0m  [1m[34mSELECT "users".* FROM "users"[0m
  ↳ db/seeds.rb:5
  [1m[36mUser Destroy (1.8ms)[0m  [1m[31mDELETE FROM "users" WHERE "users"."id" = $1[0m  [["id", 1]]
  ↳ db/seeds.rb:5
  [1m[36mUser Destroy (0.3ms)[0m  [1m[31mDELETE FROM "users" WHERE "users"."id" = $1[0m  [["id", 2]]
  ↳ db/seeds.rb:5
  [1m[36mUser Create (6.1ms)[0m  [1m[32mINSERT INTO "users" ("username", "created_at", "updated_at") VALUES ($1, $2, $3) RETURNING "id"[0m  [["username", "CJ"], ["created_at", "2022-02-03 17:59:32.188930"], ["updated_at", "2022-02-03 17:59:32.188930"]]
  ↳ db/seeds.rb:6
  [1m[36mUser Create (0.4ms)[0m  [1m[32mINSERT INTO "users" ("username", "created_at", "updated_at") VALUES ($1, $2, $3) RETURNING "id"[0m  [["username", "Flarnie"], ["created_at", "2022-02-03 17:59:32.197358"], ["updated_at", "2022-02-03 17:59:32.197358"]]
  ↳ db/seeds.rb:7
  [1m[36mUser Create (0.4ms)[0m  [1m[32mINSERT INTO "users" ("username", "created_at", "updated_at") VALUES ($1, $2, $3) RETURNING "id"[0m  [["username", "Jeff"], ["created_at", "2022-02-03 17:59:32.198960"], ["updated_at", "2022-02-03 17:59:32.198960"]]
  ↳ db/seeds.rb:8
  [1m[36mUser Create (0.3ms)[0m  [1m[32mINSERT INTO "users" ("username", "created_at", "updated_at") VALUES ($1, $2, $3) RETURNING "id"[0m  [["username", "Georges St. Pierre"], ["created_at", "2022-02-03 17:59:32.200350"], ["updated_at", "2022-02-03 17:59:32.200350"]]
  ↳ db/seeds.rb:9
  [1m[36mUser Create (0.3ms)[0m  [1m[32mINSERT INTO "users" ("username", "created_at", "updated_at") VALUES ($1, $2, $3) RETURNING "id"[0m  [["username", "Ned"], ["created_at", "2022-02-03 17:59:32.201728"], ["updated_at", "2022-02-03 17:59:32.201728"]]
  ↳ db/seeds.rb:10
  [1m[36mArtwork Load (27.8ms)[0m  [1m[34mSELECT "artworks".* FROM "artworks"[0m
  ↳ db/seeds.rb:12
  [1m[35m (0.6ms)[0m  [1m[31mROLLBACK[0m
  ↳ db/seeds.rb:4
  [1m[35m (1.1ms)[0m  [1m[34mSELECT "schema_migrations"."version" FROM "schema_migrations" ORDER BY "schema_migrations"."version" ASC[0m
  ↳ bin/rails:9
  [1m[35m (0.2ms)[0m  [1m[35mBEGIN[0m
  ↳ db/seeds.rb:4
  [1m[36mUser Load (0.7ms)[0m  [1m[34mSELECT "users".* FROM "users"[0m
  ↳ db/seeds.rb:5
  [1m[36mUser Destroy (0.6ms)[0m  [1m[31mDELETE FROM "users" WHERE "users"."id" = $1[0m  [["id", 1]]
  ↳ db/seeds.rb:5
  [1m[36mUser Destroy (0.3ms)[0m  [1m[31mDELETE FROM "users" WHERE "users"."id" = $1[0m  [["id", 2]]
  ↳ db/seeds.rb:5
  [1m[36mUser Create (0.6ms)[0m  [1m[32mINSERT INTO "users" ("username", "created_at", "updated_at") VALUES ($1, $2, $3) RETURNING "id"[0m  [["username", "CJ"], ["created_at", "2022-02-03 17:59:44.683408"], ["updated_at", "2022-02-03 17:59:44.683408"]]
  ↳ db/seeds.rb:6
  [1m[36mUser Create (0.4ms)[0m  [1m[32mINSERT INTO "users" ("username", "created_at", "updated_at") VALUES ($1, $2, $3) RETURNING "id"[0m  [["username", "Flarnie"], ["created_at", "2022-02-03 17:59:44.685330"], ["updated_at", "2022-02-03 17:59:44.685330"]]
  ↳ db/seeds.rb:7
  [1m[36mUser Create (0.4ms)[0m  [1m[32mINSERT INTO "users" ("username", "created_at", "updated_at") VALUES ($1, $2, $3) RETURNING "id"[0m  [["username", "Jeff"], ["created_at", "2022-02-03 17:59:44.686748"], ["updated_at", "2022-02-03 17:59:44.686748"]]
  ↳ db/seeds.rb:8
  [1m[36mUser Create (0.3ms)[0m  [1m[32mINSERT INTO "users" ("username", "created_at", "updated_at") VALUES ($1, $2, $3) RETURNING "id"[0m  [["username", "Georges St. Pierre"], ["created_at", "2022-02-03 17:59:44.688203"], ["updated_at", "2022-02-03 17:59:44.688203"]]
  ↳ db/seeds.rb:9
  [1m[36mUser Create (0.3ms)[0m  [1m[32mINSERT INTO "users" ("username", "created_at", "updated_at") VALUES ($1, $2, $3) RETURNING "id"[0m  [["username", "Ned"], ["created_at", "2022-02-03 17:59:44.689531"], ["updated_at", "2022-02-03 17:59:44.689531"]]
  ↳ db/seeds.rb:10
  [1m[36mArtwork Load (0.9ms)[0m  [1m[34mSELECT "artworks".* FROM "artworks"[0m
  ↳ db/seeds.rb:12
  [1m[35m (0.2ms)[0m  [1m[31mROLLBACK[0m
  ↳ db/seeds.rb:4
  [1m[35m (0.9ms)[0m  [1m[34mSELECT "schema_migrations"."version" FROM "schema_migrations" ORDER BY "schema_migrations"."version" ASC[0m
  ↳ bin/rails:9
  [1m[35m (0.2ms)[0m  [1m[35mBEGIN[0m
  ↳ db/seeds.rb:4
  [1m[36mUser Load (28.5ms)[0m  [1m[34mSELECT "users".* FROM "users"[0m
  ↳ db/seeds.rb:5
  [1m[36mUser Destroy (0.7ms)[0m  [1m[31mDELETE FROM "users" WHERE "users"."id" = $1[0m  [["id", 1]]
  ↳ db/seeds.rb:5
  [1m[36mUser Destroy (0.3ms)[0m  [1m[31mDELETE FROM "users" WHERE "users"."id" = $1[0m  [["id", 2]]
  ↳ db/seeds.rb:5
  [1m[36mUser Create (0.8ms)[0m  [1m[32mINSERT INTO "users" ("username", "created_at", "updated_at") VALUES ($1, $2, $3) RETURNING "id"[0m  [["username", "CJ"], ["created_at", "2022-02-03 18:04:45.792282"], ["updated_at", "2022-02-03 18:04:45.792282"]]
  ↳ db/seeds.rb:6
  [1m[36mUser Create (0.4ms)[0m  [1m[32mINSERT INTO "users" ("username", "created_at", "updated_at") VALUES ($1, $2, $3) RETURNING "id"[0m  [["username", "Flarnie"], ["created_at", "2022-02-03 18:04:45.794983"], ["updated_at", "2022-02-03 18:04:45.794983"]]
  ↳ db/seeds.rb:7
  [1m[36mUser Create (0.2ms)[0m  [1m[32mINSERT INTO "users" ("username", "created_at", "updated_at") VALUES ($1, $2, $3) RETURNING "id"[0m  [["username", "Jeff"], ["created_at", "2022-02-03 18:04:45.796275"], ["updated_at", "2022-02-03 18:04:45.796275"]]
  ↳ db/seeds.rb:8
  [1m[36mUser Create (0.2ms)[0m  [1m[32mINSERT INTO "users" ("username", "created_at", "updated_at") VALUES ($1, $2, $3) RETURNING "id"[0m  [["username", "Georges St. Pierre"], ["created_at", "2022-02-03 18:04:45.797251"], ["updated_at", "2022-02-03 18:04:45.797251"]]
  ↳ db/seeds.rb:9
  [1m[36mUser Create (0.3ms)[0m  [1m[32mINSERT INTO "users" ("username", "created_at", "updated_at") VALUES ($1, $2, $3) RETURNING "id"[0m  [["username", "Ned"], ["created_at", "2022-02-03 18:04:45.798147"], ["updated_at", "2022-02-03 18:04:45.798147"]]
  ↳ db/seeds.rb:10
  [1m[36mArtwork Load (0.8ms)[0m  [1m[34mSELECT "artworks".* FROM "artworks"[0m
  ↳ db/seeds.rb:12
  [1m[36mArtwork Exists (1.7ms)[0m  [1m[34mSELECT  1 AS one FROM "artworks" WHERE "artworks"."artist_id" = $1 AND "artworks"."title" = $2 LIMIT $3[0m  [["artist_id", 19], ["title", "Ruby 101"], ["LIMIT", 1]]
  ↳ db/seeds.rb:13
  [1m[36mUser Load (0.6ms)[0m  [1m[34mSELECT  "users".* FROM "users" WHERE "users"."id" = $1 LIMIT $2[0m  [["id", 19], ["LIMIT", 1]]
  ↳ db/seeds.rb:13
  [1m[36mArtwork Create (1.8ms)[0m  [1m[32mINSERT INTO "artworks" ("title", "image_url", "artist_id", "created_at", "updated_at") VALUES ($1, $2, $3, $4, $5) RETURNING "id"[0m  [["title", "Ruby 101"], ["image_url", "https://i.guim.co.uk/img/media/c26ced2bb6cbf1e770623712c0b02e1a5b024edd/0_0_4728_2837/master/4728.jpg?width=1200&height=900&quality=85&auto=format&fit=crop&s=d6f720e62a15193ebd4fc0a6cd9ecaff\n        "], ["artist_id", 19], ["created_at", "2022-02-03 18:04:45.896105"], ["updated_at", "2022-02-03 18:04:45.896105"]]
  ↳ db/seeds.rb:13
  [1m[36mArtwork Exists (0.5ms)[0m  [1m[34mSELECT  1 AS one FROM "artworks" WHERE "artworks"."artist_id" = $1 AND "artworks"."title" = $2 LIMIT $3[0m  [["artist_id", 19], ["title", "Ruby 102"], ["LIMIT", 1]]
  ↳ db/seeds.rb:15
  [1m[36mUser Load (0.4ms)[0m  [1m[34mSELECT  "users".* FROM "users" WHERE "users"."id" = $1 LIMIT $2[0m  [["id", 19], ["LIMIT", 1]]
  ↳ db/seeds.rb:15
  [1m[36mArtwork Create (0.4ms)[0m  [1m[32mINSERT INTO "artworks" ("title", "image_url", "artist_id", "created_at", "updated_at") VALUES ($1, $2, $3, $4, $5) RETURNING "id"[0m  [["title", "Ruby 102"], ["image_url", "https://i.guim.co.uk/img/media/c26ced2bb6cbf1e770623712c0b02e1a5b024edd/0_0_4728_2837/master/4728.jpg?width=1200&height=900&quality=85&auto=format&fit=crop&s=d6f720e62a15193ebd4fc0a6cd9ecaff\n        "], ["artist_id", 19], ["created_at", "2022-02-03 18:04:45.902428"], ["updated_at", "2022-02-03 18:04:45.902428"]]
  ↳ db/seeds.rb:15
  [1m[36mArtworkShare Load (23.1ms)[0m  [1m[34mSELECT "artwork_shares".* FROM "artwork_shares"[0m
  ↳ db/seeds.rb:18
  [1m[35m (0.3ms)[0m  [1m[31mROLLBACK[0m
  ↳ db/seeds.rb:4
  [1m[35m (0.9ms)[0m  [1m[34mSELECT "schema_migrations"."version" FROM "schema_migrations" ORDER BY "schema_migrations"."version" ASC[0m
  ↳ bin/rails:9
  [1m[35m (0.2ms)[0m  [1m[35mBEGIN[0m
  ↳ db/seeds.rb:4
  [1m[36mUser Load (32.9ms)[0m  [1m[34mSELECT "users".* FROM "users"[0m
  ↳ db/seeds.rb:5
  [1m[36mUser Destroy (1.1ms)[0m  [1m[31mDELETE FROM "users" WHERE "users"."id" = $1[0m  [["id", 1]]
  ↳ db/seeds.rb:5
  [1m[36mUser Destroy (0.5ms)[0m  [1m[31mDELETE FROM "users" WHERE "users"."id" = $1[0m  [["id", 2]]
  ↳ db/seeds.rb:5
  [1m[36mUser Create (0.9ms)[0m  [1m[32mINSERT INTO "users" ("username", "created_at", "updated_at") VALUES ($1, $2, $3) RETURNING "id"[0m  [["username", "CJ"], ["created_at", "2022-02-03 18:05:22.251019"], ["updated_at", "2022-02-03 18:05:22.251019"]]
  ↳ db/seeds.rb:6
  [1m[36mUser Create (0.4ms)[0m  [1m[32mINSERT INTO "users" ("username", "created_at", "updated_at") VALUES ($1, $2, $3) RETURNING "id"[0m  [["username", "Flarnie"], ["created_at", "2022-02-03 18:05:22.253770"], ["updated_at", "2022-02-03 18:05:22.253770"]]
  ↳ db/seeds.rb:7
  [1m[36mUser Create (0.2ms)[0m  [1m[32mINSERT INTO "users" ("username", "created_at", "updated_at") VALUES ($1, $2, $3) RETURNING "id"[0m  [["username", "Jeff"], ["created_at", "2022-02-03 18:05:22.255164"], ["updated_at", "2022-02-03 18:05:22.255164"]]
  ↳ db/seeds.rb:8
  [1m[36mUser Create (0.2ms)[0m  [1m[32mINSERT INTO "users" ("username", "created_at", "updated_at") VALUES ($1, $2, $3) RETURNING "id"[0m  [["username", "Georges St. Pierre"], ["created_at", "2022-02-03 18:05:22.256143"], ["updated_at", "2022-02-03 18:05:22.256143"]]
  ↳ db/seeds.rb:9
  [1m[36mUser Create (0.2ms)[0m  [1m[32mINSERT INTO "users" ("username", "created_at", "updated_at") VALUES ($1, $2, $3) RETURNING "id"[0m  [["username", "Ned"], ["created_at", "2022-02-03 18:05:22.257061"], ["updated_at", "2022-02-03 18:05:22.257061"]]
  ↳ db/seeds.rb:10
  [1m[36mArtwork Load (37.8ms)[0m  [1m[34mSELECT "artworks".* FROM "artworks"[0m
  ↳ db/seeds.rb:12
  [1m[36mArtwork Exists (0.6ms)[0m  [1m[34mSELECT  1 AS one FROM "artworks" WHERE "artworks"."artist_id" = $1 AND "artworks"."title" = $2 LIMIT $3[0m  [["artist_id", 24], ["title", "Ruby 101"], ["LIMIT", 1]]
  ↳ db/seeds.rb:13
  [1m[36mUser Load (0.3ms)[0m  [1m[34mSELECT  "users".* FROM "users" WHERE "users"."id" = $1 LIMIT $2[0m  [["id", 24], ["LIMIT", 1]]
  ↳ db/seeds.rb:13
  [1m[36mArtwork Create (0.5ms)[0m  [1m[32mINSERT INTO "artworks" ("title", "image_url", "artist_id", "created_at", "updated_at") VALUES ($1, $2, $3, $4, $5) RETURNING "id"[0m  [["title", "Ruby 101"], ["image_url", "https://i.guim.co.uk/img/media/c26ced2bb6cbf1e770623712c0b02e1a5b024edd/0_0_4728_2837/master/4728.jpg?width=1200&height=900&quality=85&auto=format&fit=crop&s=d6f720e62a15193ebd4fc0a6cd9ecaff\n        "], ["artist_id", 24], ["created_at", "2022-02-03 18:05:22.330672"], ["updated_at", "2022-02-03 18:05:22.330672"]]
  ↳ db/seeds.rb:13
  [1m[36mArtwork Exists (0.3ms)[0m  [1m[34mSELECT  1 AS one FROM "artworks" WHERE "artworks"."artist_id" = $1 AND "artworks"."title" = $2 LIMIT $3[0m  [["artist_id", 24], ["title", "Ruby 102"], ["LIMIT", 1]]
  ↳ db/seeds.rb:15
  [1m[36mUser Load (0.3ms)[0m  [1m[34mSELECT  "users".* FROM "users" WHERE "users"."id" = $1 LIMIT $2[0m  [["id", 24], ["LIMIT", 1]]
  ↳ db/seeds.rb:15
  [1m[36mArtwork Create (1.2ms)[0m  [1m[32mINSERT INTO "artworks" ("title", "image_url", "artist_id", "created_at", "updated_at") VALUES ($1, $2, $3, $4, $5) RETURNING "id"[0m  [["title", "Ruby 102"], ["image_url", "https://i.guim.co.uk/img/media/c26ced2bb6cbf1e770623712c0b02e1a5b024edd/0_0_4728_2837/master/4728.jpg?width=1200&height=900&quality=85&auto=format&fit=crop&s=d6f720e62a15193ebd4fc0a6cd9ecaff\n        "], ["artist_id", 24], ["created_at", "2022-02-03 18:05:22.335824"], ["updated_at", "2022-02-03 18:05:22.335824"]]
  ↳ db/seeds.rb:15
  [1m[36mArtworkShare Load (1.2ms)[0m  [1m[34mSELECT "artwork_shares".* FROM "artwork_shares"[0m
  ↳ db/seeds.rb:18
  [1m[35m (0.2ms)[0m  [1m[31mROLLBACK[0m
  ↳ db/seeds.rb:4
  [1m[35m (2.4ms)[0m  [1m[34mSELECT "schema_migrations"."version" FROM "schema_migrations" ORDER BY "schema_migrations"."version" ASC[0m
  ↳ bin/rails:9
  [1m[35m (0.3ms)[0m  [1m[35mBEGIN[0m
  ↳ db/seeds.rb:4
  [1m[36mUser Load (1.3ms)[0m  [1m[34mSELECT "users".* FROM "users"[0m
  ↳ db/seeds.rb:5
  [1m[36mUser Destroy (1.4ms)[0m  [1m[31mDELETE FROM "users" WHERE "users"."id" = $1[0m  [["id", 1]]
  ↳ db/seeds.rb:5
  [1m[36mUser Destroy (0.5ms)[0m  [1m[31mDELETE FROM "users" WHERE "users"."id" = $1[0m  [["id", 2]]
  ↳ db/seeds.rb:5
  [1m[36mUser Create (0.8ms)[0m  [1m[32mINSERT INTO "users" ("username", "created_at", "updated_at") VALUES ($1, $2, $3) RETURNING "id"[0m  [["username", "CJ"], ["created_at", "2022-02-03 18:07:47.182753"], ["updated_at", "2022-02-03 18:07:47.182753"]]
  ↳ db/seeds.rb:6
  [1m[36mUser Create (0.2ms)[0m  [1m[32mINSERT INTO "users" ("username", "created_at", "updated_at") VALUES ($1, $2, $3) RETURNING "id"[0m  [["username", "Flarnie"], ["created_at", "2022-02-03 18:07:47.185836"], ["updated_at", "2022-02-03 18:07:47.185836"]]
  ↳ db/seeds.rb:7
  [1m[36mUser Create (0.2ms)[0m  [1m[32mINSERT INTO "users" ("username", "created_at", "updated_at") VALUES ($1, $2, $3) RETURNING "id"[0m  [["username", "Jeff"], ["created_at", "2022-02-03 18:07:47.186734"], ["updated_at", "2022-02-03 18:07:47.186734"]]
  ↳ db/seeds.rb:8
  [1m[36mUser Create (0.2ms)[0m  [1m[32mINSERT INTO "users" ("username", "created_at", "updated_at") VALUES ($1, $2, $3) RETURNING "id"[0m  [["username", "Georges St. Pierre"], ["created_at", "2022-02-03 18:07:47.187432"], ["updated_at", "2022-02-03 18:07:47.187432"]]
  ↳ db/seeds.rb:9
  [1m[36mUser Create (0.2ms)[0m  [1m[32mINSERT INTO "users" ("username", "created_at", "updated_at") VALUES ($1, $2, $3) RETURNING "id"[0m  [["username", "Ned"], ["created_at", "2022-02-03 18:07:47.188191"], ["updated_at", "2022-02-03 18:07:47.188191"]]
  ↳ db/seeds.rb:10
  [1m[36mArtwork Load (0.6ms)[0m  [1m[34mSELECT "artworks".* FROM "artworks"[0m
  ↳ db/seeds.rb:12
  [1m[36mArtwork Exists (0.6ms)[0m  [1m[34mSELECT  1 AS one FROM "artworks" WHERE "artworks"."artist_id" = $1 AND "artworks"."title" = $2 LIMIT $3[0m  [["artist_id", 29], ["title", "Ruby 101"], ["LIMIT", 1]]
  ↳ db/seeds.rb:13
  [1m[36mUser Load (0.2ms)[0m  [1m[34mSELECT  "users".* FROM "users" WHERE "users"."id" = $1 LIMIT $2[0m  [["id", 29], ["LIMIT", 1]]
  ↳ db/seeds.rb:13
  [1m[36mArtwork Create (1.3ms)[0m  [1m[32mINSERT INTO "artworks" ("title", "image_url", "artist_id", "created_at", "updated_at") VALUES ($1, $2, $3, $4, $5) RETURNING "id"[0m  [["title", "Ruby 101"], ["image_url", "https://i.guim.co.uk/img/media/c26ced2bb6cbf1e770623712c0b02e1a5b024edd/0_0_4728_2837/master/4728.jpg?width=1200&height=900&quality=85&auto=format&fit=crop&s=d6f720e62a15193ebd4fc0a6cd9ecaff\n        "], ["artist_id", 29], ["created_at", "2022-02-03 18:07:47.218172"], ["updated_at", "2022-02-03 18:07:47.218172"]]
  ↳ db/seeds.rb:13
  [1m[36mArtwork Exists (1.2ms)[0m  [1m[34mSELECT  1 AS one FROM "artworks" WHERE "artworks"."artist_id" = $1 AND "artworks"."title" = $2 LIMIT $3[0m  [["artist_id", 29], ["title", "Ruby 102"], ["LIMIT", 1]]
  ↳ db/seeds.rb:15
  [1m[36mUser Load (0.4ms)[0m  [1m[34mSELECT  "users".* FROM "users" WHERE "users"."id" = $1 LIMIT $2[0m  [["id", 29], ["LIMIT", 1]]
  ↳ db/seeds.rb:15
  [1m[36mArtwork Create (0.6ms)[0m  [1m[32mINSERT INTO "artworks" ("title", "image_url", "artist_id", "created_at", "updated_at") VALUES ($1, $2, $3, $4, $5) RETURNING "id"[0m  [["title", "Ruby 102"], ["image_url", "https://i.guim.co.uk/img/media/c26ced2bb6cbf1e770623712c0b02e1a5b024edd/0_0_4728_2837/master/4728.jpg?width=1200&height=900&quality=85&auto=format&fit=crop&s=d6f720e62a15193ebd4fc0a6cd9ecaff\n        "], ["artist_id", 29], ["created_at", "2022-02-03 18:07:47.231555"], ["updated_at", "2022-02-03 18:07:47.231555"]]
  ↳ db/seeds.rb:15
  [1m[36mArtworkShare Load (0.8ms)[0m  [1m[34mSELECT "artwork_shares".* FROM "artwork_shares"[0m
  ↳ db/seeds.rb:18
  [1m[35m (0.2ms)[0m  [1m[31mROLLBACK[0m
  ↳ db/seeds.rb:4
  [1m[35m (1.0ms)[0m  [1m[34mSELECT "schema_migrations"."version" FROM "schema_migrations" ORDER BY "schema_migrations"."version" ASC[0m
  ↳ bin/rails:9
  [1m[35m (0.2ms)[0m  [1m[35mBEGIN[0m
  ↳ db/seeds.rb:4
  [1m[36mUser Load (1.3ms)[0m  [1m[34mSELECT "users".* FROM "users"[0m
  ↳ db/seeds.rb:5
  [1m[36mUser Destroy (0.5ms)[0m  [1m[31mDELETE FROM "users" WHERE "users"."id" = $1[0m  [["id", 1]]
  ↳ db/seeds.rb:5
  [1m[36mUser Destroy (0.2ms)[0m  [1m[31mDELETE FROM "users" WHERE "users"."id" = $1[0m  [["id", 2]]
  ↳ db/seeds.rb:5
  [1m[36mUser Create (1.5ms)[0m  [1m[32mINSERT INTO "users" ("username", "created_at", "updated_at") VALUES ($1, $2, $3) RETURNING "id"[0m  [["username", "CJ"], ["created_at", "2022-02-03 18:08:11.135460"], ["updated_at", "2022-02-03 18:08:11.135460"]]
  ↳ db/seeds.rb:6
  [1m[36mUser Create (1.2ms)[0m  [1m[32mINSERT INTO "users" ("username", "created_at", "updated_at") VALUES ($1, $2, $3) RETURNING "id"[0m  [["username", "Flarnie"], ["created_at", "2022-02-03 18:08:11.140107"], ["updated_at", "2022-02-03 18:08:11.140107"]]
  ↳ db/seeds.rb:7
  [1m[36mUser Create (0.7ms)[0m  [1m[32mINSERT INTO "users" ("username", "created_at", "updated_at") VALUES ($1, $2, $3) RETURNING "id"[0m  [["username", "Jeff"], ["created_at", "2022-02-03 18:08:11.146132"], ["updated_at", "2022-02-03 18:08:11.146132"]]
  ↳ db/seeds.rb:8
  [1m[36mUser Create (0.4ms)[0m  [1m[32mINSERT INTO "users" ("username", "created_at", "updated_at") VALUES ($1, $2, $3) RETURNING "id"[0m  [["username", "Georges St. Pierre"], ["created_at", "2022-02-03 18:08:11.148801"], ["updated_at", "2022-02-03 18:08:11.148801"]]
  ↳ db/seeds.rb:9
  [1m[36mUser Create (0.2ms)[0m  [1m[32mINSERT INTO "users" ("username", "created_at", "updated_at") VALUES ($1, $2, $3) RETURNING "id"[0m  [["username", "Ned"], ["created_at", "2022-02-03 18:08:11.150382"], ["updated_at", "2022-02-03 18:08:11.150382"]]
  ↳ db/seeds.rb:10
  [1m[36mArtwork Load (0.9ms)[0m  [1m[34mSELECT "artworks".* FROM "artworks"[0m
  ↳ db/seeds.rb:12
  [1m[36mArtwork Exists (0.5ms)[0m  [1m[34mSELECT  1 AS one FROM "artworks" WHERE "artworks"."artist_id" = $1 AND "artworks"."title" = $2 LIMIT $3[0m  [["artist_id", 34], ["title", "Ruby 101"], ["LIMIT", 1]]
  ↳ db/seeds.rb:13
  [1m[36mUser Load (0.3ms)[0m  [1m[34mSELECT  "users".* FROM "users" WHERE "users"."id" = $1 LIMIT $2[0m  [["id", 34], ["LIMIT", 1]]
  ↳ db/seeds.rb:13
  [1m[36mArtwork Create (0.7ms)[0m  [1m[32mINSERT INTO "artworks" ("title", "image_url", "artist_id", "created_at", "updated_at") VALUES ($1, $2, $3, $4, $5) RETURNING "id"[0m  [["title", "Ruby 101"], ["image_url", "https://i.guim.co.uk/img/media/c26ced2bb6cbf1e770623712c0b02e1a5b024edd/0_0_4728_2837/master/4728.jpg?width=1200&height=900&quality=85&auto=format&fit=crop&s=d6f720e62a15193ebd4fc0a6cd9ecaff\n        "], ["artist_id", 34], ["created_at", "2022-02-03 18:08:11.179291"], ["updated_at", "2022-02-03 18:08:11.179291"]]
  ↳ db/seeds.rb:13
  [1m[36mArtwork Exists (0.4ms)[0m  [1m[34mSELECT  1 AS one FROM "artworks" WHERE "artworks"."artist_id" = $1 AND "artworks"."title" = $2 LIMIT $3[0m  [["artist_id", 34], ["title", "Ruby 102"], ["LIMIT", 1]]
  ↳ db/seeds.rb:15
  [1m[36mUser Load (0.2ms)[0m  [1m[34mSELECT  "users".* FROM "users" WHERE "users"."id" = $1 LIMIT $2[0m  [["id", 34], ["LIMIT", 1]]
  ↳ db/seeds.rb:15
  [1m[36mArtwork Create (0.2ms)[0m  [1m[32mINSERT INTO "artworks" ("title", "image_url", "artist_id", "created_at", "updated_at") VALUES ($1, $2, $3, $4, $5) RETURNING "id"[0m  [["title", "Ruby 102"], ["image_url", "https://i.guim.co.uk/img/media/c26ced2bb6cbf1e770623712c0b02e1a5b024edd/0_0_4728_2837/master/4728.jpg?width=1200&height=900&quality=85&auto=format&fit=crop&s=d6f720e62a15193ebd4fc0a6cd9ecaff\n        "], ["artist_id", 34], ["created_at", "2022-02-03 18:08:11.183179"], ["updated_at", "2022-02-03 18:08:11.183179"]]
  ↳ db/seeds.rb:15
  [1m[36mArtworkShare Load (1.9ms)[0m  [1m[34mSELECT "artwork_shares".* FROM "artwork_shares"[0m
  ↳ db/seeds.rb:18
  [1m[35m (0.6ms)[0m  [1m[31mROLLBACK[0m
  ↳ db/seeds.rb:4
  [1m[35m (0.7ms)[0m  [1m[34mSELECT "schema_migrations"."version" FROM "schema_migrations" ORDER BY "schema_migrations"."version" ASC[0m
  ↳ bin/rails:9
  [1m[35m (0.1ms)[0m  [1m[35mBEGIN[0m
  ↳ db/seeds.rb:4
  [1m[36mUser Load (1.6ms)[0m  [1m[34mSELECT "users".* FROM "users"[0m
  ↳ db/seeds.rb:5
  [1m[36mUser Destroy (0.6ms)[0m  [1m[31mDELETE FROM "users" WHERE "users"."id" = $1[0m  [["id", 1]]
  ↳ db/seeds.rb:5
  [1m[36mUser Destroy (0.3ms)[0m  [1m[31mDELETE FROM "users" WHERE "users"."id" = $1[0m  [["id", 2]]
  ↳ db/seeds.rb:5
  [1m[36mUser Create (0.7ms)[0m  [1m[32mINSERT INTO "users" ("username", "created_at", "updated_at") VALUES ($1, $2, $3) RETURNING "id"[0m  [["username", "CJ"], ["created_at", "2022-02-03 18:08:27.990586"], ["updated_at", "2022-02-03 18:08:27.990586"]]
  ↳ db/seeds.rb:6
  [1m[36mUser Create (0.3ms)[0m  [1m[32mINSERT INTO "users" ("username", "created_at", "updated_at") VALUES ($1, $2, $3) RETURNING "id"[0m  [["username", "Flarnie"], ["created_at", "2022-02-03 18:08:27.992494"], ["updated_at", "2022-02-03 18:08:27.992494"]]
  ↳ db/seeds.rb:7
  [1m[36mUser Create (1.6ms)[0m  [1m[32mINSERT INTO "users" ("username", "created_at", "updated_at") VALUES ($1, $2, $3) RETURNING "id"[0m  [["username", "Jeff"], ["created_at", "2022-02-03 18:08:27.993662"], ["updated_at", "2022-02-03 18:08:27.993662"]]
  ↳ db/seeds.rb:8
  [1m[36mUser Create (0.4ms)[0m  [1m[32mINSERT INTO "users" ("username", "created_at", "updated_at") VALUES ($1, $2, $3) RETURNING "id"[0m  [["username", "Georges St. Pierre"], ["created_at", "2022-02-03 18:08:27.999227"], ["updated_at", "2022-02-03 18:08:27.999227"]]
  ↳ db/seeds.rb:9
  [1m[36mUser Create (0.3ms)[0m  [1m[32mINSERT INTO "users" ("username", "created_at", "updated_at") VALUES ($1, $2, $3) RETURNING "id"[0m  [["username", "Ned"], ["created_at", "2022-02-03 18:08:28.000809"], ["updated_at", "2022-02-03 18:08:28.000809"]]
  ↳ db/seeds.rb:10
  [1m[36mArtwork Load (0.6ms)[0m  [1m[34mSELECT "artworks".* FROM "artworks"[0m
  ↳ db/seeds.rb:12
  [1m[36mArtwork Exists (0.6ms)[0m  [1m[34mSELECT  1 AS one FROM "artworks" WHERE "artworks"."artist_id" = $1 AND "artworks"."title" = $2 LIMIT $3[0m  [["artist_id", 39], ["title", "Ruby 101"], ["LIMIT", 1]]
  ↳ db/seeds.rb:13
  [1m[36mUser Load (0.6ms)[0m  [1m[34mSELECT  "users".* FROM "users" WHERE "users"."id" = $1 LIMIT $2[0m  [["id", 39], ["LIMIT", 1]]
  ↳ db/seeds.rb:13
  [1m[36mArtwork Create (0.6ms)[0m  [1m[32mINSERT INTO "artworks" ("title", "image_url", "artist_id", "created_at", "updated_at") VALUES ($1, $2, $3, $4, $5) RETURNING "id"[0m  [["title", "Ruby 101"], ["image_url", "https://i.guim.co.uk/img/media/c26ced2bb6cbf1e770623712c0b02e1a5b024edd/0_0_4728_2837/master/4728.jpg?width=1200&height=900&quality=85&auto=format&fit=crop&s=d6f720e62a15193ebd4fc0a6cd9ecaff\n        "], ["artist_id", 39], ["created_at", "2022-02-03 18:08:28.041187"], ["updated_at", "2022-02-03 18:08:28.041187"]]
  ↳ db/seeds.rb:13
  [1m[36mArtwork Exists (0.3ms)[0m  [1m[34mSELECT  1 AS one FROM "artworks" WHERE "artworks"."artist_id" = $1 AND "artworks"."title" = $2 LIMIT $3[0m  [["artist_id", 39], ["title", "Ruby 102"], ["LIMIT", 1]]
  ↳ db/seeds.rb:15
  [1m[36mUser Load (0.2ms)[0m  [1m[34mSELECT  "users".* FROM "users" WHERE "users"."id" = $1 LIMIT $2[0m  [["id", 39], ["LIMIT", 1]]
  ↳ db/seeds.rb:15
  [1m[36mArtwork Create (0.2ms)[0m  [1m[32mINSERT INTO "artworks" ("title", "image_url", "artist_id", "created_at", "updated_at") VALUES ($1, $2, $3, $4, $5) RETURNING "id"[0m  [["title", "Ruby 102"], ["image_url", "https://i.guim.co.uk/img/media/c26ced2bb6cbf1e770623712c0b02e1a5b024edd/0_0_4728_2837/master/4728.jpg?width=1200&height=900&quality=85&auto=format&fit=crop&s=d6f720e62a15193ebd4fc0a6cd9ecaff\n        "], ["artist_id", 39], ["created_at", "2022-02-03 18:08:28.044862"], ["updated_at", "2022-02-03 18:08:28.044862"]]
  ↳ db/seeds.rb:15
  [1m[35m (11.1ms)[0m  [1m[35mCOMMIT[0m
  ↳ db/seeds.rb:4
  [1m[35m (6.6ms)[0m  [1m[34mSELECT "schema_migrations"."version" FROM "schema_migrations" ORDER BY "schema_migrations"."version" ASC[0m
  ↳ bin/rails:9
  [1m[35m (1.2ms)[0m  [1m[35mBEGIN[0m
  ↳ db/seeds.rb:4
  [1m[36mUser Load (73.1ms)[0m  [1m[34mSELECT "users".* FROM "users"[0m
  ↳ db/seeds.rb:5
  [1m[36mUser Destroy (0.7ms)[0m  [1m[31mDELETE FROM "users" WHERE "users"."id" = $1[0m  [["id", 35]]
  ↳ db/seeds.rb:5
  [1m[36mUser Destroy (0.3ms)[0m  [1m[31mDELETE FROM "users" WHERE "users"."id" = $1[0m  [["id", 36]]
  ↳ db/seeds.rb:5
  [1m[36mUser Destroy (0.4ms)[0m  [1m[31mDELETE FROM "users" WHERE "users"."id" = $1[0m  [["id", 37]]
  ↳ db/seeds.rb:5
  [1m[36mUser Destroy (0.4ms)[0m  [1m[31mDELETE FROM "users" WHERE "users"."id" = $1[0m  [["id", 38]]
  ↳ db/seeds.rb:5
  [1m[36mUser Destroy (0.3ms)[0m  [1m[31mDELETE FROM "users" WHERE "users"."id" = $1[0m  [["id", 39]]
  ↳ db/seeds.rb:5
  [1m[36mUser Create (0.6ms)[0m  [1m[32mINSERT INTO "users" ("username", "created_at", "updated_at") VALUES ($1, $2, $3) RETURNING "id"[0m  [["username", "CJ"], ["created_at", "2022-02-03 18:13:25.601850"], ["updated_at", "2022-02-03 18:13:25.601850"]]
  ↳ db/seeds.rb:6
  [1m[36mUser Create (0.2ms)[0m  [1m[32mINSERT INTO "users" ("username", "created_at", "updated_at") VALUES ($1, $2, $3) RETURNING "id"[0m  [["username", "Flarnie"], ["created_at", "2022-02-03 18:13:25.603627"], ["updated_at", "2022-02-03 18:13:25.603627"]]
  ↳ db/seeds.rb:7
  [1m[36mUser Create (0.2ms)[0m  [1m[32mINSERT INTO "users" ("username", "created_at", "updated_at") VALUES ($1, $2, $3) RETURNING "id"[0m  [["username", "Jeff"], ["created_at", "2022-02-03 18:13:25.604647"], ["updated_at", "2022-02-03 18:13:25.604647"]]
  ↳ db/seeds.rb:8
  [1m[36mUser Create (0.3ms)[0m  [1m[32mINSERT INTO "users" ("username", "created_at", "updated_at") VALUES ($1, $2, $3) RETURNING "id"[0m  [["username", "Georges St. Pierre"], ["created_at", "2022-02-03 18:13:25.605522"], ["updated_at", "2022-02-03 18:13:25.605522"]]
  ↳ db/seeds.rb:9
  [1m[36mUser Create (0.2ms)[0m  [1m[32mINSERT INTO "users" ("username", "created_at", "updated_at") VALUES ($1, $2, $3) RETURNING "id"[0m  [["username", "Ned"], ["created_at", "2022-02-03 18:13:25.606502"], ["updated_at", "2022-02-03 18:13:25.606502"]]
  ↳ db/seeds.rb:10
  [1m[36mArtwork Load (35.0ms)[0m  [1m[34mSELECT "artworks".* FROM "artworks"[0m
  ↳ db/seeds.rb:12
  [1m[36mArtwork Destroy (0.5ms)[0m  [1m[31mDELETE FROM "artworks" WHERE "artworks"."id" = $1[0m  [["id", 9]]
  ↳ db/seeds.rb:12
  [1m[36mArtwork Destroy (0.3ms)[0m  [1m[31mDELETE FROM "artworks" WHERE "artworks"."id" = $1[0m  [["id", 10]]
  ↳ db/seeds.rb:12
  [1m[36mArtwork Exists (0.4ms)[0m  [1m[34mSELECT  1 AS one FROM "artworks" WHERE "artworks"."artist_id" = $1 AND "artworks"."title" = $2 LIMIT $3[0m  [["artist_id", 44], ["title", "Ruby Magic"], ["LIMIT", 1]]
  ↳ db/seeds.rb:13
  [1m[36mUser Load (0.5ms)[0m  [1m[34mSELECT  "users".* FROM "users" WHERE "users"."id" = $1 LIMIT $2[0m  [["id", 44], ["LIMIT", 1]]
  ↳ db/seeds.rb:13
  [1m[36mArtwork Create (0.7ms)[0m  [1m[32mINSERT INTO "artworks" ("title", "image_url", "artist_id", "created_at", "updated_at") VALUES ($1, $2, $3, $4, $5) RETURNING "id"[0m  [["title", "Ruby Magic"], ["image_url", "https://i.guim.co.uk/img/media/c26ced2bb6cbf1e770623712c0b02e1a5b024edd/0_0_4728_2837/master/4728.jpg?width=1200&height=900&quality=85&auto=format&fit=crop&s=d6f720e62a15193ebd4fc0a6cd9ecaff\n        "], ["artist_id", 44], ["created_at", "2022-02-03 18:13:25.696037"], ["updated_at", "2022-02-03 18:13:25.696037"]]
  ↳ db/seeds.rb:13
  [1m[36mArtwork Exists (0.5ms)[0m  [1m[34mSELECT  1 AS one FROM "artworks" WHERE "artworks"."artist_id" = $1 AND "artworks"."title" = $2 LIMIT $3[0m  [["artist_id", 44], ["title", "Ruby, cats and lasers"], ["LIMIT", 1]]
  ↳ db/seeds.rb:15
  [1m[36mUser Load (0.3ms)[0m  [1m[34mSELECT  "users".* FROM "users" WHERE "users"."id" = $1 LIMIT $2[0m  [["id", 44], ["LIMIT", 1]]
  ↳ db/seeds.rb:15
  [1m[36mArtwork Create (0.5ms)[0m  [1m[32mINSERT INTO "artworks" ("title", "image_url", "artist_id", "created_at", "updated_at") VALUES ($1, $2, $3, $4, $5) RETURNING "id"[0m  [["title", "Ruby, cats and lasers"], ["image_url", "https://i.guim.co.uk/img/media/c26ced2bb6cbf1e770623712c0b02e1a5b024edd/0_0_4728_2837/master/4728.jpg?width=1200&height=900&quality=85&auto=format&fit=crop&s=d6f720e62a15193ebd4fc0a6cd9ecaff\n        "], ["artist_id", 44], ["created_at", "2022-02-03 18:13:25.700965"], ["updated_at", "2022-02-03 18:13:25.700965"]]
  ↳ db/seeds.rb:15
  [1m[36mArtworkShare Load (2.7ms)[0m  [1m[34mSELECT "artwork_shares".* FROM "artwork_shares"[0m
  ↳ db/seeds.rb:18
  [1m[35m (0.3ms)[0m  [1m[31mROLLBACK[0m
  ↳ db/seeds.rb:4
  [1m[35m (0.8ms)[0m  [1m[34mSELECT "schema_migrations"."version" FROM "schema_migrations" ORDER BY "schema_migrations"."version" ASC[0m
  ↳ bin/rails:9
  [1m[35m (0.2ms)[0m  [1m[35mBEGIN[0m
  ↳ db/seeds.rb:4
  [1m[36mUser Load (34.2ms)[0m  [1m[34mSELECT "users".* FROM "users"[0m
  ↳ db/seeds.rb:5
  [1m[36mUser Destroy (0.5ms)[0m  [1m[31mDELETE FROM "users" WHERE "users"."id" = $1[0m  [["id", 35]]
  ↳ db/seeds.rb:5
  [1m[36mUser Destroy (0.3ms)[0m  [1m[31mDELETE FROM "users" WHERE "users"."id" = $1[0m  [["id", 36]]
  ↳ db/seeds.rb:5
  [1m[36mUser Destroy (0.3ms)[0m  [1m[31mDELETE FROM "users" WHERE "users"."id" = $1[0m  [["id", 37]]
  ↳ db/seeds.rb:5
  [1m[36mUser Destroy (0.2ms)[0m  [1m[31mDELETE FROM "users" WHERE "users"."id" = $1[0m  [["id", 38]]
  ↳ db/seeds.rb:5
  [1m[36mUser Destroy (0.3ms)[0m  [1m[31mDELETE FROM "users" WHERE "users"."id" = $1[0m  [["id", 39]]
  ↳ db/seeds.rb:5
  [1m[36mUser Create (0.5ms)[0m  [1m[32mINSERT INTO "users" ("username", "created_at", "updated_at") VALUES ($1, $2, $3) RETURNING "id"[0m  [["username", "CJ"], ["created_at", "2022-02-03 18:21:28.055297"], ["updated_at", "2022-02-03 18:21:28.055297"]]
  ↳ db/seeds.rb:7
  [1m[36mUser Create (0.2ms)[0m  [1m[32mINSERT INTO "users" ("username", "created_at", "updated_at") VALUES ($1, $2, $3) RETURNING "id"[0m  [["username", "Flarnie"], ["created_at", "2022-02-03 18:21:28.056795"], ["updated_at", "2022-02-03 18:21:28.056795"]]
  ↳ db/seeds.rb:8
  [1m[36mUser Create (0.3ms)[0m  [1m[32mINSERT INTO "users" ("username", "created_at", "updated_at") VALUES ($1, $2, $3) RETURNING "id"[0m  [["username", "Jeff"], ["created_at", "2022-02-03 18:21:28.057650"], ["updated_at", "2022-02-03 18:21:28.057650"]]
  ↳ db/seeds.rb:9
  [1m[36mUser Create (0.3ms)[0m  [1m[32mINSERT INTO "users" ("username", "created_at", "updated_at") VALUES ($1, $2, $3) RETURNING "id"[0m  [["username", "Georges St. Pierre"], ["created_at", "2022-02-03 18:21:28.058509"], ["updated_at", "2022-02-03 18:21:28.058509"]]
  ↳ db/seeds.rb:10
  [1m[36mUser Create (0.3ms)[0m  [1m[32mINSERT INTO "users" ("username", "created_at", "updated_at") VALUES ($1, $2, $3) RETURNING "id"[0m  [["username", "Ned"], ["created_at", "2022-02-03 18:21:28.059417"], ["updated_at", "2022-02-03 18:21:28.059417"]]
  ↳ db/seeds.rb:11
  [1m[36mArtwork Load (25.5ms)[0m  [1m[34mSELECT "artworks".* FROM "artworks"[0m
  ↳ db/seeds.rb:13
  [1m[36mArtwork Destroy (0.5ms)[0m  [1m[31mDELETE FROM "artworks" WHERE "artworks"."id" = $1[0m  [["id", 9]]
  ↳ db/seeds.rb:13
  [1m[36mArtwork Destroy (0.3ms)[0m  [1m[31mDELETE FROM "artworks" WHERE "artworks"."id" = $1[0m  [["id", 10]]
  ↳ db/seeds.rb:13
  [1m[36mArtwork Exists (0.4ms)[0m  [1m[34mSELECT  1 AS one FROM "artworks" WHERE "artworks"."artist_id" = $1 AND "artworks"."title" = $2 LIMIT $3[0m  [["artist_id", 5], ["title", "Ruby Magic"], ["LIMIT", 1]]
  ↳ db/seeds.rb:15
  [1m[36mUser Load (0.3ms)[0m  [1m[34mSELECT  "users".* FROM "users" WHERE "users"."id" = $1 LIMIT $2[0m  [["id", 5], ["LIMIT", 1]]
  ↳ db/seeds.rb:15
  [1m[36mArtwork Create (1.7ms)[0m  [1m[32mINSERT INTO "artworks" ("title", "image_url", "artist_id", "created_at", "updated_at") VALUES ($1, $2, $3, $4, $5) RETURNING "id"[0m  [["title", "Ruby Magic"], ["image_url", "https://i.guim.co.uk/img/media/c26ced2bb6cbf1e770623712c0b02e1a5b024edd/0_0_4728_2837/master/4728.jpg?width=1200&height=900&quality=85&auto=format&fit=crop&s=d6f720e62a15193ebd4fc0a6cd9ecaff\n        "], ["artist_id", 5], ["created_at", "2022-02-03 18:21:28.136217"], ["updated_at", "2022-02-03 18:21:28.136217"]]
  ↳ db/seeds.rb:15
  [1m[36mArtwork Exists (0.6ms)[0m  [1m[34mSELECT  1 AS one FROM "artworks" WHERE "artworks"."artist_id" = $1 AND "artworks"."title" = $2 LIMIT $3[0m  [["artist_id", 5], ["title", "Ruby, cats and lasers"], ["LIMIT", 1]]
  ↳ db/seeds.rb:17
  [1m[36mUser Load (1.2ms)[0m  [1m[34mSELECT  "users".* FROM "users" WHERE "users"."id" = $1 LIMIT $2[0m  [["id", 5], ["LIMIT", 1]]
  ↳ db/seeds.rb:17
  [1m[36mArtwork Create (0.3ms)[0m  [1m[32mINSERT INTO "artworks" ("title", "image_url", "artist_id", "created_at", "updated_at") VALUES ($1, $2, $3, $4, $5) RETURNING "id"[0m  [["title", "Ruby, cats and lasers"], ["image_url", "https://i.guim.co.uk/img/media/c26ced2bb6cbf1e770623712c0b02e1a5b024edd/0_0_4728_2837/master/4728.jpg?width=1200&height=900&quality=85&auto=format&fit=crop&s=d6f720e62a15193ebd4fc0a6cd9ecaff\n        "], ["artist_id", 5], ["created_at", "2022-02-03 18:21:28.144498"], ["updated_at", "2022-02-03 18:21:28.144498"]]
  ↳ db/seeds.rb:17
  [1m[36mArtworkShare Load (0.8ms)[0m  [1m[34mSELECT "artwork_shares".* FROM "artwork_shares"[0m
  ↳ db/seeds.rb:20
  [1m[36mArtworkShare Exists (0.5ms)[0m  [1m[34mSELECT  1 AS one FROM "artwork_shares" WHERE "artwork_shares"."artwork_id" = $1 LIMIT $2[0m  [["artwork_id", 1], ["LIMIT", 1]]
  ↳ db/seeds.rb:22
  [1m[36mArtworkShare Exists (0.3ms)[0m  [1m[34mSELECT  1 AS one FROM "artwork_shares" WHERE "artwork_shares"."viewer_id" = $1 LIMIT $2[0m  [["viewer_id", 3], ["LIMIT", 1]]
  ↳ db/seeds.rb:22
  [1m[36mArtwork Load (1.6ms)[0m  [1m[34mSELECT  "artworks".* FROM "artworks" WHERE "artworks"."id" = $1 LIMIT $2[0m  [["id", 1], ["LIMIT", 1]]
  ↳ db/seeds.rb:22
  [1m[36mUser Load (0.7ms)[0m  [1m[34mSELECT  "users".* FROM "users" WHERE "users"."id" = $1 LIMIT $2[0m  [["id", 3], ["LIMIT", 1]]
  ↳ db/seeds.rb:22
  [1m[36mArtworkShare Create (1.6ms)[0m  [1m[32mINSERT INTO "artwork_shares" ("artwork_id", "viewer_id", "created_at", "updated_at") VALUES ($1, $2, $3, $4) RETURNING "id"[0m  [["artwork_id", 1], ["viewer_id", 3], ["created_at", "2022-02-03 18:21:28.176705"], ["updated_at", "2022-02-03 18:21:28.176705"]]
  ↳ db/seeds.rb:22
  [1m[36mArtworkShare Exists (0.6ms)[0m  [1m[34mSELECT  1 AS one FROM "artwork_shares" WHERE "artwork_shares"."artwork_id" = $1 LIMIT $2[0m  [["artwork_id", 1], ["LIMIT", 1]]
  ↳ db/seeds.rb:23
  [1m[36mArtworkShare Exists (0.8ms)[0m  [1m[34mSELECT  1 AS one FROM "artwork_shares" WHERE "artwork_shares"."viewer_id" = $1 LIMIT $2[0m  [["viewer_id", 4], ["LIMIT", 1]]
  ↳ db/seeds.rb:23
  [1m[36mArtwork Load (0.6ms)[0m  [1m[34mSELECT  "artworks".* FROM "artworks" WHERE "artworks"."id" = $1 LIMIT $2[0m  [["id", 1], ["LIMIT", 1]]
  ↳ db/seeds.rb:23
  [1m[36mUser Load (0.3ms)[0m  [1m[34mSELECT  "users".* FROM "users" WHERE "users"."id" = $1 LIMIT $2[0m  [["id", 4], ["LIMIT", 1]]
  ↳ db/seeds.rb:23
  [1m[35m (0.6ms)[0m  [1m[31mROLLBACK[0m
  ↳ db/seeds.rb:4
  [1m[35m (1.0ms)[0m  [1m[34mSELECT "schema_migrations"."version" FROM "schema_migrations" ORDER BY "schema_migrations"."version" ASC[0m
  ↳ bin/rails:9
  [1m[35m (0.5ms)[0m  [1m[35mBEGIN[0m
  ↳ db/seeds.rb:4
  [1m[36mUser Load (3.1ms)[0m  [1m[34mSELECT "users".* FROM "users"[0m
  ↳ db/seeds.rb:5
  [1m[36mUser Destroy (0.5ms)[0m  [1m[31mDELETE FROM "users" WHERE "users"."id" = $1[0m  [["id", 35]]
  ↳ db/seeds.rb:5
  [1m[36mUser Destroy (0.2ms)[0m  [1m[31mDELETE FROM "users" WHERE "users"."id" = $1[0m  [["id", 36]]
  ↳ db/seeds.rb:5
  [1m[36mUser Destroy (0.2ms)[0m  [1m[31mDELETE FROM "users" WHERE "users"."id" = $1[0m  [["id", 37]]
  ↳ db/seeds.rb:5
  [1m[36mUser Destroy (0.2ms)[0m  [1m[31mDELETE FROM "users" WHERE "users"."id" = $1[0m  [["id", 38]]
  ↳ db/seeds.rb:5
  [1m[36mUser Destroy (0.2ms)[0m  [1m[31mDELETE FROM "users" WHERE "users"."id" = $1[0m  [["id", 39]]
  ↳ db/seeds.rb:5
  [1m[36mUser Create (0.4ms)[0m  [1m[32mINSERT INTO "users" ("username", "created_at", "updated_at") VALUES ($1, $2, $3) RETURNING "id"[0m  [["username", "CJ"], ["created_at", "2022-02-03 18:24:25.582734"], ["updated_at", "2022-02-03 18:24:25.582734"]]
  ↳ db/seeds.rb:7
  [1m[36mUser Create (0.2ms)[0m  [1m[32mINSERT INTO "users" ("username", "created_at", "updated_at") VALUES ($1, $2, $3) RETURNING "id"[0m  [["username", "Flarnie"], ["created_at", "2022-02-03 18:24:25.584187"], ["updated_at", "2022-02-03 18:24:25.584187"]]
  ↳ db/seeds.rb:8
  [1m[36mUser Create (0.2ms)[0m  [1m[32mINSERT INTO "users" ("username", "created_at", "updated_at") VALUES ($1, $2, $3) RETURNING "id"[0m  [["username", "Jeff"], ["created_at", "2022-02-03 18:24:25.585046"], ["updated_at", "2022-02-03 18:24:25.585046"]]
  ↳ db/seeds.rb:9
  [1m[36mUser Create (0.2ms)[0m  [1m[32mINSERT INTO "users" ("username", "created_at", "updated_at") VALUES ($1, $2, $3) RETURNING "id"[0m  [["username", "Georges St. Pierre"], ["created_at", "2022-02-03 18:24:25.585859"], ["updated_at", "2022-02-03 18:24:25.585859"]]
  ↳ db/seeds.rb:10
  [1m[36mUser Create (0.2ms)[0m  [1m[32mINSERT INTO "users" ("username", "created_at", "updated_at") VALUES ($1, $2, $3) RETURNING "id"[0m  [["username", "Ned"], ["created_at", "2022-02-03 18:24:25.586908"], ["updated_at", "2022-02-03 18:24:25.586908"]]
  ↳ db/seeds.rb:11
  [1m[36mArtwork Load (1.0ms)[0m  [1m[34mSELECT "artworks".* FROM "artworks"[0m
  ↳ db/seeds.rb:13
  [1m[36mArtwork Destroy (0.5ms)[0m  [1m[31mDELETE FROM "artworks" WHERE "artworks"."id" = $1[0m  [["id", 9]]
  ↳ db/seeds.rb:13
  [1m[36mArtwork Destroy (0.4ms)[0m  [1m[31mDELETE FROM "artworks" WHERE "artworks"."id" = $1[0m  [["id", 10]]
  ↳ db/seeds.rb:13
  [1m[36mArtwork Exists (0.8ms)[0m  [1m[34mSELECT  1 AS one FROM "artworks" WHERE "artworks"."artist_id" = $1 AND "artworks"."title" = $2 LIMIT $3[0m  [["artist_id", 5], ["title", "Ruby Magic"], ["LIMIT", 1]]
  ↳ db/seeds.rb:15
  [1m[36mUser Load (0.7ms)[0m  [1m[34mSELECT  "users".* FROM "users" WHERE "users"."id" = $1 LIMIT $2[0m  [["id", 5], ["LIMIT", 1]]
  ↳ db/seeds.rb:15
  [1m[36mArtwork Create (0.8ms)[0m  [1m[32mINSERT INTO "artworks" ("title", "image_url", "artist_id", "created_at", "updated_at") VALUES ($1, $2, $3, $4, $5) RETURNING "id"[0m  [["title", "Ruby Magic"], ["image_url", "https://i.guim.co.uk/img/media/c26ced2bb6cbf1e770623712c0b02e1a5b024edd/0_0_4728_2837/master/4728.jpg?width=1200&height=900&quality=85&auto=format&fit=crop&s=d6f720e62a15193ebd4fc0a6cd9ecaff\n        "], ["artist_id", 5], ["created_at", "2022-02-03 18:24:25.646665"], ["updated_at", "2022-02-03 18:24:25.646665"]]
  ↳ db/seeds.rb:15
  [1m[36mArtwork Exists (1.7ms)[0m  [1m[34mSELECT  1 AS one FROM "artworks" WHERE "artworks"."artist_id" = $1 AND "artworks"."title" = $2 LIMIT $3[0m  [["artist_id", 5], ["title", "Ruby, cats and lasers"], ["LIMIT", 1]]
  ↳ db/seeds.rb:17
  [1m[36mUser Load (0.4ms)[0m  [1m[34mSELECT  "users".* FROM "users" WHERE "users"."id" = $1 LIMIT $2[0m  [["id", 5], ["LIMIT", 1]]
  ↳ db/seeds.rb:17
  [1m[36mArtwork Create (0.3ms)[0m  [1m[32mINSERT INTO "artworks" ("title", "image_url", "artist_id", "created_at", "updated_at") VALUES ($1, $2, $3, $4, $5) RETURNING "id"[0m  [["title", "Ruby, cats and lasers"], ["image_url", "https://i.guim.co.uk/img/media/c26ced2bb6cbf1e770623712c0b02e1a5b024edd/0_0_4728_2837/master/4728.jpg?width=1200&height=900&quality=85&auto=format&fit=crop&s=d6f720e62a15193ebd4fc0a6cd9ecaff\n        "], ["artist_id", 5], ["created_at", "2022-02-03 18:24:25.655002"], ["updated_at", "2022-02-03 18:24:25.655002"]]
  ↳ db/seeds.rb:17
  [1m[36mArtworkShare Load (42.7ms)[0m  [1m[34mSELECT "artwork_shares".* FROM "artwork_shares"[0m
  ↳ db/seeds.rb:20
  [1m[36mArtworkShare Exists (0.9ms)[0m  [1m[34mSELECT  1 AS one FROM "artwork_shares" WHERE "artwork_shares"."artwork_id" = $1 LIMIT $2[0m  [["artwork_id", 1], ["LIMIT", 1]]
  ↳ db/seeds.rb:22
  [1m[36mArtworkShare Exists (0.4ms)[0m  [1m[34mSELECT  1 AS one FROM "artwork_shares" WHERE "artwork_shares"."viewer_id" = $1 LIMIT $2[0m  [["viewer_id", 3], ["LIMIT", 1]]
  ↳ db/seeds.rb:22
  [1m[36mArtwork Load (0.3ms)[0m  [1m[34mSELECT  "artworks".* FROM "artworks" WHERE "artworks"."id" = $1 LIMIT $2[0m  [["id", 1], ["LIMIT", 1]]
  ↳ db/seeds.rb:22
  [1m[36mUser Load (0.3ms)[0m  [1m[34mSELECT  "users".* FROM "users" WHERE "users"."id" = $1 LIMIT $2[0m  [["id", 3], ["LIMIT", 1]]
  ↳ db/seeds.rb:22
  [1m[36mArtworkShare Create (0.4ms)[0m  [1m[32mINSERT INTO "artwork_shares" ("artwork_id", "viewer_id", "created_at", "updated_at") VALUES ($1, $2, $3, $4) RETURNING "id"[0m  [["artwork_id", 1], ["viewer_id", 3], ["created_at", "2022-02-03 18:24:25.721062"], ["updated_at", "2022-02-03 18:24:25.721062"]]
  ↳ db/seeds.rb:22
  [1m[36mArtworkShare Exists (0.3ms)[0m  [1m[34mSELECT  1 AS one FROM "artwork_shares" WHERE "artwork_shares"."artwork_id" = $1 LIMIT $2[0m  [["artwork_id", 1], ["LIMIT", 1]]
  ↳ db/seeds.rb:23
  [1m[36mArtworkShare Exists (0.3ms)[0m  [1m[34mSELECT  1 AS one FROM "artwork_shares" WHERE "artwork_shares"."viewer_id" = $1 LIMIT $2[0m  [["viewer_id", 4], ["LIMIT", 1]]
  ↳ db/seeds.rb:23
  [1m[36mArtwork Load (0.2ms)[0m  [1m[34mSELECT  "artworks".* FROM "artworks" WHERE "artworks"."id" = $1 LIMIT $2[0m  [["id", 1], ["LIMIT", 1]]
  ↳ db/seeds.rb:23
  [1m[36mUser Load (0.4ms)[0m  [1m[34mSELECT  "users".* FROM "users" WHERE "users"."id" = $1 LIMIT $2[0m  [["id", 4], ["LIMIT", 1]]
  ↳ db/seeds.rb:23
  [1m[35m (0.4ms)[0m  [1m[31mROLLBACK[0m
  ↳ db/seeds.rb:4
  [1m[35m (0.8ms)[0m  [1m[34mSELECT "schema_migrations"."version" FROM "schema_migrations" ORDER BY "schema_migrations"."version" ASC[0m
  ↳ bin/rails:9
  [1m[35m (0.2ms)[0m  [1m[35mBEGIN[0m
  ↳ db/seeds.rb:4
  [1m[36mUser Load (0.7ms)[0m  [1m[34mSELECT "users".* FROM "users"[0m
  ↳ db/seeds.rb:5
  [1m[36mUser Destroy (4.3ms)[0m  [1m[31mDELETE FROM "users" WHERE "users"."id" = $1[0m  [["id", 35]]
  ↳ db/seeds.rb:5
  [1m[36mUser Destroy (0.8ms)[0m  [1m[31mDELETE FROM "users" WHERE "users"."id" = $1[0m  [["id", 36]]
  ↳ db/seeds.rb:5
  [1m[36mUser Destroy (1.1ms)[0m  [1m[31mDELETE FROM "users" WHERE "users"."id" = $1[0m  [["id", 37]]
  ↳ db/seeds.rb:5
  [1m[36mUser Destroy (0.4ms)[0m  [1m[31mDELETE FROM "users" WHERE "users"."id" = $1[0m  [["id", 38]]
  ↳ db/seeds.rb:5
  [1m[36mUser Destroy (0.4ms)[0m  [1m[31mDELETE FROM "users" WHERE "users"."id" = $1[0m  [["id", 39]]
  ↳ db/seeds.rb:5
  [1m[36mUser Create (0.6ms)[0m  [1m[32mINSERT INTO "users" ("username", "created_at", "updated_at") VALUES ($1, $2, $3) RETURNING "id"[0m  [["username", "CJ"], ["created_at", "2022-02-03 18:24:55.788742"], ["updated_at", "2022-02-03 18:24:55.788742"]]
  ↳ db/seeds.rb:7
  [1m[36mUser Create (0.4ms)[0m  [1m[32mINSERT INTO "users" ("username", "created_at", "updated_at") VALUES ($1, $2, $3) RETURNING "id"[0m  [["username", "Flarnie"], ["created_at", "2022-02-03 18:24:55.790762"], ["updated_at", "2022-02-03 18:24:55.790762"]]
  ↳ db/seeds.rb:8
  [1m[36mUser Create (0.4ms)[0m  [1m[32mINSERT INTO "users" ("username", "created_at", "updated_at") VALUES ($1, $2, $3) RETURNING "id"[0m  [["username", "Jeff"], ["created_at", "2022-02-03 18:24:55.792704"], ["updated_at", "2022-02-03 18:24:55.792704"]]
  ↳ db/seeds.rb:9
  [1m[36mUser Create (0.4ms)[0m  [1m[32mINSERT INTO "users" ("username", "created_at", "updated_at") VALUES ($1, $2, $3) RETURNING "id"[0m  [["username", "Georges St. Pierre"], ["created_at", "2022-02-03 18:24:55.794951"], ["updated_at", "2022-02-03 18:24:55.794951"]]
  ↳ db/seeds.rb:10
  [1m[36mUser Create (0.3ms)[0m  [1m[32mINSERT INTO "users" ("username", "created_at", "updated_at") VALUES ($1, $2, $3) RETURNING "id"[0m  [["username", "Ned"], ["created_at", "2022-02-03 18:24:55.796691"], ["updated_at", "2022-02-03 18:24:55.796691"]]
  ↳ db/seeds.rb:11
  [1m[36mArtwork Load (0.7ms)[0m  [1m[34mSELECT "artworks".* FROM "artworks"[0m
  ↳ db/seeds.rb:13
  [1m[36mArtwork Destroy (0.5ms)[0m  [1m[31mDELETE FROM "artworks" WHERE "artworks"."id" = $1[0m  [["id", 9]]
  ↳ db/seeds.rb:13
  [1m[36mArtwork Destroy (0.5ms)[0m  [1m[31mDELETE FROM "artworks" WHERE "artworks"."id" = $1[0m  [["id", 10]]
  ↳ db/seeds.rb:13
  [1m[36mArtwork Exists (0.6ms)[0m  [1m[34mSELECT  1 AS one FROM "artworks" WHERE "artworks"."artist_id" = $1 AND "artworks"."title" = $2 LIMIT $3[0m  [["artist_id", 5], ["title", "Ruby Magic"], ["LIMIT", 1]]
  ↳ db/seeds.rb:15
  [1m[36mUser Load (0.2ms)[0m  [1m[34mSELECT  "users".* FROM "users" WHERE "users"."id" = $1 LIMIT $2[0m  [["id", 5], ["LIMIT", 1]]
  ↳ db/seeds.rb:15
  [1m[36mArtwork Create (0.3ms)[0m  [1m[32mINSERT INTO "artworks" ("title", "image_url", "artist_id", "created_at", "updated_at") VALUES ($1, $2, $3, $4, $5) RETURNING "id"[0m  [["title", "Ruby Magic"], ["image_url", "https://i.guim.co.uk/img/media/c26ced2bb6cbf1e770623712c0b02e1a5b024edd/0_0_4728_2837/master/4728.jpg?width=1200&height=900&quality=85&auto=format&fit=crop&s=d6f720e62a15193ebd4fc0a6cd9ecaff\n        "], ["artist_id", 5], ["created_at", "2022-02-03 18:24:55.844787"], ["updated_at", "2022-02-03 18:24:55.844787"]]
  ↳ db/seeds.rb:15
  [1m[36mArtwork Exists (0.3ms)[0m  [1m[34mSELECT  1 AS one FROM "artworks" WHERE "artworks"."artist_id" = $1 AND "artworks"."title" = $2 LIMIT $3[0m  [["artist_id", 5], ["title", "Ruby, cats and lasers"], ["LIMIT", 1]]
  ↳ db/seeds.rb:17
  [1m[36mUser Load (0.6ms)[0m  [1m[34mSELECT  "users".* FROM "users" WHERE "users"."id" = $1 LIMIT $2[0m  [["id", 5], ["LIMIT", 1]]
  ↳ db/seeds.rb:17
  [1m[36mArtwork Create (0.3ms)[0m  [1m[32mINSERT INTO "artworks" ("title", "image_url", "artist_id", "created_at", "updated_at") VALUES ($1, $2, $3, $4, $5) RETURNING "id"[0m  [["title", "Ruby, cats and lasers"], ["image_url", "https://i.guim.co.uk/imgg/media/c26ced2bb6cbf1e770623712c0b02e1a5b024edd/0_0_4728_2837/master/4728.jpg?width=1200&height=900&quality=85&auto=format&fit=crop&s=d6f720e62a15193ebd4fc0a6cd9ecaff\n        "], ["artist_id", 5], ["created_at", "2022-02-03 18:24:55.848198"], ["updated_at", "2022-02-03 18:24:55.848198"]]
  ↳ db/seeds.rb:17
  [1m[36mArtworkShare Load (2.1ms)[0m  [1m[34mSELECT "artwork_shares".* FROM "artwork_shares"[0m
  ↳ db/seeds.rb:20
  [1m[36mArtworkShare Exists (0.5ms)[0m  [1m[34mSELECT  1 AS one FROM "artwork_shares" WHERE "artwork_shares"."artwork_id" = $1 LIMIT $2[0m  [["artwork_id", 1], ["LIMIT", 1]]
  ↳ db/seeds.rb:22
  [1m[36mArtworkShare Exists (0.4ms)[0m  [1m[34mSELECT  1 AS one FROM "artwork_shares" WHERE "artwork_shares"."viewer_id" = $1 LIMIT $2[0m  [["viewer_id", 3], ["LIMIT", 1]]
  ↳ db/seeds.rb:22
  [1m[36mArtwork Load (0.3ms)[0m  [1m[34mSELECT  "artworks".* FROM "artworks" WHERE "artworks"."id" = $1 LIMIT $2[0m  [["id", 1], ["LIMIT", 1]]
  ↳ db/seeds.rb:22
  [1m[36mUser Load (0.5ms)[0m  [1m[34mSELECT  "users".* FROM "users" WHERE "users"."id" = $1 LIMIT $2[0m  [["id", 3], ["LIMIT", 1]]
  ↳ db/seeds.rb:22
  [1m[36mArtworkShare Create (1.4ms)[0m  [1m[32mINSERT INTO "artwork_shares" ("artwork_id", "viewer_id", "created_at", "updated_at") VALUES ($1, $2, $3, $4) RETURNING "id"[0m  [["artwork_id", 1], ["viewer_id", 3], ["created_at", "2022-02-03 18:24:55.886328"], ["updated_at", "2022-02-03 18:24:55.886328"]]
  ↳ db/seeds.rb:22
  [1m[36mArtworkShare Exists (1.1ms)[0m  [1m[34mSELECT  1 AS one FROM "artwork_shares" WHERE "artwork_shares"."artwork_id" = $1 LIMIT $2[0m  [["artwork_id", 1], ["LIMIT", 1]]
  ↳ db/seeds.rb:23
  [1m[36mArtworkShare Exists (0.5ms)[0m  [1m[34mSELECT  1 AS one FROM "artwork_shares" WHERE "artwork_shares"."viewer_id" = $1 LIMIT $2[0m  [["viewer_id", 4], ["LIMIT", 1]]
  ↳ db/seeds.rb:23
  [1m[36mArtwork Load (0.3ms)[0m  [1m[34mSELECT  "artworks".* FROM "artworks" WHERE "artworks"."id" = $1 LIMIT $2[0m  [["id", 1], ["LIMIT", 1]]
  ↳ db/seeds.rb:23
  [1m[36mUser Load (0.2ms)[0m  [1m[34mSELECT  "users".* FROM "users" WHERE "users"."id" = $1 LIMIT $2[0m  [["id", 4], ["LIMIT", 1]]
  ↳ db/seeds.rb:23
  [1m[35m (0.3ms)[0m  [1m[31mROLLBACK[0m
  ↳ db/seeds.rb:4
  [1m[35m (0.7ms)[0m  [1m[34mSELECT "schema_migrations"."version" FROM "schema_migrations" ORDER BY "schema_migrations"."version" ASC[0m
  ↳ bin/rails:9
  [1m[35m (0.8ms)[0m  [1m[35mBEGIN[0m
  ↳ db/seeds.rb:4
  [1m[36mUser Load (1.1ms)[0m  [1m[34mSELECT "users".* FROM "users"[0m
  ↳ db/seeds.rb:5
  [1m[36mUser Destroy (1.2ms)[0m  [1m[31mDELETE FROM "users" WHERE "users"."id" = $1[0m  [["id", 35]]
  ↳ db/seeds.rb:5
  [1m[36mUser Destroy (0.3ms)[0m  [1m[31mDELETE FROM "users" WHERE "users"."id" = $1[0m  [["id", 36]]
  ↳ db/seeds.rb:5
  [1m[36mUser Destroy (0.4ms)[0m  [1m[31mDELETE FROM "users" WHERE "users"."id" = $1[0m  [["id", 37]]
  ↳ db/seeds.rb:5
  [1m[36mUser Destroy (0.4ms)[0m  [1m[31mDELETE FROM "users" WHERE "users"."id" = $1[0m  [["id", 38]]
  ↳ db/seeds.rb:5
  [1m[36mUser Destroy (0.3ms)[0m  [1m[31mDELETE FROM "users" WHERE "users"."id" = $1[0m  [["id", 39]]
  ↳ db/seeds.rb:5
  [1m[36mUser Create (0.7ms)[0m  [1m[32mINSERT INTO "users" ("username", "created_at", "updated_at") VALUES ($1, $2, $3) RETURNING "id"[0m  [["username", "CJ"], ["created_at", "2022-02-03 18:26:52.980945"], ["updated_at", "2022-02-03 18:26:52.980945"]]
  ↳ db/seeds.rb:7
  [1m[36mUser Create (0.3ms)[0m  [1m[32mINSERT INTO "users" ("username", "created_at", "updated_at") VALUES ($1, $2, $3) RETURNING "id"[0m  [["username", "Flarnie"], ["created_at", "2022-02-03 18:26:52.984519"], ["updated_at", "2022-02-03 18:26:52.984519"]]
  ↳ db/seeds.rb:8
  [1m[36mUser Create (0.3ms)[0m  [1m[32mINSERT INTO "users" ("username", "created_at", "updated_at") VALUES ($1, $2, $3) RETURNING "id"[0m  [["username", "Jeff"], ["created_at", "2022-02-03 18:26:52.985732"], ["updated_at", "2022-02-03 18:26:52.985732"]]
  ↳ db/seeds.rb:9
  [1m[36mUser Create (0.2ms)[0m  [1m[32mINSERT INTO "users" ("username", "created_at", "updated_at") VALUES ($1, $2, $3) RETURNING "id"[0m  [["username", "Georges St. Pierre"], ["created_at", "2022-02-03 18:26:52.987039"], ["updated_at", "2022-02-03 18:26:52.987039"]]
  ↳ db/seeds.rb:10
  [1m[36mUser Create (0.2ms)[0m  [1m[32mINSERT INTO "users" ("username", "created_at", "updated_at") VALUES ($1, $2, $3) RETURNING "id"[0m  [["username", "Ned"], ["created_at", "2022-02-03 18:26:52.988103"], ["updated_at", "2022-02-03 18:26:52.988103"]]
  ↳ db/seeds.rb:11
  [1m[36mArtwork Load (26.9ms)[0m  [1m[34mSELECT "artworks".* FROM "artworks"[0m
  ↳ db/seeds.rb:13
  [1m[36mArtwork Destroy (0.5ms)[0m  [1m[31mDELETE FROM "artworks" WHERE "artworks"."id" = $1[0m  [["id", 9]]
  ↳ db/seeds.rb:13
  [1m[36mArtwork Destroy (0.3ms)[0m  [1m[31mDELETE FROM "artworks" WHERE "artworks"."id" = $1[0m  [["id", 10]]
  ↳ db/seeds.rb:13
  [1m[36mArtwork Exists (0.8ms)[0m  [1m[34mSELECT  1 AS one FROM "artworks" WHERE "artworks"."artist_id" = $1 AND "artworks"."title" = $2 LIMIT $3[0m  [["artist_id", 5], ["title", "Ruby Magic"], ["LIMIT", 1]]
  ↳ db/seeds.rb:15
  [1m[36mUser Load (0.6ms)[0m  [1m[34mSELECT  "users".* FROM "users" WHERE "users"."id" = $1 LIMIT $2[0m  [["id", 5], ["LIMIT", 1]]
  ↳ db/seeds.rb:15
  [1m[36mArtwork Create (0.7ms)[0m  [1m[32mINSERT INTO "artworks" ("title", "image_url", "artist_id", "created_at", "updated_at") VALUES ($1, $2, $3, $4, $5) RETURNING "id"[0m  [["title", "Ruby Magic"], ["image_url", "https://i.guim.co.uk/img/media/c26ced2bb6cbf1e770623712c0b02e1a5b024edd/0_0_4728_2837/master/4728.jpg?width=1200&height=900&quality=85&auto=format&fit=crop&s=d6f720e62a15193ebd4fc0a6cd9ecaff\n        "], ["artist_id", 5], ["created_at", "2022-02-03 18:26:53.060782"], ["updated_at", "2022-02-03 18:26:53.060782"]]
  ↳ db/seeds.rb:15
  [1m[36mArtwork Exists (0.4ms)[0m  [1m[34mSELECT  1 AS one FROM "artworks" WHERE "artworks"."artist_id" = $1 AND "artworks"."title" = $2 LIMIT $3[0m  [["artist_id", 5], ["title", "Ruby, cats and lasers"], ["LIMIT", 1]]
  ↳ db/seeds.rb:17
  [1m[36mUser Load (0.4ms)[0m  [1m[34mSELECT  "users".* FROM "users" WHERE "users"."id" = $1 LIMIT $2[0m  [["id", 5], ["LIMIT", 1]]
  ↳ db/seeds.rb:17
  [1m[36mArtwork Create (1.4ms)[0m  [1m[32mINSERT INTO "artworks" ("title", "image_url", "artist_id", "created_at", "updated_at") VALUES ($1, $2, $3, $4, $5) RETURNING "id"[0m  [["title", "Ruby, cats and lasers"], ["image_url", "https://i.guim.co.uk/imgg/media/c26ced2bb6cbf1e770623712c0b02e1a5b024edd/0_0_4728_2837/master/4728.jpg?width=1200&height=900&quality=85&auto=format&fit=crop&s=d6f720e62a15193ebd4fc0a6cd9ecaff\n        "], ["artist_id", 5], ["created_at", "2022-02-03 18:26:53.067228"], ["updated_at", "2022-02-03 18:26:53.067228"]]
  ↳ db/seeds.rb:17
  [1m[36mArtworkShare Load (51.7ms)[0m  [1m[34mSELECT "artwork_shares".* FROM "artwork_shares"[0m
  ↳ db/seeds.rb:20
  [1m[36mArtwork Load (0.4ms)[0m  [1m[34mSELECT  "artworks".* FROM "artworks" WHERE "artworks"."id" = $1 LIMIT $2[0m  [["id", 1], ["LIMIT", 1]]
  ↳ db/seeds.rb:22
  [1m[36mUser Load (0.5ms)[0m  [1m[34mSELECT  "users".* FROM "users" WHERE "users"."id" = $1 LIMIT $2[0m  [["id", 3], ["LIMIT", 1]]
  ↳ db/seeds.rb:22
  [1m[36mArtworkShare Create (0.5ms)[0m  [1m[32mINSERT INTO "artwork_shares" ("artwork_id", "viewer_id", "created_at", "updated_at") VALUES ($1, $2, $3, $4) RETURNING "id"[0m  [["artwork_id", 1], ["viewer_id", 3], ["created_at", "2022-02-03 18:26:53.164038"], ["updated_at", "2022-02-03 18:26:53.164038"]]
  ↳ db/seeds.rb:22
  [1m[36mArtwork Load (0.4ms)[0m  [1m[34mSELECT  "artworks".* FROM "artworks" WHERE "artworks"."id" = $1 LIMIT $2[0m  [["id", 1], ["LIMIT", 1]]
  ↳ db/seeds.rb:23
  [1m[36mUser Load (0.3ms)[0m  [1m[34mSELECT  "users".* FROM "users" WHERE "users"."id" = $1 LIMIT $2[0m  [["id", 4], ["LIMIT", 1]]
  ↳ db/seeds.rb:23
  [1m[36mArtworkShare Create (9.9ms)[0m  [1m[32mINSERT INTO "artwork_shares" ("artwork_id", "viewer_id", "created_at", "updated_at") VALUES ($1, $2, $3, $4) RETURNING "id"[0m  [["artwork_id", 1], ["viewer_id", 4], ["created_at", "2022-02-03 18:26:53.168288"], ["updated_at", "2022-02-03 18:26:53.168288"]]
  ↳ db/seeds.rb:23
  [1m[35m (0.2ms)[0m  [1m[31mROLLBACK[0m
  ↳ db/seeds.rb:4
