  [1m[35m (169.9ms)[0m  [1m[35mCREATE DATABASE "music_app_development" ENCODING = 'unicode'[0m
  ↳ bin/rails:9
  [1m[35m (85.3ms)[0m  [1m[35mCREATE DATABASE "music_app_test" ENCODING = 'unicode'[0m
  ↳ bin/rails:9
  [1m[35m (32.5ms)[0m  [1m[35mCREATE TABLE "schema_migrations" ("version" character varying NOT NULL PRIMARY KEY)[0m
  ↳ bin/rails:9
  [1m[35m (7.7ms)[0m  [1m[35mCREATE TABLE "ar_internal_metadata" ("key" character varying NOT NULL PRIMARY KEY, "value" character varying, "created_at" timestamp NOT NULL, "updated_at" timestamp NOT NULL)[0m
  ↳ bin/rails:9
  [1m[35m (0.7ms)[0m  [1m[34mSELECT pg_try_advisory_lock(4505726345591715405)[0m
  ↳ bin/rails:9
  [1m[35m (0.8ms)[0m  [1m[34mSELECT "schema_migrations"."version" FROM "schema_migrations" ORDER BY "schema_migrations"."version" ASC[0m
  ↳ bin/rails:9
Migrating to CreateUsers (20220208184056)
  [1m[35m (0.1ms)[0m  [1m[35mBEGIN[0m
  ↳ bin/rails:9
  [1m[35m (12.3ms)[0m  [1m[35mCREATE TABLE "users" ("id" bigserial primary key, "email" character varying NOT NULL, "password_digest" character varying NOT NULL, "session_token" character varying NOT NULL, "created_at" timestamp NOT NULL, "updated_at" timestamp NOT NULL)[0m
  ↳ db/migrate/20220208184056_create_users.rb:3
  [1m[35m (2.3ms)[0m  [1m[35mCREATE UNIQUE INDEX  "index_users_on_email" ON "users"  ("email")[0m
  ↳ db/migrate/20220208184056_create_users.rb:9
  [1m[35m (0.8ms)[0m  [1m[35mCREATE UNIQUE INDEX  "index_users_on_session_token" ON "users"  ("session_token")[0m
  ↳ db/migrate/20220208184056_create_users.rb:10
  [1m[36mActiveRecord::SchemaMigration Create (3.5ms)[0m  [1m[32mINSERT INTO "schema_migrations" ("version") VALUES ($1) RETURNING "version"[0m  [["version", "20220208184056"]]
  ↳ bin/rails:9
  [1m[35m (0.3ms)[0m  [1m[35mCOMMIT[0m
  ↳ bin/rails:9
  [1m[36mActiveRecord::InternalMetadata Load (0.4ms)[0m  [1m[34mSELECT  "ar_internal_metadata".* FROM "ar_internal_metadata" WHERE "ar_internal_metadata"."key" = $1 LIMIT $2[0m  [["key", "environment"], ["LIMIT", 1]]
  ↳ bin/rails:9
  [1m[35m (0.2ms)[0m  [1m[35mBEGIN[0m
  ↳ bin/rails:9
  [1m[36mActiveRecord::InternalMetadata Create (1.2ms)[0m  [1m[32mINSERT INTO "ar_internal_metadata" ("key", "value", "created_at", "updated_at") VALUES ($1, $2, $3, $4) RETURNING "key"[0m  [["key", "environment"], ["value", "development"], ["created_at", "2022-02-08 18:46:17.357265"], ["updated_at", "2022-02-08 18:46:17.357265"]]
  ↳ bin/rails:9
  [1m[35m (0.3ms)[0m  [1m[35mCOMMIT[0m
  ↳ bin/rails:9
  [1m[35m (0.2ms)[0m  [1m[34mSELECT pg_advisory_unlock(4505726345591715405)[0m
  ↳ bin/rails:9
  [1m[35m (0.2ms)[0m  [1m[34mSELECT "schema_migrations"."version" FROM "schema_migrations" ORDER BY "schema_migrations"."version" ASC[0m
  ↳ bin/rails:9
  [1m[35m (0.9ms)[0m  [1m[34mSELECT "schema_migrations"."version" FROM "schema_migrations" ORDER BY "schema_migrations"."version" ASC[0m
  ↳ bin/rails:9
  [1m[35m (0.8ms)[0m  [1m[34mSELECT "schema_migrations"."version" FROM "schema_migrations" ORDER BY "schema_migrations"."version" ASC[0m
  ↳ /Users/justinnguyen/.rbenv/versions/2.5.8/bin/annotate:23
Started GET "/users" for ::1 at 2022-02-08 12:07:39 -0800
  [1m[35m (0.9ms)[0m  [1m[34mSELECT "schema_migrations"."version" FROM "schema_migrations" ORDER BY "schema_migrations"."version" ASC[0m
  ↳ /Users/justinnguyen/.rbenv/versions/2.5.8/lib/ruby/gems/2.5.0/gems/activerecord-5.2.6/lib/active_record/log_subscriber.rb:98
  
ActionController::RoutingError (No route matches [GET] "/users"):
  
actionpack (5.2.6) lib/action_dispatch/middleware/debug_exceptions.rb:65:in `call'
web-console (3.7.0) lib/web_console/middleware.rb:135:in `call_app'
web-console (3.7.0) lib/web_console/middleware.rb:30:in `block in call'
web-console (3.7.0) lib/web_console/middleware.rb:20:in `catch'
web-console (3.7.0) lib/web_console/middleware.rb:20:in `call'
actionpack (5.2.6) lib/action_dispatch/middleware/show_exceptions.rb:33:in `call'
railties (5.2.6) lib/rails/rack/logger.rb:38:in `call_app'
railties (5.2.6) lib/rails/rack/logger.rb:26:in `block in call'
activesupport (5.2.6) lib/active_support/tagged_logging.rb:71:in `block in tagged'
activesupport (5.2.6) lib/active_support/tagged_logging.rb:28:in `tagged'
activesupport (5.2.6) lib/active_support/tagged_logging.rb:71:in `tagged'
railties (5.2.6) lib/rails/rack/logger.rb:26:in `call'
sprockets-rails (3.4.2) lib/sprockets/rails/quiet_assets.rb:13:in `call'
actionpack (5.2.6) lib/action_dispatch/middleware/remote_ip.rb:81:in `call'
actionpack (5.2.6) lib/action_dispatch/middleware/request_id.rb:27:in `call'
rack (2.2.3) lib/rack/method_override.rb:24:in `call'
rack (2.2.3) lib/rack/runtime.rb:22:in `call'
activesupport (5.2.6) lib/active_support/cache/strategy/local_cache_middleware.rb:29:in `call'
actionpack (5.2.6) lib/action_dispatch/middleware/executor.rb:14:in `call'
actionpack (5.2.6) lib/action_dispatch/middleware/static.rb:127:in `call'
rack (2.2.3) lib/rack/sendfile.rb:110:in `call'
railties (5.2.6) lib/rails/engine.rb:524:in `call'
puma (3.12.6) lib/puma/configuration.rb:227:in `call'
puma (3.12.6) lib/puma/server.rb:706:in `handle_request'
puma (3.12.6) lib/puma/server.rb:476:in `process_client'
puma (3.12.6) lib/puma/server.rb:334:in `block in run'
puma (3.12.6) lib/puma/thread_pool.rb:135:in `block in spawn_thread'
Started GET "/users/new" for ::1 at 2022-02-08 12:07:50 -0800
Processing by UsersController#new as HTML
  [1m[36mUser Load (5.6ms)[0m  [1m[34mSELECT  "users".* FROM "users" WHERE "users"."session_token" IS NULL LIMIT $1[0m  [["LIMIT", 1]]
  ↳ app/controllers/application_controller.rb:5
  Rendering users/new.html.erb within layouts/application
  Rendered users/new.html.erb within layouts/application (1.9ms)
Completed 200 OK in 990ms (Views: 957.3ms | ActiveRecord: 17.4ms)


Started POST "/users" for ::1 at 2022-02-08 12:08:07 -0800
Processing by UsersController#create as HTML
  Parameters: {"authenticity_token"=>"/kFVtx7MnQzVwJcO/aYaXaeep449vlXJCZMuPaQScqpHFjPIPrR9SpJcqyQF0Y/Oxj6S6hlP/OOKuH3NfAS0ow==", "user"=>{"email"=>"hi@bye.com", "password"=>"[FILTERED]"}}
  [1m[36mUser Load (0.7ms)[0m  [1m[34mSELECT  "users".* FROM "users" WHERE "users"."session_token" IS NULL LIMIT $1[0m  [["LIMIT", 1]]
  ↳ app/controllers/application_controller.rb:5
  [1m[35m (0.2ms)[0m  [1m[35mBEGIN[0m
  ↳ app/controllers/users_controller.rb:18
  [1m[36mUser Exists (0.7ms)[0m  [1m[34mSELECT  1 AS one FROM "users" WHERE "users"."email" = $1 LIMIT $2[0m  [["email", "hi@bye.com"], ["LIMIT", 1]]
  ↳ app/controllers/users_controller.rb:18
  [1m[36mUser Exists (0.5ms)[0m  [1m[34mSELECT  1 AS one FROM "users" WHERE "users"."session_token" = $1 LIMIT $2[0m  [["session_token", "phL-eTvFGjv5QUfKa5L4pw"], ["LIMIT", 1]]
  ↳ app/controllers/users_controller.rb:18
  [1m[35m (7.0ms)[0m  [1m[31mROLLBACK[0m
  ↳ app/controllers/users_controller.rb:18
  Rendering users/new.html.erb within layouts/application
  Rendered users/new.html.erb within layouts/application (1.0ms)
Completed 200 OK in 280ms (Views: 24.6ms | ActiveRecord: 9.2ms)


Started GET "/" for ::1 at 2022-02-08 13:39:13 -0800
  [1m[35m (1.4ms)[0m  [1m[34mSELECT "schema_migrations"."version" FROM "schema_migrations" ORDER BY "schema_migrations"."version" ASC[0m
  ↳ /Users/justinnguyen/.rbenv/versions/2.5.8/lib/ruby/gems/2.5.0/gems/activerecord-5.2.6/lib/active_record/log_subscriber.rb:98
Processing by Rails::WelcomeController#index as HTML
  Rendering /Users/justinnguyen/.rbenv/versions/2.5.8/lib/ruby/gems/2.5.0/gems/railties-5.2.6/lib/rails/templates/rails/welcome/index.html.erb
  Rendered /Users/justinnguyen/.rbenv/versions/2.5.8/lib/ruby/gems/2.5.0/gems/railties-5.2.6/lib/rails/templates/rails/welcome/index.html.erb (3.7ms)
Completed 200 OK in 27ms (Views: 11.8ms | ActiveRecord: 0.0ms)


Started GET "/session" for ::1 at 2022-02-08 13:39:39 -0800
  
ActionController::RoutingError (No route matches [GET] "/session"):
  
actionpack (5.2.6) lib/action_dispatch/middleware/debug_exceptions.rb:65:in `call'
web-console (3.7.0) lib/web_console/middleware.rb:135:in `call_app'
web-console (3.7.0) lib/web_console/middleware.rb:30:in `block in call'
web-console (3.7.0) lib/web_console/middleware.rb:20:in `catch'
web-console (3.7.0) lib/web_console/middleware.rb:20:in `call'
actionpack (5.2.6) lib/action_dispatch/middleware/show_exceptions.rb:33:in `call'
railties (5.2.6) lib/rails/rack/logger.rb:38:in `call_app'
railties (5.2.6) lib/rails/rack/logger.rb:26:in `block in call'
activesupport (5.2.6) lib/active_support/tagged_logging.rb:71:in `block in tagged'
activesupport (5.2.6) lib/active_support/tagged_logging.rb:28:in `tagged'
activesupport (5.2.6) lib/active_support/tagged_logging.rb:71:in `tagged'
railties (5.2.6) lib/rails/rack/logger.rb:26:in `call'
sprockets-rails (3.4.2) lib/sprockets/rails/quiet_assets.rb:13:in `call'
actionpack (5.2.6) lib/action_dispatch/middleware/remote_ip.rb:81:in `call'
actionpack (5.2.6) lib/action_dispatch/middleware/request_id.rb:27:in `call'
rack (2.2.3) lib/rack/method_override.rb:24:in `call'
rack (2.2.3) lib/rack/runtime.rb:22:in `call'
activesupport (5.2.6) lib/active_support/cache/strategy/local_cache_middleware.rb:29:in `call'
actionpack (5.2.6) lib/action_dispatch/middleware/executor.rb:14:in `call'
actionpack (5.2.6) lib/action_dispatch/middleware/static.rb:127:in `call'
rack (2.2.3) lib/rack/sendfile.rb:110:in `call'
railties (5.2.6) lib/rails/engine.rb:524:in `call'
puma (3.12.6) lib/puma/configuration.rb:227:in `call'
puma (3.12.6) lib/puma/server.rb:706:in `handle_request'
puma (3.12.6) lib/puma/server.rb:476:in `process_client'
puma (3.12.6) lib/puma/server.rb:334:in `block in run'
puma (3.12.6) lib/puma/thread_pool.rb:135:in `block in spawn_thread'
Started GET "/sessions" for ::1 at 2022-02-08 13:39:45 -0800
  
ActionController::RoutingError (No route matches [GET] "/sessions"):
  
actionpack (5.2.6) lib/action_dispatch/middleware/debug_exceptions.rb:65:in `call'
web-console (3.7.0) lib/web_console/middleware.rb:135:in `call_app'
web-console (3.7.0) lib/web_console/middleware.rb:30:in `block in call'
web-console (3.7.0) lib/web_console/middleware.rb:20:in `catch'
web-console (3.7.0) lib/web_console/middleware.rb:20:in `call'
actionpack (5.2.6) lib/action_dispatch/middleware/show_exceptions.rb:33:in `call'
railties (5.2.6) lib/rails/rack/logger.rb:38:in `call_app'
railties (5.2.6) lib/rails/rack/logger.rb:26:in `block in call'
activesupport (5.2.6) lib/active_support/tagged_logging.rb:71:in `block in tagged'
activesupport (5.2.6) lib/active_support/tagged_logging.rb:28:in `tagged'
activesupport (5.2.6) lib/active_support/tagged_logging.rb:71:in `tagged'
railties (5.2.6) lib/rails/rack/logger.rb:26:in `call'
sprockets-rails (3.4.2) lib/sprockets/rails/quiet_assets.rb:13:in `call'
actionpack (5.2.6) lib/action_dispatch/middleware/remote_ip.rb:81:in `call'
actionpack (5.2.6) lib/action_dispatch/middleware/request_id.rb:27:in `call'
rack (2.2.3) lib/rack/method_override.rb:24:in `call'
rack (2.2.3) lib/rack/runtime.rb:22:in `call'
activesupport (5.2.6) lib/active_support/cache/strategy/local_cache_middleware.rb:29:in `call'
actionpack (5.2.6) lib/action_dispatch/middleware/executor.rb:14:in `call'
actionpack (5.2.6) lib/action_dispatch/middleware/static.rb:127:in `call'
rack (2.2.3) lib/rack/sendfile.rb:110:in `call'
railties (5.2.6) lib/rails/engine.rb:524:in `call'
puma (3.12.6) lib/puma/configuration.rb:227:in `call'
puma (3.12.6) lib/puma/server.rb:706:in `handle_request'
puma (3.12.6) lib/puma/server.rb:476:in `process_client'
puma (3.12.6) lib/puma/server.rb:334:in `block in run'
puma (3.12.6) lib/puma/thread_pool.rb:135:in `block in spawn_thread'
Started GET "/session" for ::1 at 2022-02-08 13:40:28 -0800
  
ActionController::RoutingError (No route matches [GET] "/session"):
  
actionpack (5.2.6) lib/action_dispatch/middleware/debug_exceptions.rb:65:in `call'
web-console (3.7.0) lib/web_console/middleware.rb:135:in `call_app'
web-console (3.7.0) lib/web_console/middleware.rb:30:in `block in call'
web-console (3.7.0) lib/web_console/middleware.rb:20:in `catch'
web-console (3.7.0) lib/web_console/middleware.rb:20:in `call'
actionpack (5.2.6) lib/action_dispatch/middleware/show_exceptions.rb:33:in `call'
railties (5.2.6) lib/rails/rack/logger.rb:38:in `call_app'
railties (5.2.6) lib/rails/rack/logger.rb:26:in `block in call'
activesupport (5.2.6) lib/active_support/tagged_logging.rb:71:in `block in tagged'
activesupport (5.2.6) lib/active_support/tagged_logging.rb:28:in `tagged'
activesupport (5.2.6) lib/active_support/tagged_logging.rb:71:in `tagged'
railties (5.2.6) lib/rails/rack/logger.rb:26:in `call'
sprockets-rails (3.4.2) lib/sprockets/rails/quiet_assets.rb:13:in `call'
actionpack (5.2.6) lib/action_dispatch/middleware/remote_ip.rb:81:in `call'
actionpack (5.2.6) lib/action_dispatch/middleware/request_id.rb:27:in `call'
rack (2.2.3) lib/rack/method_override.rb:24:in `call'
rack (2.2.3) lib/rack/runtime.rb:22:in `call'
activesupport (5.2.6) lib/active_support/cache/strategy/local_cache_middleware.rb:29:in `call'
actionpack (5.2.6) lib/action_dispatch/middleware/executor.rb:14:in `call'
actionpack (5.2.6) lib/action_dispatch/middleware/static.rb:127:in `call'
rack (2.2.3) lib/rack/sendfile.rb:110:in `call'
railties (5.2.6) lib/rails/engine.rb:524:in `call'
puma (3.12.6) lib/puma/configuration.rb:227:in `call'
puma (3.12.6) lib/puma/server.rb:706:in `handle_request'
puma (3.12.6) lib/puma/server.rb:476:in `process_client'
puma (3.12.6) lib/puma/server.rb:334:in `block in run'
puma (3.12.6) lib/puma/thread_pool.rb:135:in `block in spawn_thread'
Started GET "/users" for ::1 at 2022-02-08 13:40:46 -0800
  
ActionController::RoutingError (No route matches [GET] "/users"):
  
actionpack (5.2.6) lib/action_dispatch/middleware/debug_exceptions.rb:65:in `call'
web-console (3.7.0) lib/web_console/middleware.rb:135:in `call_app'
web-console (3.7.0) lib/web_console/middleware.rb:30:in `block in call'
web-console (3.7.0) lib/web_console/middleware.rb:20:in `catch'
web-console (3.7.0) lib/web_console/middleware.rb:20:in `call'
actionpack (5.2.6) lib/action_dispatch/middleware/show_exceptions.rb:33:in `call'
railties (5.2.6) lib/rails/rack/logger.rb:38:in `call_app'
railties (5.2.6) lib/rails/rack/logger.rb:26:in `block in call'
activesupport (5.2.6) lib/active_support/tagged_logging.rb:71:in `block in tagged'
activesupport (5.2.6) lib/active_support/tagged_logging.rb:28:in `tagged'
activesupport (5.2.6) lib/active_support/tagged_logging.rb:71:in `tagged'
railties (5.2.6) lib/rails/rack/logger.rb:26:in `call'
sprockets-rails (3.4.2) lib/sprockets/rails/quiet_assets.rb:13:in `call'
actionpack (5.2.6) lib/action_dispatch/middleware/remote_ip.rb:81:in `call'
actionpack (5.2.6) lib/action_dispatch/middleware/request_id.rb:27:in `call'
rack (2.2.3) lib/rack/method_override.rb:24:in `call'
rack (2.2.3) lib/rack/runtime.rb:22:in `call'
activesupport (5.2.6) lib/active_support/cache/strategy/local_cache_middleware.rb:29:in `call'
actionpack (5.2.6) lib/action_dispatch/middleware/executor.rb:14:in `call'
actionpack (5.2.6) lib/action_dispatch/middleware/static.rb:127:in `call'
rack (2.2.3) lib/rack/sendfile.rb:110:in `call'
railties (5.2.6) lib/rails/engine.rb:524:in `call'
puma (3.12.6) lib/puma/configuration.rb:227:in `call'
puma (3.12.6) lib/puma/server.rb:706:in `handle_request'
puma (3.12.6) lib/puma/server.rb:476:in `process_client'
puma (3.12.6) lib/puma/server.rb:334:in `block in run'
puma (3.12.6) lib/puma/thread_pool.rb:135:in `block in spawn_thread'
Started GET "/users/new" for ::1 at 2022-02-08 13:41:14 -0800
Processing by UsersController#new as HTML
  [1m[36mUser Load (11.1ms)[0m  [1m[34mSELECT  "users".* FROM "users" WHERE "users"."session_token" IS NULL LIMIT $1[0m  [["LIMIT", 1]]
  ↳ app/controllers/application_controller.rb:5
  Rendering users/new.html.erb within layouts/application
  Rendered users/new.html.erb within layouts/application (0.9ms)
  [1m[36mCACHE User Load (0.0ms)[0m  [1m[34mSELECT  "users".* FROM "users" WHERE "users"."session_token" IS NULL LIMIT $1[0m  [["LIMIT", 1]]
  ↳ app/controllers/application_controller.rb:5
Completed 200 OK in 322ms (Views: 258.4ms | ActiveRecord: 36.4ms)


Started GET "/session/new" for ::1 at 2022-02-08 13:41:26 -0800
Processing by SessionsController#new as HTML
  Rendering sessions/new.html.erb within layouts/application
  Rendered sessions/new.html.erb within layouts/application (0.7ms)
  [1m[36mUser Load (0.5ms)[0m  [1m[34mSELECT  "users".* FROM "users" WHERE "users"."session_token" IS NULL LIMIT $1[0m  [["LIMIT", 1]]
  ↳ app/controllers/application_controller.rb:5
Completed 200 OK in 34ms (Views: 32.7ms | ActiveRecord: 0.5ms)


Started GET "/users/new" for ::1 at 2022-02-08 13:41:28 -0800
Processing by UsersController#new as HTML
  [1m[36mUser Load (0.9ms)[0m  [1m[34mSELECT  "users".* FROM "users" WHERE "users"."session_token" IS NULL LIMIT $1[0m  [["LIMIT", 1]]
  ↳ app/controllers/application_controller.rb:5
  Rendering users/new.html.erb within layouts/application
  Rendered users/new.html.erb within layouts/application (0.8ms)
  [1m[36mCACHE User Load (0.0ms)[0m  [1m[34mSELECT  "users".* FROM "users" WHERE "users"."session_token" IS NULL LIMIT $1[0m  [["LIMIT", 1]]
  ↳ app/controllers/application_controller.rb:5
Completed 200 OK in 34ms (Views: 30.6ms | ActiveRecord: 1.0ms)


Started GET "/session/new" for ::1 at 2022-02-08 13:41:30 -0800
Processing by SessionsController#new as HTML
  Rendering sessions/new.html.erb within layouts/application
  Rendered sessions/new.html.erb within layouts/application (0.6ms)
  [1m[36mUser Load (0.4ms)[0m  [1m[34mSELECT  "users".* FROM "users" WHERE "users"."session_token" IS NULL LIMIT $1[0m  [["LIMIT", 1]]
  ↳ app/controllers/application_controller.rb:5
Completed 200 OK in 31ms (Views: 29.2ms | ActiveRecord: 0.4ms)


Started GET "/users/new" for ::1 at 2022-02-08 13:41:31 -0800
Processing by UsersController#new as HTML
  [1m[36mUser Load (0.4ms)[0m  [1m[34mSELECT  "users".* FROM "users" WHERE "users"."session_token" IS NULL LIMIT $1[0m  [["LIMIT", 1]]
  ↳ app/controllers/application_controller.rb:5
  Rendering users/new.html.erb within layouts/application
  Rendered users/new.html.erb within layouts/application (0.8ms)
  [1m[36mCACHE User Load (0.0ms)[0m  [1m[34mSELECT  "users".* FROM "users" WHERE "users"."session_token" IS NULL LIMIT $1[0m  [["LIMIT", 1]]
  ↳ app/controllers/application_controller.rb:5
Completed 200 OK in 38ms (Views: 35.2ms | ActiveRecord: 0.4ms)


Started GET "/session/new" for ::1 at 2022-02-08 13:41:39 -0800
Processing by SessionsController#new as HTML
  Rendering sessions/new.html.erb within layouts/application
  Rendered sessions/new.html.erb within layouts/application (0.7ms)
  [1m[36mUser Load (0.4ms)[0m  [1m[34mSELECT  "users".* FROM "users" WHERE "users"."session_token" IS NULL LIMIT $1[0m  [["LIMIT", 1]]
  ↳ app/controllers/application_controller.rb:5
Completed 200 OK in 32ms (Views: 30.5ms | ActiveRecord: 0.4ms)


Started POST "/session" for ::1 at 2022-02-08 13:41:45 -0800
Processing by SessionsController#create as HTML
  Parameters: {"authenticity_token"=>"AbVRspe1IKEc8kG+KLXcsACe09xzHxzLJsqUgfbs6Dm44jfNt83A51tufZTQwkkjYT7muFfuteGl4cdxLvouMA==", "user"=>{"email"=>"judnguyen@ucdavis.edu", "password"=>"[FILTERED]"}}
  [1m[36mUser Load (0.3ms)[0m  [1m[34mSELECT  "users".* FROM "users" WHERE "users"."email" IS NULL LIMIT $1[0m  [["LIMIT", 1]]
  ↳ app/models/user.rb:22
  Rendering sessions/new.html.erb within layouts/application
  Rendered sessions/new.html.erb within layouts/application (5.3ms)
Completed 500 Internal Server Error in 19ms (ActiveRecord: 0.3ms)



NoMethodError - undefined method `email' for nil:NilClass:
  app/views/sessions/new.html.erb:6:in `_app_views_sessions_new_html_erb__2320054888175962378_70273462415300'
  app/controllers/sessions_controller.rb:9:in `create'

Started POST "/__better_errors/3cfd85970b6f401c/variables" for ::1 at 2022-02-08 13:41:45 -0800
Started POST "/__better_errors/3cfd85970b6f401c/variables" for ::1 at 2022-02-08 13:42:01 -0800
Started GET "/users/new" for ::1 at 2022-02-08 13:42:49 -0800
Processing by UsersController#new as HTML
  [1m[36mUser Load (0.2ms)[0m  [1m[34mSELECT  "users".* FROM "users" WHERE "users"."session_token" IS NULL LIMIT $1[0m  [["LIMIT", 1]]
  ↳ app/controllers/application_controller.rb:5
  Rendering users/new.html.erb within layouts/application
  Rendered users/new.html.erb within layouts/application (1.0ms)
  [1m[36mCACHE User Load (0.0ms)[0m  [1m[34mSELECT  "users".* FROM "users" WHERE "users"."session_token" IS NULL LIMIT $1[0m  [["LIMIT", 1]]
  ↳ app/controllers/application_controller.rb:5
Completed 200 OK in 36ms (Views: 34.1ms | ActiveRecord: 0.3ms)


Started POST "/users" for ::1 at 2022-02-08 13:42:54 -0800
Processing by UsersController#create as HTML
  Parameters: {"authenticity_token"=>"84tLgpUQwx6mWUxTVRsZqtz3IUciztmuhvkWbbC3AxhK3C39tWgjWOHFcHmtbIw5vVcUIwY/cIQF0kWdaKHFEQ==", "user"=>{"email"=>"judnguyen@ucdavis.edu", "password"=>"[FILTERED]"}}
  [1m[36mUser Load (0.3ms)[0m  [1m[34mSELECT  "users".* FROM "users" WHERE "users"."session_token" IS NULL LIMIT $1[0m  [["LIMIT", 1]]
  ↳ app/controllers/application_controller.rb:5
  [1m[35m (0.4ms)[0m  [1m[35mBEGIN[0m
  ↳ app/controllers/users_controller.rb:18
  [1m[36mUser Exists (0.7ms)[0m  [1m[34mSELECT  1 AS one FROM "users" WHERE "users"."email" = $1 LIMIT $2[0m  [["email", "judnguyen@ucdavis.edu"], ["LIMIT", 1]]
  ↳ app/controllers/users_controller.rb:18
  [1m[36mUser Exists (0.3ms)[0m  [1m[34mSELECT  1 AS one FROM "users" WHERE "users"."session_token" = $1 LIMIT $2[0m  [["session_token", "zcsqtaPW4u3ftZus2t_QEA"], ["LIMIT", 1]]
  ↳ app/controllers/users_controller.rb:18
  [1m[36mUser Create (10.1ms)[0m  [1m[32mINSERT INTO "users" ("email", "password_digest", "session_token", "created_at", "updated_at") VALUES ($1, $2, $3, $4, $5) RETURNING "id"[0m  [["email", "judnguyen@ucdavis.edu"], ["password_digest", "$2a$12$B5PC.hIbESareDbxVJ9Vle7VVf1gZF108b1cAS6GayFe7r.EUNav2"], ["session_token", "zcsqtaPW4u3ftZus2t_QEA"], ["created_at", "2022-02-08 21:42:55.030933"], ["updated_at", "2022-02-08 21:42:55.030933"]]
  ↳ app/controllers/users_controller.rb:18
  [1m[35m (1.1ms)[0m  [1m[35mCOMMIT[0m
  ↳ app/controllers/users_controller.rb:18
  [1m[35m (0.2ms)[0m  [1m[35mBEGIN[0m
  ↳ app/models/user.rb:39
  [1m[36mUser Exists (0.8ms)[0m  [1m[34mSELECT  1 AS one FROM "users" WHERE "users"."email" = $1 AND "users"."id" != $2 LIMIT $3[0m  [["email", "judnguyen@ucdavis.edu"], ["id", 1], ["LIMIT", 1]]
  ↳ app/models/user.rb:39
  [1m[36mUser Exists (0.5ms)[0m  [1m[34mSELECT  1 AS one FROM "users" WHERE "users"."session_token" = $1 AND "users"."id" != $2 LIMIT $3[0m  [["session_token", "ICbKzV9hBxgazW96VPGB4Q"], ["id", 1], ["LIMIT", 1]]
  ↳ app/models/user.rb:39
  [1m[36mUser Update (7.2ms)[0m  [1m[33mUPDATE "users" SET "session_token" = $1, "updated_at" = $2 WHERE "users"."id" = $3[0m  [["session_token", "ICbKzV9hBxgazW96VPGB4Q"], ["updated_at", "2022-02-08 21:42:55.047491"], ["id", 1]]
  ↳ app/models/user.rb:39
  [1m[35m (0.4ms)[0m  [1m[35mCOMMIT[0m
  ↳ app/models/user.rb:39
Redirected to http://localhost:3000/users/1
Completed 302 Found in 250ms (ActiveRecord: 22.0ms)


Started GET "/users/1" for ::1 at 2022-02-08 13:42:55 -0800
Processing by UsersController#show as HTML
  Parameters: {"id"=>"1"}
Completed 500 Internal Server Error in 103ms (ActiveRecord: 0.0ms)



NoMethodError - undefined method `requre_logged_in' for #<UsersController:0x00007fd3a6ea27a8>
Did you mean?  require_logged_in
               require_logged_out:

Started POST "/__better_errors/68eadcad49bf3ccb/variables" for ::1 at 2022-02-08 13:42:55 -0800
Started GET "/users/1" for ::1 at 2022-02-08 13:43:18 -0800
Processing by UsersController#show as HTML
  Parameters: {"id"=>"1"}
  [1m[36mUser Load (0.4ms)[0m  [1m[34mSELECT  "users".* FROM "users" WHERE "users"."session_token" = $1 LIMIT $2[0m  [["session_token", "ICbKzV9hBxgazW96VPGB4Q"], ["LIMIT", 1]]
  ↳ app/controllers/application_controller.rb:5
  [1m[36mUser Load (0.5ms)[0m  [1m[34mSELECT  "users".* FROM "users" WHERE "users"."id" = $1 LIMIT $2[0m  [["id", 1], ["LIMIT", 1]]
  ↳ app/controllers/users_controller.rb:6
  Rendering users/show.html.erb within layouts/application
  Rendered users/show.html.erb within layouts/application (0.6ms)
Completed 500 Internal Server Error in 63ms (ActiveRecord: 7.6ms)



NoMethodError - undefined method `username' for #<User:0x00007fd3a6d6b920>:
  app/views/layouts/application.html.erb:15:in `_app_views_layouts_application_html_erb___1901478460557656390_70273501608340'
  app/controllers/users_controller.rb:7:in `show'

Started POST "/__better_errors/4dbada19cab2c53e/variables" for ::1 at 2022-02-08 13:43:18 -0800
Started GET "/users/1" for ::1 at 2022-02-08 13:43:44 -0800
Processing by UsersController#show as HTML
  Parameters: {"id"=>"1"}
  [1m[36mUser Load (0.6ms)[0m  [1m[34mSELECT  "users".* FROM "users" WHERE "users"."session_token" = $1 LIMIT $2[0m  [["session_token", "ICbKzV9hBxgazW96VPGB4Q"], ["LIMIT", 1]]
  ↳ app/controllers/application_controller.rb:5
  [1m[36mUser Load (0.5ms)[0m  [1m[34mSELECT  "users".* FROM "users" WHERE "users"."id" = $1 LIMIT $2[0m  [["id", 1], ["LIMIT", 1]]
  ↳ app/controllers/users_controller.rb:6
  Rendering users/show.html.erb within layouts/application
  Rendered users/show.html.erb within layouts/application (0.4ms)
Completed 200 OK in 35ms (Views: 31.2ms | ActiveRecord: 1.0ms)


Started DELETE "/session" for ::1 at 2022-02-08 13:44:00 -0800
Processing by SessionsController#destroy as HTML
  Parameters: {"authenticity_token"=>"yyK/84S4cz0/bfK+FROzoQZ7Fgs0rSGbmqFLXIL3rfhyddmMpMCTe3jxzpTtZCYyZ9sjbxBciLEZihisWuFr8Q=="}
  [1m[36mUser Load (0.5ms)[0m  [1m[34mSELECT  "users".* FROM "users" WHERE "users"."session_token" = $1 LIMIT $2[0m  [["session_token", "ICbKzV9hBxgazW96VPGB4Q"], ["LIMIT", 1]]
  ↳ app/controllers/application_controller.rb:5
  [1m[35m (0.3ms)[0m  [1m[35mBEGIN[0m
  ↳ app/models/user.rb:39
  [1m[36mUser Exists (0.5ms)[0m  [1m[34mSELECT  1 AS one FROM "users" WHERE "users"."email" = $1 AND "users"."id" != $2 LIMIT $3[0m  [["email", "judnguyen@ucdavis.edu"], ["id", 1], ["LIMIT", 1]]
  ↳ app/models/user.rb:39
  [1m[36mUser Exists (2.3ms)[0m  [1m[34mSELECT  1 AS one FROM "users" WHERE "users"."session_token" = $1 AND "users"."id" != $2 LIMIT $3[0m  [["session_token", "wdXynm0PlduaQosKA3ZDLQ"], ["id", 1], ["LIMIT", 1]]
  ↳ app/models/user.rb:39
  [1m[36mUser Update (0.6ms)[0m  [1m[33mUPDATE "users" SET "session_token" = $1, "updated_at" = $2 WHERE "users"."id" = $3[0m  [["session_token", "wdXynm0PlduaQosKA3ZDLQ"], ["updated_at", "2022-02-08 21:44:00.608826"], ["id", 1]]
  ↳ app/models/user.rb:39
  [1m[35m (0.9ms)[0m  [1m[35mCOMMIT[0m
  ↳ app/models/user.rb:39
Redirected to http://localhost:3000/session/new
Completed 302 Found in 13ms (ActiveRecord: 5.2ms)


Started GET "/session/new" for ::1 at 2022-02-08 13:44:00 -0800
Processing by SessionsController#new as HTML
  Rendering sessions/new.html.erb within layouts/application
  Rendered sessions/new.html.erb within layouts/application (0.7ms)
  [1m[36mUser Load (0.3ms)[0m  [1m[34mSELECT  "users".* FROM "users" WHERE "users"."session_token" IS NULL LIMIT $1[0m  [["LIMIT", 1]]
  ↳ app/controllers/application_controller.rb:5
Completed 200 OK in 31ms (Views: 29.5ms | ActiveRecord: 0.3ms)


Started GET "/session/new" for ::1 at 2022-02-08 13:48:01 -0800
Processing by SessionsController#new as HTML
  Rendering sessions/new.html.erb within layouts/application
  Rendered sessions/new.html.erb within layouts/application (0.6ms)
  [1m[36mUser Load (0.3ms)[0m  [1m[34mSELECT  "users".* FROM "users" WHERE "users"."session_token" IS NULL LIMIT $1[0m  [["LIMIT", 1]]
  ↳ app/controllers/application_controller.rb:5
Completed 200 OK in 25ms (Views: 23.9ms | ActiveRecord: 0.3ms)


Started GET "/session/new" for ::1 at 2022-02-08 13:48:45 -0800
Processing by SessionsController#new as HTML
  Rendering sessions/new.html.erb within layouts/application
  Rendered sessions/new.html.erb within layouts/application (0.8ms)
  [1m[36mUser Load (0.4ms)[0m  [1m[34mSELECT  "users".* FROM "users" WHERE "users"."session_token" IS NULL LIMIT $1[0m  [["LIMIT", 1]]
  ↳ app/controllers/application_controller.rb:5
Completed 200 OK in 33ms (Views: 31.6ms | ActiveRecord: 0.4ms)


Started GET "/session/new" for ::1 at 2022-02-08 13:49:21 -0800
Processing by SessionsController#new as HTML
  Rendering sessions/new.html.erb within layouts/application
  Rendered sessions/new.html.erb within layouts/application (0.7ms)
  [1m[36mUser Load (0.3ms)[0m  [1m[34mSELECT  "users".* FROM "users" WHERE "users"."session_token" IS NULL LIMIT $1[0m  [["LIMIT", 1]]
  ↳ app/controllers/application_controller.rb:5
Completed 200 OK in 33ms (Views: 31.6ms | ActiveRecord: 0.3ms)


Started GET "/session/new" for ::1 at 2022-02-08 13:49:54 -0800
Processing by SessionsController#new as HTML
  Rendering sessions/new.html.erb within layouts/application
  Rendered sessions/new.html.erb within layouts/application (0.6ms)
  [1m[36mUser Load (0.3ms)[0m  [1m[34mSELECT  "users".* FROM "users" WHERE "users"."session_token" IS NULL LIMIT $1[0m  [["LIMIT", 1]]
  ↳ app/controllers/application_controller.rb:5
Completed 200 OK in 30ms (Views: 29.2ms | ActiveRecord: 0.3ms)


Started GET "/session/new" for ::1 at 2022-02-08 13:51:15 -0800
Processing by SessionsController#new as HTML
  Rendering sessions/new.html.erb within layouts/application
  Rendered sessions/new.html.erb within layouts/application (1.0ms)
  [1m[36mUser Load (0.4ms)[0m  [1m[34mSELECT  "users".* FROM "users" WHERE "users"."session_token" IS NULL LIMIT $1[0m  [["LIMIT", 1]]
  ↳ app/controllers/application_controller.rb:5
Completed 200 OK in 38ms (Views: 36.6ms | ActiveRecord: 0.4ms)


Started GET "/session/new" for ::1 at 2022-02-08 13:51:25 -0800
Processing by SessionsController#new as HTML
  Rendering sessions/new.html.erb within layouts/application
  Rendered sessions/new.html.erb within layouts/application (0.6ms)
  [1m[36mUser Load (0.2ms)[0m  [1m[34mSELECT  "users".* FROM "users" WHERE "users"."session_token" IS NULL LIMIT $1[0m  [["LIMIT", 1]]
  ↳ app/controllers/application_controller.rb:5
Completed 200 OK in 29ms (Views: 27.7ms | ActiveRecord: 0.2ms)


Started GET "/session/new" for ::1 at 2022-02-08 13:51:48 -0800
Processing by SessionsController#new as HTML
  Rendering sessions/new.html.erb within layouts/application
  Rendered sessions/new.html.erb within layouts/application (0.9ms)
  [1m[36mUser Load (0.4ms)[0m  [1m[34mSELECT  "users".* FROM "users" WHERE "users"."session_token" IS NULL LIMIT $1[0m  [["LIMIT", 1]]
  ↳ app/controllers/application_controller.rb:5
Completed 200 OK in 35ms (Views: 33.8ms | ActiveRecord: 0.4ms)


Started GET "/session/new" for ::1 at 2022-02-08 13:52:02 -0800
Processing by SessionsController#new as HTML
  Rendering sessions/new.html.erb within layouts/application
  Rendered sessions/new.html.erb within layouts/application (1.3ms)
  [1m[36mUser Load (0.3ms)[0m  [1m[34mSELECT  "users".* FROM "users" WHERE "users"."session_token" IS NULL LIMIT $1[0m  [["LIMIT", 1]]
  ↳ app/controllers/application_controller.rb:5
Completed 200 OK in 41ms (Views: 39.9ms | ActiveRecord: 0.3ms)


Started GET "/session/new" for ::1 at 2022-02-08 13:52:16 -0800
Processing by SessionsController#new as HTML
  Rendering sessions/new.html.erb within layouts/application
  Rendered sessions/new.html.erb within layouts/application (0.7ms)
  [1m[36mUser Load (0.2ms)[0m  [1m[34mSELECT  "users".* FROM "users" WHERE "users"."session_token" IS NULL LIMIT $1[0m  [["LIMIT", 1]]
  ↳ app/controllers/application_controller.rb:5
Completed 200 OK in 34ms (Views: 33.1ms | ActiveRecord: 0.2ms)


Started GET "/session/new" for ::1 at 2022-02-08 13:52:58 -0800
Processing by SessionsController#new as HTML
  Rendering sessions/new.html.erb within layouts/application
  Rendered sessions/new.html.erb within layouts/application (0.9ms)
  [1m[36mUser Load (0.5ms)[0m  [1m[34mSELECT  "users".* FROM "users" WHERE "users"."session_token" IS NULL LIMIT $1[0m  [["LIMIT", 1]]
  ↳ app/controllers/application_controller.rb:5
Completed 200 OK in 36ms (Views: 34.4ms | ActiveRecord: 0.5ms)


Started GET "/session/new" for ::1 at 2022-02-08 13:53:05 -0800
Processing by SessionsController#new as HTML
  Rendering sessions/new.html.erb within layouts/application
  Rendered sessions/new.html.erb within layouts/application (0.6ms)
  [1m[36mUser Load (0.3ms)[0m  [1m[34mSELECT  "users".* FROM "users" WHERE "users"."session_token" IS NULL LIMIT $1[0m  [["LIMIT", 1]]
  ↳ app/controllers/application_controller.rb:5
Completed 200 OK in 28ms (Views: 27.3ms | ActiveRecord: 0.3ms)


Started GET "/session/new" for ::1 at 2022-02-08 13:53:23 -0800
Processing by SessionsController#new as HTML
  Rendering sessions/new.html.erb within layouts/application
  Rendered sessions/new.html.erb within layouts/application (0.6ms)
  [1m[36mUser Load (0.4ms)[0m  [1m[34mSELECT  "users".* FROM "users" WHERE "users"."session_token" IS NULL LIMIT $1[0m  [["LIMIT", 1]]
  ↳ app/controllers/application_controller.rb:5
Completed 200 OK in 33ms (Views: 31.3ms | ActiveRecord: 0.4ms)


Started GET "/session/new" for ::1 at 2022-02-08 13:53:31 -0800
Processing by SessionsController#new as HTML
  Rendering sessions/new.html.erb within layouts/application
  Rendered sessions/new.html.erb within layouts/application (0.6ms)
  [1m[36mUser Load (0.3ms)[0m  [1m[34mSELECT  "users".* FROM "users" WHERE "users"."session_token" IS NULL LIMIT $1[0m  [["LIMIT", 1]]
  ↳ app/controllers/application_controller.rb:5
Completed 200 OK in 32ms (Views: 31.1ms | ActiveRecord: 0.3ms)


Started GET "/session/new" for ::1 at 2022-02-08 13:53:44 -0800
Processing by SessionsController#new as HTML
  Rendering sessions/new.html.erb within layouts/application
  Rendered sessions/new.html.erb within layouts/application (0.7ms)
  [1m[36mUser Load (0.2ms)[0m  [1m[34mSELECT  "users".* FROM "users" WHERE "users"."session_token" IS NULL LIMIT $1[0m  [["LIMIT", 1]]
  ↳ app/controllers/application_controller.rb:5
Completed 200 OK in 34ms (Views: 33.3ms | ActiveRecord: 0.2ms)


Started GET "/session/new" for ::1 at 2022-02-08 13:53:59 -0800
Processing by SessionsController#new as HTML
  Rendering sessions/new.html.erb within layouts/application
  Rendered sessions/new.html.erb within layouts/application (0.7ms)
  [1m[36mUser Load (0.3ms)[0m  [1m[34mSELECT  "users".* FROM "users" WHERE "users"."session_token" IS NULL LIMIT $1[0m  [["LIMIT", 1]]
  ↳ app/controllers/application_controller.rb:5
Completed 200 OK in 33ms (Views: 31.5ms | ActiveRecord: 0.3ms)


  [1m[35m (1.0ms)[0m  [1m[34mSELECT pg_try_advisory_lock(4505726345591715405)[0m
  ↳ bin/rails:9
  [1m[35m (1.2ms)[0m  [1m[34mSELECT "schema_migrations"."version" FROM "schema_migrations" ORDER BY "schema_migrations"."version" ASC[0m
  ↳ bin/rails:9
Migrating to CreateBands (20220208215928)
  [1m[35m (0.1ms)[0m  [1m[35mBEGIN[0m
  ↳ bin/rails:9
  [1m[35m (30.6ms)[0m  [1m[35mCREATE TABLE "bands" ("id" bigserial primary key, "name" character varying NOT NULL, "created_at" timestamp NOT NULL, "updated_at" timestamp NOT NULL)[0m
  ↳ db/migrate/20220208215928_create_bands.rb:3
  [1m[36mActiveRecord::SchemaMigration Create (0.5ms)[0m  [1m[32mINSERT INTO "schema_migrations" ("version") VALUES ($1) RETURNING "version"[0m  [["version", "20220208215928"]]
  ↳ bin/rails:9
  [1m[35m (0.9ms)[0m  [1m[35mCOMMIT[0m
  ↳ bin/rails:9
  [1m[36mActiveRecord::InternalMetadata Load (0.6ms)[0m  [1m[34mSELECT  "ar_internal_metadata".* FROM "ar_internal_metadata" WHERE "ar_internal_metadata"."key" = $1 LIMIT $2[0m  [["key", "environment"], ["LIMIT", 1]]
  ↳ bin/rails:9
  [1m[35m (0.2ms)[0m  [1m[35mBEGIN[0m
  ↳ bin/rails:9
  [1m[35m (0.1ms)[0m  [1m[35mCOMMIT[0m
  ↳ bin/rails:9
  [1m[35m (0.2ms)[0m  [1m[34mSELECT pg_advisory_unlock(4505726345591715405)[0m
  ↳ bin/rails:9
  [1m[35m (0.2ms)[0m  [1m[34mSELECT "schema_migrations"."version" FROM "schema_migrations" ORDER BY "schema_migrations"."version" ASC[0m
  ↳ bin/rails:9
  [1m[35m (0.7ms)[0m  [1m[34mSELECT "schema_migrations"."version" FROM "schema_migrations" ORDER BY "schema_migrations"."version" ASC[0m
  ↳ bin/rails:9
Started GET "/users/new" for ::1 at 2022-02-08 14:15:09 -0800
  [1m[35m (1.0ms)[0m  [1m[34mSELECT "schema_migrations"."version" FROM "schema_migrations" ORDER BY "schema_migrations"."version" ASC[0m
  ↳ /Users/justinnguyen/.rbenv/versions/2.5.8/lib/ruby/gems/2.5.0/gems/activerecord-5.2.6/lib/active_record/log_subscriber.rb:98
Processing by UsersController#new as HTML
  [1m[36mUser Load (0.9ms)[0m  [1m[34mSELECT  "users".* FROM "users" WHERE "users"."session_token" IS NULL LIMIT $1[0m  [["LIMIT", 1]]
  ↳ app/controllers/application_controller.rb:5
  Rendering users/new.html.erb within layouts/application
  Rendered users/new.html.erb within layouts/application (2.2ms)
  [1m[36mCACHE User Load (0.0ms)[0m  [1m[34mSELECT  "users".* FROM "users" WHERE "users"."session_token" IS NULL LIMIT $1[0m  [["LIMIT", 1]]
  ↳ app/controllers/application_controller.rb:5
Completed 200 OK in 304ms (Views: 265.0ms | ActiveRecord: 9.6ms)


Started GET "/bands" for ::1 at 2022-02-08 14:16:05 -0800
Processing by BandsController#index as HTML
Completed 500 Internal Server Error in 11ms (ActiveRecord: 0.0ms)



ActionView::MissingTemplate - Missing template bands/index, application/index with {:locale=>[:en], :formats=>[:html], :variants=>[], :handlers=>[:raw, :erb, :html, :builder, :ruby, :coffee, :jbuilder]}. Searched in:
  * "/Users/justinnguyen/Desktop/AppAcademy/AA_Classwork/W7D2/music_app/app/views":
  app/controllers/bands_controller.rb:4:in `index'

Started POST "/__better_errors/1e8a795cfa67a99f/variables" for ::1 at 2022-02-08 14:16:06 -0800
  [1m[36mBand Load (1.3ms)[0m  [1m[34mSELECT  "bands".* FROM "bands" LIMIT $1[0m  [["LIMIT", 11]]
  ↳ /Users/justinnguyen/.rbenv/versions/2.5.8/lib/ruby/gems/2.5.0/gems/activerecord-5.2.6/lib/active_record/log_subscriber.rb:98
  [1m[36mCACHE Band Load (0.0ms)[0m  [1m[34mSELECT  "bands".* FROM "bands" LIMIT $1[0m  [["LIMIT", 11]]
  ↳ /Users/justinnguyen/.rbenv/versions/2.5.8/lib/ruby/gems/2.5.0/gems/activerecord-5.2.6/lib/active_record/log_subscriber.rb:98
Started GET "/bands" for ::1 at 2022-02-08 14:16:44 -0800
Processing by BandsController#index as HTML
Completed 406 Not Acceptable in 168ms (ActiveRecord: 0.0ms)



ActionController::UnknownFormat - BandsController#index is missing a template for this request format and variant.
request.formats: ["text/html"]
request.variant: []
NOTE! For XHR/Ajax or API requests, this action would normally respond with 204 No Content: an empty white screen. Since you're loading it in a web browser, we assume that you expected to actually render a template, not nothing, so we're showing an error to be extra-clear. If you expect 204 No Content, carry on. That's what you'll get from an XHR or API request. Give it a shot.:

Started POST "/__better_errors/eae9528daeb02443/variables" for ::1 at 2022-02-08 14:16:44 -0800
  [1m[36mBand Load (2.8ms)[0m  [1m[34mSELECT  "bands".* FROM "bands" LIMIT $1[0m  [["LIMIT", 11]]
  ↳ /Users/justinnguyen/.rbenv/versions/2.5.8/lib/ruby/gems/2.5.0/gems/activerecord-5.2.6/lib/active_record/log_subscriber.rb:98
  [1m[36mCACHE Band Load (0.0ms)[0m  [1m[34mSELECT  "bands".* FROM "bands" LIMIT $1[0m  [["LIMIT", 11]]
  ↳ /Users/justinnguyen/.rbenv/versions/2.5.8/lib/ruby/gems/2.5.0/gems/activerecord-5.2.6/lib/active_record/log_subscriber.rb:98
Started GET "/bands" for ::1 at 2022-02-08 14:17:17 -0800
Processing by BandsController#index as HTML
Completed 200 OK in 3ms (Views: 0.1ms | ActiveRecord: 0.0ms)


Started GET "/users/new" for ::1 at 2022-02-08 14:57:53 -0800
  [1m[35m (0.9ms)[0m  [1m[34mSELECT "schema_migrations"."version" FROM "schema_migrations" ORDER BY "schema_migrations"."version" ASC[0m
  ↳ /Users/justinnguyen/.rbenv/versions/2.5.8/lib/ruby/gems/2.5.0/gems/activerecord-5.2.6/lib/active_record/log_subscriber.rb:98
Processing by UsersController#new as HTML
  [1m[36mUser Load (1.2ms)[0m  [1m[34mSELECT  "users".* FROM "users" WHERE "users"."session_token" IS NULL LIMIT $1[0m  [["LIMIT", 1]]
  ↳ app/controllers/application_controller.rb:5
  Rendering users/new.html.erb within layouts/application
  Rendered users/new.html.erb within layouts/application (1.4ms)
  [1m[36mCACHE User Load (0.0ms)[0m  [1m[34mSELECT  "users".* FROM "users" WHERE "users"."session_token" IS NULL LIMIT $1[0m  [["LIMIT", 1]]
  ↳ app/controllers/application_controller.rb:5
Completed 200 OK in 196ms (Views: 169.5ms | ActiveRecord: 10.4ms)


Started GET "/bands" for ::1 at 2022-02-08 14:58:12 -0800
Processing by BandsController#index as HTML
  Rendering bands/index.html.erb within layouts/application
  [1m[36mBand Load (1.5ms)[0m  [1m[34mSELECT "bands".* FROM "bands"[0m
  ↳ app/views/bands/index.html.erb:4
  Rendered bands/index.html.erb within layouts/application (6.8ms)
  [1m[36mUser Load (0.4ms)[0m  [1m[34mSELECT  "users".* FROM "users" WHERE "users"."session_token" IS NULL LIMIT $1[0m  [["LIMIT", 1]]
  ↳ app/controllers/application_controller.rb:5
Completed 200 OK in 41ms (Views: 33.4ms | ActiveRecord: 4.9ms)


Started GET "/bands/new" for ::1 at 2022-02-08 14:58:18 -0800
Processing by BandsController#new as HTML
  Rendering bands/new.html.erb within layouts/application
  Rendered bands/new.html.erb within layouts/application (0.7ms)
  [1m[36mUser Load (0.4ms)[0m  [1m[34mSELECT  "users".* FROM "users" WHERE "users"."session_token" IS NULL LIMIT $1[0m  [["LIMIT", 1]]
  ↳ app/controllers/application_controller.rb:5
Completed 200 OK in 43ms (Views: 30.6ms | ActiveRecord: 6.8ms)


Started POST "/bands" for ::1 at 2022-02-08 14:58:26 -0800
Processing by BandsController#create as HTML
  Parameters: {"band"=>{"name"=>"Blackpink"}}
  [1m[35m (0.2ms)[0m  [1m[35mBEGIN[0m
  ↳ app/controllers/bands_controller.rb:10
  [1m[36mBand Create (1.0ms)[0m  [1m[32mINSERT INTO "bands" ("name", "created_at", "updated_at") VALUES ($1, $2, $3) RETURNING "id"[0m  [["name", "Blackpink"], ["created_at", "2022-02-08 22:58:26.552671"], ["updated_at", "2022-02-08 22:58:26.552671"]]
  ↳ app/controllers/bands_controller.rb:10
  [1m[35m (0.9ms)[0m  [1m[35mCOMMIT[0m
  ↳ app/controllers/bands_controller.rb:10
Redirected to http://localhost:3000/bands/1
Completed 302 Found in 6ms (ActiveRecord: 2.0ms)


Started GET "/bands/1" for ::1 at 2022-02-08 14:58:26 -0800
Processing by BandsController#show as HTML
  Parameters: {"id"=>"1"}
  [1m[36mBand Load (0.6ms)[0m  [1m[34mSELECT  "bands".* FROM "bands" WHERE "bands"."id" = $1 LIMIT $2[0m  [["id", 1], ["LIMIT", 1]]
  ↳ app/controllers/bands_controller.rb:29
  Rendering bands/show.html.erb within layouts/application
  Rendered bands/_band.html.erb (1.2ms)
  Rendered bands/show.html.erb within layouts/application (5.2ms)
  [1m[36mUser Load (0.4ms)[0m  [1m[34mSELECT  "users".* FROM "users" WHERE "users"."session_token" IS NULL LIMIT $1[0m  [["LIMIT", 1]]
  ↳ app/controllers/application_controller.rb:5
Completed 200 OK in 42ms (Views: 37.5ms | ActiveRecord: 0.9ms)


Started GET "/bands/1/edit" for ::1 at 2022-02-08 14:58:33 -0800
Processing by BandsController#edit as HTML
  Parameters: {"id"=>"1"}
  [1m[36mBand Load (1.9ms)[0m  [1m[34mSELECT  "bands".* FROM "bands" WHERE "bands"."id" = $1 LIMIT $2[0m  [["id", 1], ["LIMIT", 1]]
  ↳ app/controllers/bands_controller.rb:24
  Rendering bands/edit.html.erb within layouts/application
  Rendered bands/edit.html.erb within layouts/application (0.5ms)
  [1m[36mUser Load (0.3ms)[0m  [1m[34mSELECT  "users".* FROM "users" WHERE "users"."session_token" IS NULL LIMIT $1[0m  [["LIMIT", 1]]
  ↳ app/controllers/application_controller.rb:5
Completed 200 OK in 42ms (Views: 38.3ms | ActiveRecord: 2.3ms)


Started PATCH "/bands/1" for ::1 at 2022-02-08 14:58:38 -0800
Processing by BandsController#update as HTML
  Parameters: {"band"=>{"name"=>"Itzy"}, "id"=>"1"}
  [1m[36mBand Load (0.5ms)[0m  [1m[34mSELECT  "bands".* FROM "bands" WHERE "bands"."id" = $1 LIMIT $2[0m  [["id", 1], ["LIMIT", 1]]
  ↳ app/controllers/bands_controller.rb:34
  [1m[35m (0.5ms)[0m  [1m[35mBEGIN[0m
  ↳ app/controllers/bands_controller.rb:35
  [1m[36mBand Update (1.1ms)[0m  [1m[33mUPDATE "bands" SET "name" = $1, "updated_at" = $2 WHERE "bands"."id" = $3[0m  [["name", "Itzy"], ["updated_at", "2022-02-08 22:58:38.490867"], ["id", 1]]
  ↳ app/controllers/bands_controller.rb:35
  [1m[35m (2.7ms)[0m  [1m[35mCOMMIT[0m
  ↳ app/controllers/bands_controller.rb:35
Redirected to http://localhost:3000/bands/1
Completed 302 Found in 10ms (ActiveRecord: 4.9ms)


Started GET "/bands/1" for ::1 at 2022-02-08 14:58:38 -0800
Processing by BandsController#show as HTML
  Parameters: {"id"=>"1"}
  [1m[36mBand Load (0.3ms)[0m  [1m[34mSELECT  "bands".* FROM "bands" WHERE "bands"."id" = $1 LIMIT $2[0m  [["id", 1], ["LIMIT", 1]]
  ↳ app/controllers/bands_controller.rb:29
  Rendering bands/show.html.erb within layouts/application
  Rendered bands/_band.html.erb (1.2ms)
  Rendered bands/show.html.erb within layouts/application (4.0ms)
  [1m[36mUser Load (0.4ms)[0m  [1m[34mSELECT  "users".* FROM "users" WHERE "users"."session_token" IS NULL LIMIT $1[0m  [["LIMIT", 1]]
  ↳ app/controllers/application_controller.rb:5
Completed 200 OK in 47ms (Views: 45.1ms | ActiveRecord: 0.7ms)


Started DELETE "/bands/1" for ::1 at 2022-02-08 14:58:40 -0800
Processing by BandsController#destroy as HTML
  Parameters: {"id"=>"1"}
  [1m[36mBand Load (1.4ms)[0m  [1m[34mSELECT  "bands".* FROM "bands" WHERE "bands"."id" = $1 LIMIT $2[0m  [["id", 1], ["LIMIT", 1]]
  ↳ app/controllers/bands_controller.rb:43
  [1m[35m (0.4ms)[0m  [1m[35mBEGIN[0m
  ↳ app/controllers/bands_controller.rb:45
  [1m[36mBand Destroy (1.7ms)[0m  [1m[31mDELETE FROM "bands" WHERE "bands"."id" = $1[0m  [["id", 1]]
  ↳ app/controllers/bands_controller.rb:45
  [1m[35m (1.2ms)[0m  [1m[35mCOMMIT[0m
  ↳ app/controllers/bands_controller.rb:45
Redirected to http://localhost:3000/bands
Completed 302 Found in 9ms (ActiveRecord: 4.7ms)


Started GET "/bands" for ::1 at 2022-02-08 14:58:40 -0800
Processing by BandsController#index as HTML
  Rendering bands/index.html.erb within layouts/application
  [1m[36mBand Load (0.7ms)[0m  [1m[34mSELECT "bands".* FROM "bands"[0m
  ↳ app/views/bands/index.html.erb:4
  Rendered bands/index.html.erb within layouts/application (2.4ms)
  [1m[36mUser Load (0.3ms)[0m  [1m[34mSELECT  "users".* FROM "users" WHERE "users"."session_token" IS NULL LIMIT $1[0m  [["LIMIT", 1]]
  ↳ app/controllers/application_controller.rb:5
Completed 200 OK in 36ms (Views: 34.9ms | ActiveRecord: 1.0ms)


Started GET "/bands/new" for ::1 at 2022-02-08 14:58:43 -0800
Processing by BandsController#new as HTML
  Rendering bands/new.html.erb within layouts/application
  Rendered bands/new.html.erb within layouts/application (0.6ms)
  [1m[36mUser Load (0.2ms)[0m  [1m[34mSELECT  "users".* FROM "users" WHERE "users"."session_token" IS NULL LIMIT $1[0m  [["LIMIT", 1]]
  ↳ app/controllers/application_controller.rb:5
Completed 200 OK in 35ms (Views: 34.2ms | ActiveRecord: 0.2ms)


Started POST "/bands" for ::1 at 2022-02-08 14:58:47 -0800
Processing by BandsController#create as HTML
  Parameters: {"band"=>{"name"=>"Blackpink"}}
  [1m[35m (0.2ms)[0m  [1m[35mBEGIN[0m
  ↳ app/controllers/bands_controller.rb:10
  [1m[36mBand Create (0.7ms)[0m  [1m[32mINSERT INTO "bands" ("name", "created_at", "updated_at") VALUES ($1, $2, $3) RETURNING "id"[0m  [["name", "Blackpink"], ["created_at", "2022-02-08 22:58:47.219178"], ["updated_at", "2022-02-08 22:58:47.219178"]]
  ↳ app/controllers/bands_controller.rb:10
  [1m[35m (0.5ms)[0m  [1m[35mCOMMIT[0m
  ↳ app/controllers/bands_controller.rb:10
Redirected to http://localhost:3000/bands/2
Completed 302 Found in 5ms (ActiveRecord: 1.3ms)


Started GET "/bands/2" for ::1 at 2022-02-08 14:58:47 -0800
Processing by BandsController#show as HTML
  Parameters: {"id"=>"2"}
  [1m[36mBand Load (2.4ms)[0m  [1m[34mSELECT  "bands".* FROM "bands" WHERE "bands"."id" = $1 LIMIT $2[0m  [["id", 2], ["LIMIT", 1]]
  ↳ app/controllers/bands_controller.rb:29
  Rendering bands/show.html.erb within layouts/application
  Rendered bands/_band.html.erb (2.4ms)
  Rendered bands/show.html.erb within layouts/application (12.0ms)
  [1m[36mUser Load (2.8ms)[0m  [1m[34mSELECT  "users".* FROM "users" WHERE "users"."session_token" IS NULL LIMIT $1[0m  [["LIMIT", 1]]
  ↳ app/controllers/application_controller.rb:5
Completed 200 OK in 82ms (Views: 75.1ms | ActiveRecord: 5.2ms)


Started GET "/bands" for ::1 at 2022-02-08 14:58:51 -0800
Processing by BandsController#index as HTML
  Rendering bands/index.html.erb within layouts/application
  [1m[36mBand Load (0.5ms)[0m  [1m[34mSELECT "bands".* FROM "bands"[0m
  ↳ app/views/bands/index.html.erb:4
  Rendered bands/_band.html.erb (1.3ms)
  Rendered bands/index.html.erb within layouts/application (8.0ms)
  [1m[36mUser Load (0.3ms)[0m  [1m[34mSELECT  "users".* FROM "users" WHERE "users"."session_token" IS NULL LIMIT $1[0m  [["LIMIT", 1]]
  ↳ app/controllers/application_controller.rb:5
Completed 200 OK in 45ms (Views: 43.7ms | ActiveRecord: 0.8ms)


Started GET "/bands/new" for ::1 at 2022-02-08 14:58:55 -0800
Processing by BandsController#new as HTML
  Rendering bands/new.html.erb within layouts/application
  Rendered bands/new.html.erb within layouts/application (0.7ms)
  [1m[36mUser Load (0.3ms)[0m  [1m[34mSELECT  "users".* FROM "users" WHERE "users"."session_token" IS NULL LIMIT $1[0m  [["LIMIT", 1]]
  ↳ app/controllers/application_controller.rb:5
Completed 200 OK in 28ms (Views: 27.3ms | ActiveRecord: 0.3ms)


Started POST "/bands" for ::1 at 2022-02-08 14:58:57 -0800
Processing by BandsController#create as HTML
  Parameters: {"band"=>{"name"=>"Itzy"}}
  [1m[35m (0.2ms)[0m  [1m[35mBEGIN[0m
  ↳ app/controllers/bands_controller.rb:10
  [1m[36mBand Create (0.5ms)[0m  [1m[32mINSERT INTO "bands" ("name", "created_at", "updated_at") VALUES ($1, $2, $3) RETURNING "id"[0m  [["name", "Itzy"], ["created_at", "2022-02-08 22:58:57.697244"], ["updated_at", "2022-02-08 22:58:57.697244"]]
  ↳ app/controllers/bands_controller.rb:10
  [1m[35m (0.9ms)[0m  [1m[35mCOMMIT[0m
  ↳ app/controllers/bands_controller.rb:10
Redirected to http://localhost:3000/bands/3
Completed 302 Found in 5ms (ActiveRecord: 1.6ms)


Started GET "/bands/3" for ::1 at 2022-02-08 14:58:57 -0800
Processing by BandsController#show as HTML
  Parameters: {"id"=>"3"}
  [1m[36mBand Load (0.3ms)[0m  [1m[34mSELECT  "bands".* FROM "bands" WHERE "bands"."id" = $1 LIMIT $2[0m  [["id", 3], ["LIMIT", 1]]
  ↳ app/controllers/bands_controller.rb:29
  Rendering bands/show.html.erb within layouts/application
  Rendered bands/_band.html.erb (1.0ms)
  Rendered bands/show.html.erb within layouts/application (4.5ms)
  [1m[36mUser Load (0.3ms)[0m  [1m[34mSELECT  "users".* FROM "users" WHERE "users"."session_token" IS NULL LIMIT $1[0m  [["LIMIT", 1]]
  ↳ app/controllers/application_controller.rb:5
Completed 200 OK in 46ms (Views: 44.1ms | ActiveRecord: 0.5ms)


Started GET "/bands" for ::1 at 2022-02-08 14:58:59 -0800
Processing by BandsController#index as HTML
  Rendering bands/index.html.erb within layouts/application
  [1m[36mBand Load (0.3ms)[0m  [1m[34mSELECT "bands".* FROM "bands"[0m
  ↳ app/views/bands/index.html.erb:4
  Rendered bands/_band.html.erb (0.9ms)
  Rendered bands/_band.html.erb (0.5ms)
  Rendered bands/index.html.erb within layouts/application (9.1ms)
  [1m[36mUser Load (0.2ms)[0m  [1m[34mSELECT  "users".* FROM "users" WHERE "users"."session_token" IS NULL LIMIT $1[0m  [["LIMIT", 1]]
  ↳ app/controllers/application_controller.rb:5
Completed 200 OK in 39ms (Views: 37.4ms | ActiveRecord: 0.6ms)


Started GET "/bands" for ::1 at 2022-02-08 14:59:33 -0800
Processing by BandsController#index as HTML
  Rendering bands/index.html.erb within layouts/application
  [1m[36mBand Load (0.3ms)[0m  [1m[34mSELECT "bands".* FROM "bands"[0m
  ↳ app/views/bands/index.html.erb:4
  Rendered bands/_band.html.erb (1.0ms)
  Rendered bands/_band.html.erb (0.4ms)
  Rendered bands/index.html.erb within layouts/application (9.5ms)
  [1m[36mUser Load (0.3ms)[0m  [1m[34mSELECT  "users".* FROM "users" WHERE "users"."session_token" IS NULL LIMIT $1[0m  [["LIMIT", 1]]
  ↳ app/controllers/application_controller.rb:5
Completed 200 OK in 41ms (Views: 40.1ms | ActiveRecord: 0.6ms)


Started GET "/bands" for ::1 at 2022-02-08 14:59:45 -0800
Processing by BandsController#index as HTML
  Rendering bands/index.html.erb within layouts/application
  [1m[36mBand Load (0.4ms)[0m  [1m[34mSELECT "bands".* FROM "bands"[0m
  ↳ app/views/bands/index.html.erb:4
  Rendered bands/_band.html.erb (0.7ms)
  Rendered bands/_band.html.erb (0.3ms)
  Rendered bands/index.html.erb within layouts/application (11.0ms)
  [1m[36mUser Load (0.3ms)[0m  [1m[34mSELECT  "users".* FROM "users" WHERE "users"."session_token" IS NULL LIMIT $1[0m  [["LIMIT", 1]]
  ↳ app/controllers/application_controller.rb:5
Completed 200 OK in 54ms (Views: 52.5ms | ActiveRecord: 0.7ms)


Started GET "/bands" for ::1 at 2022-02-08 15:00:21 -0800
Processing by BandsController#index as HTML
  Rendering bands/index.html.erb within layouts/application
  [1m[36mBand Load (0.4ms)[0m  [1m[34mSELECT "bands".* FROM "bands"[0m
  ↳ app/views/bands/index.html.erb:4
  Rendered bands/_band.html.erb (1.5ms)
  Rendered bands/_band.html.erb (0.3ms)
  Rendered bands/index.html.erb within layouts/application (14.0ms)
  [1m[36mUser Load (0.3ms)[0m  [1m[34mSELECT  "users".* FROM "users" WHERE "users"."session_token" IS NULL LIMIT $1[0m  [["LIMIT", 1]]
  ↳ app/controllers/application_controller.rb:5
Completed 200 OK in 54ms (Views: 50.6ms | ActiveRecord: 0.7ms)


Started GET "/bands" for ::1 at 2022-02-08 15:00:36 -0800
Processing by BandsController#index as HTML
  Rendering bands/index.html.erb within layouts/application
  [1m[36mBand Load (0.4ms)[0m  [1m[34mSELECT "bands".* FROM "bands"[0m
  ↳ app/views/bands/index.html.erb:4
  Rendered bands/_band.html.erb (0.7ms)
  Rendered bands/_band.html.erb (0.4ms)
  Rendered bands/index.html.erb within layouts/application (8.4ms)
  [1m[36mUser Load (0.3ms)[0m  [1m[34mSELECT  "users".* FROM "users" WHERE "users"."session_token" IS NULL LIMIT $1[0m  [["LIMIT", 1]]
  ↳ app/controllers/application_controller.rb:5
Completed 200 OK in 38ms (Views: 36.6ms | ActiveRecord: 0.6ms)


Started GET "/bands" for ::1 at 2022-02-08 15:03:41 -0800
Processing by BandsController#index as HTML
  Rendering bands/index.html.erb within layouts/application
  [1m[36mBand Load (0.5ms)[0m  [1m[34mSELECT "bands".* FROM "bands"[0m
  ↳ app/views/bands/index.html.erb:4
  Rendered bands/_band.html.erb (1.0ms)
  Rendered bands/_band.html.erb (0.6ms)
  Rendered bands/index.html.erb within layouts/application (12.8ms)
  [1m[36mUser Load (0.3ms)[0m  [1m[34mSELECT  "users".* FROM "users" WHERE "users"."session_token" IS NULL LIMIT $1[0m  [["LIMIT", 1]]
  ↳ app/controllers/application_controller.rb:5
Completed 200 OK in 59ms (Views: 57.5ms | ActiveRecord: 0.9ms)


Started GET "/bands/new" for ::1 at 2022-02-08 15:03:45 -0800
Processing by BandsController#new as HTML
  Rendering bands/new.html.erb within layouts/application
  Rendered bands/new.html.erb within layouts/application (1.4ms)
  [1m[36mUser Load (0.4ms)[0m  [1m[34mSELECT  "users".* FROM "users" WHERE "users"."session_token" IS NULL LIMIT $1[0m  [["LIMIT", 1]]
  ↳ app/controllers/application_controller.rb:5
Completed 200 OK in 33ms (Views: 32.0ms | ActiveRecord: 0.4ms)


Started POST "/bands" for ::1 at 2022-02-08 15:03:49 -0800
Processing by BandsController#create as HTML
  Parameters: {"authenticity_token"=>"npvrnB8ONmqkEQgbbMB1gVSIDPxM2ILOr7CihSbhA5wnzI3jP3bWLOONNDGUt+ASNSg5mGgpK+Qsm/F1/vfFlQ==", "band"=>{"name"=>"nmixx"}}
  [1m[35m (0.1ms)[0m  [1m[35mBEGIN[0m
  ↳ app/controllers/bands_controller.rb:10
  [1m[36mBand Create (0.6ms)[0m  [1m[32mINSERT INTO "bands" ("name", "created_at", "updated_at") VALUES ($1, $2, $3) RETURNING "id"[0m  [["name", "nmixx"], ["created_at", "2022-02-08 23:03:49.771734"], ["updated_at", "2022-02-08 23:03:49.771734"]]
  ↳ app/controllers/bands_controller.rb:10
  [1m[35m (2.8ms)[0m  [1m[35mCOMMIT[0m
  ↳ app/controllers/bands_controller.rb:10
Redirected to http://localhost:3000/bands/4
Completed 302 Found in 8ms (ActiveRecord: 3.5ms)


Started GET "/bands/4" for ::1 at 2022-02-08 15:03:49 -0800
Processing by BandsController#show as HTML
  Parameters: {"id"=>"4"}
  [1m[36mBand Load (0.5ms)[0m  [1m[34mSELECT  "bands".* FROM "bands" WHERE "bands"."id" = $1 LIMIT $2[0m  [["id", 4], ["LIMIT", 1]]
  ↳ app/controllers/bands_controller.rb:29
  Rendering bands/show.html.erb within layouts/application
  Rendered bands/_band.html.erb (1.1ms)
  Rendered bands/show.html.erb within layouts/application (4.6ms)
  [1m[36mUser Load (0.3ms)[0m  [1m[34mSELECT  "users".* FROM "users" WHERE "users"."session_token" IS NULL LIMIT $1[0m  [["LIMIT", 1]]
  ↳ app/controllers/application_controller.rb:5
Completed 200 OK in 39ms (Views: 36.7ms | ActiveRecord: 0.8ms)


Started GET "/bands" for ::1 at 2022-02-08 15:03:53 -0800
Processing by BandsController#index as HTML
  Rendering bands/index.html.erb within layouts/application
  [1m[36mBand Load (0.4ms)[0m  [1m[34mSELECT "bands".* FROM "bands"[0m
  ↳ app/views/bands/index.html.erb:4
  Rendered bands/_band.html.erb (0.8ms)
  Rendered bands/_band.html.erb (0.3ms)
  Rendered bands/_band.html.erb (0.5ms)
  Rendered bands/index.html.erb within layouts/application (14.2ms)
  [1m[36mUser Load (0.3ms)[0m  [1m[34mSELECT  "users".* FROM "users" WHERE "users"."session_token" IS NULL LIMIT $1[0m  [["LIMIT", 1]]
  ↳ app/controllers/application_controller.rb:5
Completed 200 OK in 48ms (Views: 47.2ms | ActiveRecord: 0.7ms)


